21:13:58 [INFO] ============================================================
21:13:58 [INFO]   ARCore Server Compatibility Check
21:13:58 [INFO] ============================================================
21:13:58 [INFO]   ✓  mediapipe              0.10.32
21:13:58 [INFO]   ✓  opencv                 4.11.0
21:13:58 [INFO]   ✓  numpy                  2.4.2
21:13:58 [INFO]   ✓  network_port           port 9999 likely available
21:13:58 [INFO] ------------------------------------------------------------
21:13:58 [INFO]   Unity ARCore requirements (verify in Editor):
21:13:58 [INFO]     XR Plug-in Management → Android → ARCore: ✓ checked
21:13:58 [INFO]     AR Foundation + ARCore XR Plugin: same major version
21:13:58 [INFO]     ARPlaneManager Detection Mode: Horizontal only
21:13:58 [INFO]     Scripting Backend: IL2CPP   Architecture: ARM64
21:13:58 [INFO]     Camera.clearFlags: Solid Color (not Skybox)
21:13:58 [INFO]     AR Camera tag: MainCamera
21:13:58 [INFO]     GuardianSystem Inspector: 3 AR refs assigned
21:13:58 [INFO] ------------------------------------------------------------
21:13:58 [INFO]   All Python checks PASSED ✓
21:13:58 [INFO] ============================================================
21:13:58 [INFO] [INIT] Loading hand tracker...
21:13:58 [INFO] [HANDS] Loading MediaPipe Hands (Tasks API)...
21:13:58 [INFO] [HANDS] ✓ Hand tracker ready (Tasks API v0.10.32)
21:13:58 [INFO] [INIT] ✓ Hand tracker ready
21:13:58 [INFO] [INIT] All modules ready.
21:13:58 [INFO] [NETWORK] Listening on 0.0.0.0:9999
21:13:58 [INFO] ============================================================
21:13:58 [INFO] READY - waiting for mobile connection...
21:13:58 [INFO] ============================================================
21:53:32 [INFO] [NETWORK] Connected: ('192.168.1.4', 60944)
21:53:32 [INFO] [SYSTEM] Connected — running
21:53:33 [INFO] [INIT] MediaPipe input size: (160, 160, 3) (should be 160×160×3)
21:53:35 [INFO] [STATS] #  30 | FPS:  0.0 |  83.9ms | Hands:0 
21:53:39 [INFO] [STATS] #  61 | FPS: 10.1 |  33.8ms | Hands:0 
21:53:42 [INFO] [STATS] #  92 | FPS: 10.2 |  31.3ms | Hands:0 
21:53:45 [INFO] [STATS] # 122 | FPS:  9.8 |  37.9ms | Hands:0 
21:53:48 [INFO] [STATS] # 151 | FPS:  9.3 |  36.2ms | Hands:0 
21:53:51 [INFO] [STATS] # 181 | FPS:  9.8 |  35.6ms | Hands:0 
21:53:54 [INFO] [STATS] # 205 | FPS:  8.4 |  30.0ms | Hands:0 
21:53:57 [INFO] [STATS] # 229 | FPS:  8.2 |  34.3ms | Hands:1 POINTING
21:54:00 [INFO] [STATS] # 258 | FPS:  9.7 |  46.7ms | Hands:0 
21:54:03 [INFO] [STATS] # 287 | FPS:  9.2 |  39.9ms | Hands:0 
21:54:05 [INFO] [GESTURE] idx_ext=True(2.05) mid_curl=True(0.86) ring_curl=True(0.74) pink_curl=True(0.46)
21:54:06 [INFO] [STATS] # 312 | FPS:  8.5 |  46.9ms | Hands:1 POINTING
21:54:09 [INFO] [STATS] # 341 | FPS:  9.0 |  39.5ms | Hands:0 
21:54:12 [INFO] [STATS] # 371 | FPS:  9.6 |  36.9ms | Hands:0 
21:54:15 [INFO] [STATS] # 398 | FPS:  8.9 |  32.0ms | Hands:0 
21:54:18 [INFO] [STATS] # 429 | FPS: 10.1 |  30.3ms | Hands:0 
21:54:21 [INFO] [STATS] # 459 | FPS:  9.8 |  32.2ms | Hands:0 
21:54:24 [INFO] [STATS] # 489 | FPS: 10.0 |  30.0ms | Hands:0 
21:54:27 [INFO] [STATS] # 520 | FPS: 10.1 |  34.1ms | Hands:0 
21:54:30 [INFO] [STATS] # 551 | FPS: 10.0 |  28.6ms | Hands:0 
21:54:34 [INFO] [STATS] # 583 | FPS: 10.3 |  28.7ms | Hands:0 
21:54:37 [INFO] [STATS] # 614 | FPS: 10.1 |  31.3ms | Hands:0 
21:54:40 [INFO] [STATS] # 645 | FPS: 10.2 |  31.4ms | Hands:0 
21:54:43 [INFO] [STATS] # 676 | FPS: 10.3 |  28.6ms | Hands:0 
21:54:46 [INFO] [STATS] # 708 | FPS: 10.4 |  28.3ms | Hands:0 
21:54:49 [INFO] [STATS] # 738 | FPS:  9.9 |  30.1ms | Hands:0 
21:54:52 [INFO] [STATS] # 767 | FPS:  9.8 |  29.0ms | Hands:0 
21:54:55 [INFO] [STATS] # 798 | FPS: 10.3 |  30.8ms | Hands:0 
21:54:58 [INFO] [STATS] # 824 | FPS:  8.8 |  28.7ms | Hands:0 
21:55:01 [INFO] [STATS] # 848 | FPS:  7.8 |  28.4ms | Hands:0 
21:55:05 [INFO] [STATS] # 870 | FPS:  7.1 |  28.5ms | Hands:0 
21:55:08 [INFO] [STATS] # 894 | FPS:  7.4 |  29.6ms | Hands:0 
21:55:11 [INFO] [STATS] # 921 | FPS:  8.0 |  31.0ms | Hands:0 
21:55:14 [INFO] [STATS] # 950 | FPS:  9.2 |  29.6ms | Hands:0 
21:55:17 [INFO] [STATS] # 980 | FPS: 10.0 |  27.8ms | Hands:0 
21:55:19 [ERROR] [NETWORK] Receive error: [WinError 10054] An existing connection was forcibly closed by the remote host
21:55:19 [WARNING] [NET] Connection lost.
21:55:19 [INFO] [SERVER] Reconnecting in 1s...
21:55:20 [INFO] [NETWORK] Listening on 0.0.0.0:9999
21:55:20 [INFO] ============================================================
21:55:20 [INFO] READY - waiting for mobile connection...
21:55:20 [INFO] ============================================================
21:55:27 [INFO] [NETWORK] Connected: ('192.168.1.4', 41960)
21:55:27 [INFO] [SYSTEM] Connected — running
21:55:28 [INFO] [INIT] MediaPipe input size: (160, 160, 3) (should be 160×160×3)
21:55:30 [INFO] [STATS] #  21 | FPS:  2.4 |  26.8ms | Hands:0 
21:55:33 [INFO] [STATS] #  49 | FPS:  9.0 |  26.9ms | Hands:0 
21:55:36 [INFO] [STATS] #  78 | FPS:  9.4 |  26.1ms | Hands:0 
21:55:39 [INFO] [STATS] # 109 | FPS: 10.2 |  29.4ms | Hands:0 
21:55:42 [INFO] [STATS] # 138 | FPS:  9.5 |  29.9ms | Hands:0 
21:55:43 [INFO] [DEBUG] Saved proof frame: frame_00150.jpg tip=(0.457,0.516,0.1154)
21:55:45 [INFO] [GESTURE] idx_ext=True(1.97) mid_curl=True(1.61) ring_curl=True(1.43) pink_curl=True(1.53)
21:55:45 [INFO] [STATS] # 168 | FPS:  9.9 |  49.7ms | Hands:1 POINTING
21:55:46 [INFO] [DEBUG] Saved proof frame: frame_00180.jpg tip=(0.439,0.525,0.0216)
21:55:48 [INFO] [STATS] # 197 | FPS:  9.7 |  45.1ms | Hands:0 
21:55:51 [INFO] [STATS] # 225 | FPS:  9.6 |  29.6ms | Hands:0 
21:55:54 [INFO] [STATS] # 256 | FPS: 10.1 |  34.9ms | Hands:0 
21:55:57 [INFO] [STATS] # 286 | FPS: 10.0 |  33.0ms | Hands:0 
21:56:01 [INFO] [STATS] # 316 | FPS:  9.7 |  40.3ms | Hands:0 
21:56:04 [INFO] [STATS] # 346 | FPS: 10.1 |  29.9ms | Hands:0 
21:56:07 [INFO] [STATS] # 377 | FPS: 10.3 |  30.2ms | Hands:0 
21:56:10 [INFO] [STATS] # 408 | FPS: 10.2 |  29.7ms | Hands:0 
21:56:13 [INFO] [STATS] # 439 | FPS: 10.2 |  28.6ms | Hands:0 
21:56:16 [INFO] [STATS] # 470 | FPS: 10.2 |  27.5ms | Hands:0 
21:56:19 [INFO] [STATS] # 501 | FPS: 10.1 |  32.1ms | Hands:0 
21:56:22 [INFO] [STATS] # 531 | FPS:  9.9 |  28.9ms | Hands:0 
21:56:25 [INFO] [STATS] # 562 | FPS: 10.1 |  35.0ms | Hands:0 
21:56:28 [INFO] [STATS] # 593 | FPS: 10.0 |  30.3ms | Hands:0 
21:56:31 [INFO] [STATS] # 624 | FPS: 10.1 |  25.8ms | Hands:0 
21:56:34 [INFO] [STATS] # 654 | FPS: 10.0 |   9.7ms | Hands:0 
21:56:37 [INFO] [STATS] # 685 | FPS: 10.1 |  10.1ms | Hands:0 
21:56:40 [INFO] [STATS] # 716 | FPS: 10.0 |   9.8ms | Hands:0 
21:56:43 [INFO] [STATS] # 747 | FPS: 10.1 |  10.0ms | Hands:0 
21:56:46 [INFO] [STATS] # 778 | FPS: 10.1 |  10.1ms | Hands:0 
21:56:49 [INFO] [STATS] # 809 | FPS: 10.0 |   9.6ms | Hands:0 
21:56:52 [INFO] [SERVER] Stopped.
