13:22:31 [INFO] ============================================================
13:22:31 [INFO]   ARCore Server Compatibility Check
13:22:31 [INFO] ============================================================
13:22:31 [INFO]   ✓  mediapipe              0.10.32
13:22:31 [INFO]   ✓  opencv                 4.11.0
13:22:31 [INFO]   ✓  numpy                  2.4.2
13:22:31 [INFO]   ✓  network_port           port 9999 likely available
13:22:31 [INFO] ------------------------------------------------------------
13:22:31 [INFO]   Unity ARCore requirements (verify in Editor):
13:22:31 [INFO]     XR Plug-in Management → Android → ARCore: ✓ checked
13:22:31 [INFO]     AR Foundation + ARCore XR Plugin: same major version
13:22:31 [INFO]     ARPlaneManager Detection Mode: Horizontal only
13:22:31 [INFO]     Scripting Backend: IL2CPP   Architecture: ARM64
13:22:31 [INFO]     Camera.clearFlags: Solid Color (not Skybox)
13:22:31 [INFO]     AR Camera tag: MainCamera
13:22:31 [INFO]     GuardianSystem Inspector: 3 AR refs assigned
13:22:31 [INFO] ------------------------------------------------------------
13:22:31 [INFO]   All Python checks PASSED ✓
13:22:31 [INFO] ============================================================
13:22:31 [INFO] [INIT] Loading hand tracker...
13:22:31 [INFO] [HANDS] Loading MediaPipe Hands (Tasks API)...
13:22:32 [INFO] [HANDS] ✓ Hand tracker ready (Tasks API v0.10.32)
13:22:32 [INFO] [INIT] ✓ Hand tracker ready
13:22:32 [INFO] [INIT] All modules ready.
13:22:32 [INFO] [NETWORK] Listening on 0.0.0.0:9999
13:22:32 [INFO] ============================================================
13:22:32 [INFO] READY - waiting for mobile connection...
13:22:32 [INFO] ============================================================
13:29:43 [INFO] [NETWORK] Connected: ('192.168.1.4', 44054)
13:29:43 [INFO] [SYSTEM] Connected — running
13:29:43 [INFO] [INIT] MediaPipe input size: (160, 160, 3) (should be 160×160×3)
13:29:46 [INFO] [STATS] #  28 | FPS:  0.1 |  16.3ms | Hands:0 
13:29:49 [INFO] [STATS] #  58 | FPS: 10.0 |  11.9ms | Hands:0 
13:29:52 [INFO] [STATS] #  86 | FPS:  9.0 |  14.4ms | Hands:0 
13:29:55 [INFO] [STATS] # 117 | FPS: 10.1 |  15.1ms | Hands:0 
13:29:58 [INFO] [STATS] # 145 | FPS:  9.6 |  10.2ms | Hands:0 
13:30:01 [INFO] [STATS] # 175 | FPS:  9.0 |  13.2ms | Hands:0 
13:30:04 [INFO] [STATS] # 206 | FPS: 10.2 |  16.3ms | Hands:0 
13:30:07 [INFO] [STATS] # 236 | FPS:  9.8 |  16.6ms | Hands:0 
13:30:10 [INFO] [STATS] # 267 | FPS: 10.1 |  14.6ms | Hands:0 
13:30:13 [INFO] [STATS] # 297 | FPS:  9.9 |  14.9ms | Hands:0 
13:30:16 [INFO] [STATS] # 326 | FPS:  9.6 |  11.3ms | Hands:0 
13:30:19 [INFO] [STATS] # 356 | FPS: 10.0 |  16.1ms | Hands:1 POINTING
13:30:20 [INFO] [DEBUG] Saved proof frame: frame_00360.jpg tip=(0.253,0.555,-0.0661)
13:30:22 [INFO] [GESTURE] idx_ext=True(1.95) mid_curl=True(0.92) ring_curl=True(0.98) pink_curl=True(1.27)
13:30:22 [INFO] [STATS] # 385 | FPS:  9.7 |  21.7ms | Hands:1 POINTING
13:30:25 [INFO] [STATS] # 414 | FPS:  9.5 |  16.9ms | Hands:1 POINTING
13:30:26 [INFO] [GESTURE] idx_ext=True(2.03) mid_curl=True(1.52) ring_curl=True(1.49) pink_curl=True(1.52)
13:30:26 [INFO] [DEBUG] Saved proof frame: frame_00420.jpg tip=(0.521,0.678,-0.0034)
13:30:28 [INFO] [STATS] # 443 | FPS:  9.7 |  16.7ms | Hands:1 POINTING
13:30:29 [INFO] [GESTURE] idx_ext=True(2.27) mid_curl=True(1.03) ring_curl=True(1.07) pink_curl=True(1.13)
13:30:29 [INFO] [DEBUG] Saved proof frame: frame_00450.jpg tip=(0.562,0.617,-0.0437)
13:30:31 [INFO] [STATS] # 474 | FPS: 10.0 |  17.3ms | Hands:0 
13:30:32 [INFO] [GESTURE] idx_ext=True(2.15) mid_curl=True(0.87) ring_curl=True(1.13) pink_curl=True(1.24)
13:30:32 [INFO] [DEBUG] Saved proof frame: frame_00480.jpg tip=(0.339,0.716,0.0124)
13:30:35 [INFO] [STATS] # 503 | FPS:  9.5 |  20.0ms | Hands:1 POINTING
13:30:35 [INFO] [DEBUG] Saved proof frame: frame_00510.jpg tip=(0.609,0.379,-0.0071)
13:30:37 [INFO] [GESTURE] idx_ext=True(2.09) mid_curl=True(1.76) ring_curl=True(1.73) pink_curl=True(1.91)
13:30:38 [INFO] [STATS] # 535 | FPS: 10.4 |  16.9ms | Hands:1 POINTING
13:30:40 [INFO] [GESTURE] idx_ext=True(2.03) mid_curl=True(1.83) ring_curl=True(0.43) pink_curl=True(0.52)
13:30:41 [INFO] [STATS] # 564 | FPS:  9.5 |  18.1ms | Hands:1 POINTING
13:30:41 [INFO] [DEBUG] Saved proof frame: frame_00570.jpg tip=(0.377,0.659,0.0348)
13:30:44 [INFO] [GESTURE] idx_ext=True(2.21) mid_curl=True(1.82) ring_curl=True(1.59) pink_curl=True(1.55)
13:30:44 [INFO] [STATS] # 593 | FPS:  9.7 |  16.7ms | Hands:1 POINTING
13:30:44 [INFO] [DEBUG] Saved proof frame: frame_00600.jpg tip=(0.473,0.280,0.0001)
13:30:47 [INFO] [STATS] # 623 | FPS:  9.7 |  19.7ms | Hands:0 
13:30:50 [INFO] [STATS] # 653 | FPS: 10.1 |  17.8ms | Hands:0 
13:30:53 [INFO] [STATS] # 684 | FPS: 10.0 |  11.5ms | Hands:0 
13:30:56 [INFO] [STATS] # 714 | FPS:  9.9 |  11.8ms | Hands:0 
13:30:59 [INFO] [STATS] # 744 | FPS: 10.2 |   9.6ms | Hands:0 
13:31:02 [INFO] [STATS] # 775 | FPS: 10.1 |   9.3ms | Hands:0 
13:31:05 [INFO] [STATS] # 806 | FPS: 10.0 |  10.5ms | Hands:0 
13:31:08 [INFO] [STATS] # 836 | FPS:  9.9 |  33.5ms | Hands:0 
13:31:11 [INFO] [STATS] # 867 | FPS: 10.1 |  31.9ms | Hands:0 
13:31:14 [INFO] [STATS] # 897 | FPS: 10.0 |  36.9ms | Hands:0 
13:31:17 [INFO] [STATS] # 928 | FPS: 10.0 |  33.8ms | Hands:0 
13:31:20 [INFO] [STATS] # 959 | FPS: 10.1 |  37.8ms | Hands:0 
13:31:24 [INFO] [STATS] # 990 | FPS: 10.0 |  34.3ms | Hands:0 
13:31:27 [INFO] [STATS] #1021 | FPS: 10.1 |  34.6ms | Hands:0 
13:31:30 [INFO] [STATS] #1051 | FPS:  9.9 |  39.3ms | Hands:0 
13:31:33 [INFO] [STATS] #1082 | FPS: 10.1 |  35.7ms | Hands:0 
13:31:36 [INFO] [STATS] #1113 | FPS: 10.0 |  40.2ms | Hands:0 
13:31:39 [INFO] [STATS] #1143 | FPS: 10.0 |  39.0ms | Hands:0 
13:31:42 [INFO] [STATS] #1174 | FPS: 10.2 |  40.6ms | Hands:0 
13:31:45 [INFO] [STATS] #1204 | FPS:  9.8 |  42.5ms | Hands:0 
13:31:48 [INFO] [STATS] #1235 | FPS: 10.2 |  38.4ms | Hands:0 
13:31:51 [INFO] [STATS] #1266 | FPS: 10.1 |  38.0ms | Hands:0 
13:31:54 [INFO] [STATS] #1296 | FPS:  9.8 |  38.7ms | Hands:0 
13:31:57 [INFO] [STATS] #1327 | FPS: 10.0 |  34.6ms | Hands:0 
13:32:00 [INFO] [STATS] #1357 | FPS: 10.0 |  43.2ms | Hands:0 
13:32:03 [INFO] [STATS] #1387 | FPS:  9.9 |  42.9ms | Hands:0 
13:32:06 [INFO] [STATS] #1418 | FPS: 10.1 |  37.6ms | Hands:0 
13:32:09 [INFO] [STATS] #1448 | FPS:  9.9 |  43.6ms | Hands:0 
13:32:12 [INFO] [STATS] #1478 | FPS: 10.0 |  38.5ms | Hands:0 
13:32:21 [ERROR] [NETWORK] Receive error: [WinError 10054] An existing connection was forcibly closed by the remote host
13:32:21 [WARNING] [NET] Connection lost.
13:32:21 [INFO] [SERVER] Reconnecting in 1s...
13:32:22 [INFO] [NETWORK] Listening on 0.0.0.0:9999
13:32:22 [INFO] ============================================================
13:32:22 [INFO] READY - waiting for mobile connection...
13:32:22 [INFO] ============================================================
