19:13:37 [INFO] ============================================================
19:13:37 [INFO]   ARCore Server Compatibility Check
19:13:37 [INFO] ============================================================
19:13:37 [INFO]   ✓  mediapipe              0.10.32
19:13:37 [INFO]   ✓  opencv                 4.11.0
19:13:37 [INFO]   ✓  numpy                  2.4.2
19:13:37 [INFO]   ✓  network_port           port 9999 available
19:13:37 [INFO] ------------------------------------------------------------
19:13:37 [INFO]   Unity ARCore requirements (verify in Editor):
19:13:37 [INFO]     XR Plug-in Management → Android → ARCore: ✓ checked
19:13:37 [INFO]     AR Foundation + ARCore XR Plugin: same major version
19:13:37 [INFO]     ARPlaneManager Detection Mode: Horizontal only
19:13:37 [INFO]     Scripting Backend: IL2CPP   Architecture: ARM64
19:13:37 [INFO]     Camera.clearFlags: Solid Color (not Skybox)
19:13:37 [INFO]     AR Camera tag: MainCamera
19:13:37 [INFO]     GuardianSystem Inspector: 3 AR refs assigned
19:13:37 [INFO] ------------------------------------------------------------
19:13:37 [INFO]   All Python checks PASSED ✓
19:13:37 [INFO] ============================================================
19:13:37 [INFO] [INIT] Loading hand tracker...
19:13:37 [INFO] [HANDS] Loading MediaPipe Hands (Tasks API)...
19:13:37 [INFO] [HANDS] ✓ Hand tracker ready (Tasks API v0.10.32)
19:13:37 [INFO] [INIT] ✓ Hand tracker ready
19:13:37 [INFO] [INIT] Loading pose tracker...
19:13:37 [INFO] [POSE] Loading MediaPipe Pose (Tasks API)...
19:13:37 [INFO] [POSE] ✓ Pose tracking ready (Tasks API v0.10.32)
19:13:37 [INFO] [INIT] ✓ Pose tracker ready
19:13:37 [INFO] [INIT] All modules ready.
19:13:37 [INFO] [NETWORK] Listening on 0.0.0.0:9999
19:13:37 [INFO] ============================================================
19:13:37 [INFO] READY - waiting for mobile connection...
19:13:37 [INFO] ============================================================
19:16:13 [INFO] [NETWORK] Connected: ('192.168.1.6', 54574)
19:16:13 [INFO] [SYSTEM] Connected — running
19:16:14 [INFO] [INIT] MediaPipe input size: (160, 160, 3) (should be 160×160×3)
19:16:16 [INFO] [STATS] #  16 | FPS:  0.1 |  19.6ms | Hands:0  | Pose:-- FloorHint:--
19:16:19 [INFO] [STATS] #  38 | FPS:  7.5 |  16.1ms | Hands:0  | Pose:-- FloorHint:--
19:16:22 [INFO] [STATS] #  62 | FPS:  7.5 |  22.0ms | Hands:0  | Pose:-- FloorHint:--
19:16:25 [INFO] [STATS] #  85 | FPS:  7.5 |  20.7ms | Hands:0  | Pose:-- FloorHint:--
19:16:28 [INFO] [STATS] # 107 | FPS:  7.5 |  17.9ms | Hands:0  | Pose:-- FloorHint:--
19:16:31 [INFO] [STATS] # 128 | FPS:  6.8 |  16.6ms | Hands:0  | Pose:-- FloorHint:--
19:16:34 [INFO] [STATS] # 151 | FPS:  7.2 |  20.0ms | Hands:0  | Pose:-- FloorHint:--
19:16:37 [INFO] [STATS] # 174 | FPS:  7.5 |  37.0ms | Hands:0  | Pose:-- FloorHint:--
19:16:40 [INFO] [STATS] # 196 | FPS:  7.4 |  31.9ms | Hands:0  | Pose:-- FloorHint:--
19:16:43 [INFO] [STATS] # 219 | FPS:  7.5 |  20.6ms | Hands:0  | Pose:-- FloorHint:--
19:16:46 [INFO] [STATS] # 242 | FPS:  7.4 |  16.5ms | Hands:0  | Pose:-- FloorHint:--
19:16:50 [INFO] [STATS] # 265 | FPS:  7.6 |  23.5ms | Hands:0  | Pose:-- FloorHint:--
19:16:53 [INFO] [STATS] # 287 | FPS:  7.6 |  24.2ms | Hands:0  | Pose:-- FloorHint:--
19:16:56 [INFO] [STATS] # 310 | FPS:  7.4 |  22.1ms | Hands:0  | Pose:-- FloorHint:--
19:16:58 [INFO] [DEBUG] Saved frame: frame_00330.jpg tip=(0.379,0.497,-0.0008) floor_hint=None
19:16:59 [INFO] [STATS] # 333 | FPS:  7.5 |  26.6ms | Hands:1 POINTING | Pose:-- FloorHint:--
19:17:02 [INFO] [STATS] # 356 | FPS:  7.5 |  29.8ms | Hands:0  | Pose:-- FloorHint:--
19:17:05 [INFO] [STATS] # 379 | FPS:  7.4 |  21.6ms | Hands:1 POINTING | Pose:-- FloorHint:--
19:17:08 [INFO] [STATS] # 399 | FPS:  7.1 |  27.1ms | Hands:0  | Pose:-- FloorHint:--
19:17:08 [INFO] [GESTURE] idx_ext=False(1.49) mid_curl=True(1.48) ring_curl=True(1.53) pink_curl=True(1.51)
19:17:11 [INFO] [STATS] # 420 | FPS:  6.6 |  27.1ms | Hands:0  | Pose:OK FloorHint:--
19:17:14 [INFO] [STATS] # 442 | FPS:  7.0 |  24.2ms | Hands:0  | Pose:OK FloorHint:--
19:17:17 [INFO] [STATS] # 465 | FPS:  7.4 |  16.8ms | Hands:0  | Pose:OK FloorHint:--
19:17:20 [INFO] [STATS] # 488 | FPS:  7.5 |  16.7ms | Hands:0  | Pose:OK FloorHint:--
19:17:23 [INFO] [SERVER] Stopped.
