15:36:16 [INFO] ============================================================
15:36:16 [INFO]   ARCore Server Compatibility Check
15:36:16 [INFO] ============================================================
15:36:16 [INFO]   ✓  mediapipe              0.10.32
15:36:16 [INFO]   ✓  opencv                 4.11.0
15:36:16 [INFO]   ✓  numpy                  2.4.2
15:36:16 [INFO]   ✓  network_port           port 9999 available
15:36:16 [INFO] ------------------------------------------------------------
15:36:16 [INFO]   Unity ARCore requirements (verify in Editor):
15:36:16 [INFO]     XR Plug-in Management → Android → ARCore: ✓ checked
15:36:16 [INFO]     AR Foundation + ARCore XR Plugin: same major version
15:36:16 [INFO]     ARPlaneManager Detection Mode: Horizontal only
15:36:16 [INFO]     Scripting Backend: IL2CPP   Architecture: ARM64
15:36:16 [INFO]     Camera.clearFlags: Solid Color (not Skybox)
15:36:16 [INFO]     AR Camera tag: MainCamera
15:36:16 [INFO]     GuardianSystem Inspector: 3 AR refs assigned
15:36:16 [INFO] ------------------------------------------------------------
15:36:16 [INFO]   All Python checks PASSED ✓
15:36:16 [INFO] ============================================================
15:36:16 [INFO] [INIT] Loading hand tracker...
15:36:16 [INFO] [HANDS] Loading MediaPipe Hands (Tasks API)...
15:36:16 [INFO] [HANDS] ✓ Hand tracker ready (Tasks API v0.10.32)
15:36:16 [INFO] [INIT] ✓ Hand tracker ready
15:36:16 [INFO] [INIT] Loading pose tracker...
15:36:16 [INFO] [POSE] Loading MediaPipe Pose (Tasks API)...
15:36:16 [INFO] [POSE] ✓ Pose tracking ready (Tasks API v0.10.32)
15:36:16 [INFO] [INIT] ✓ Pose tracker ready
15:36:16 [INFO] [INIT] All modules ready.
15:36:16 [INFO] [NETWORK] Listening on 0.0.0.0:9999
15:36:16 [INFO] ============================================================
15:36:16 [INFO] READY - waiting for mobile connection...
15:36:16 [INFO] ============================================================
15:36:57 [INFO] [NETWORK] Connected: ('192.168.100.13', 54438)
15:36:57 [INFO] [SYSTEM] Connected — running
15:36:58 [INFO] [INIT] MediaPipe input size: (160, 160, 3) (should be 160×160×3)
15:37:00 [INFO] [STATS] #  24 | FPS:  0.5 |  44.6ms | Hands:0  | Pose:-- FloorHint:--
15:37:03 [INFO] [STATS] #  52 | FPS:  9.4 |  40.4ms | Hands:0  | Pose:-- FloorHint:--
15:37:06 [INFO] [STATS] #  80 | FPS:  9.2 |  47.7ms | Hands:0  | Pose:-- FloorHint:--
15:37:09 [INFO] [STATS] # 108 | FPS:  9.6 |  46.9ms | Hands:0  | Pose:-- FloorHint:--
15:37:12 [INFO] [STATS] # 139 | FPS: 10.1 |  51.8ms | Hands:1 POINTING | Pose:-- FloorHint:--
15:37:13 [INFO] [DEBUG] Saved frame: frame_00150.jpg tip=(0.519,0.522,0.0527) floor_hint=None
15:37:15 [INFO] [GESTURE] idx_ext=True(2.00) mid_curl=True(1.25) ring_curl=True(1.35) pink_curl=True(1.32)
15:37:15 [INFO] [STATS] # 170 | FPS: 10.3 |  63.0ms | Hands:1 POINTING | Pose:-- FloorHint:--
15:37:16 [INFO] [DEBUG] Saved frame: frame_00180.jpg tip=(0.508,0.467,0.0702) floor_hint=None
15:37:18 [INFO] [GESTURE] idx_ext=True(1.96) mid_curl=True(1.10) ring_curl=True(1.21) pink_curl=True(1.99)
15:37:18 [INFO] [STATS] # 201 | FPS: 10.1 |  69.6ms | Hands:1 POINTING | Pose:-- FloorHint:--
15:37:19 [INFO] [DEBUG] Saved frame: frame_00210.jpg tip=(0.404,0.412,0.0261) floor_hint=None
15:37:21 [INFO] [GESTURE] idx_ext=True(1.98) mid_curl=True(0.76) ring_curl=True(0.92) pink_curl=True(1.06)
15:37:21 [INFO] [STATS] # 229 | FPS:  9.2 |  68.8ms | Hands:1 POINTING | Pose:-- FloorHint:--
15:37:23 [INFO] [DEBUG] Saved frame: frame_00240.jpg tip=(0.365,0.404,0.0158) floor_hint=None
15:37:24 [INFO] [STATS] # 253 | FPS:  8.1 |  68.9ms | Hands:1 POINTING | Pose:-- FloorHint:--
15:37:25 [INFO] [GESTURE] idx_ext=True(1.96) mid_curl=True(1.09) ring_curl=True(1.20) pink_curl=True(1.35)
15:37:27 [INFO] [DEBUG] Saved frame: frame_00270.jpg tip=(0.262,0.400,0.0382) floor_hint=None
15:37:27 [INFO] [STATS] # 279 | FPS:  8.4 |  65.5ms | Hands:1 POINTING | Pose:-- FloorHint:--
15:37:28 [INFO] [GESTURE] idx_ext=True(1.93) mid_curl=True(1.13) ring_curl=True(1.23) pink_curl=True(1.37)
15:37:30 [INFO] [STATS] # 307 | FPS:  8.9 |  63.1ms | Hands:1 POINTING | Pose:OK FloorHint:--
15:37:32 [INFO] [GESTURE] idx_ext=True(2.21) mid_curl=False(2.10) ring_curl=True(1.45) pink_curl=True(1.45)
15:37:33 [INFO] [DEBUG] Saved frame: frame_00330.jpg tip=(0.201,0.408,-0.0122) floor_hint=None
15:37:34 [INFO] [STATS] # 338 | FPS: 10.0 |  61.4ms | Hands:1 POINTING | Pose:-- FloorHint:--
15:37:35 [INFO] [GESTURE] idx_ext=True(1.90) mid_curl=True(1.20) ring_curl=True(1.27) pink_curl=True(1.47)
15:37:36 [INFO] [DEBUG] Saved frame: frame_00360.jpg tip=(0.168,0.515,-0.0200) floor_hint=None
15:37:37 [INFO] [STATS] # 369 | FPS: 10.2 |  63.7ms | Hands:1 POINTING | Pose:-- FloorHint:--
15:37:39 [INFO] [GESTURE] idx_ext=True(2.09) mid_curl=True(1.32) ring_curl=True(1.19) pink_curl=True(1.34)
15:37:39 [INFO] [DEBUG] Saved frame: frame_00390.jpg tip=(0.220,0.530,-0.0102) floor_hint=None
15:37:40 [INFO] [STATS] # 399 | FPS:  9.7 |  69.1ms | Hands:1 POINTING | Pose:-- FloorHint:--
15:37:42 [INFO] [GESTURE] idx_ext=True(2.04) mid_curl=True(0.97) ring_curl=True(1.15) pink_curl=True(1.23)
15:37:42 [INFO] [DEBUG] Saved frame: frame_00420.jpg tip=(0.237,0.495,-0.0227) floor_hint=None
15:37:43 [INFO] [STATS] # 429 | FPS:  9.9 |  66.9ms | Hands:1 POINTING | Pose:-- FloorHint:--
15:37:45 [INFO] [GESTURE] idx_ext=True(2.03) mid_curl=True(1.22) ring_curl=True(1.11) pink_curl=True(1.23)
15:37:45 [INFO] [DEBUG] Saved frame: frame_00450.jpg tip=(0.239,0.500,-0.0169) floor_hint=None
15:37:46 [INFO] [STATS] # 459 | FPS: 10.1 |  64.6ms | Hands:1 POINTING | Pose:-- FloorHint:--
15:37:48 [INFO] [GESTURE] idx_ext=True(2.06) mid_curl=True(1.68) ring_curl=True(1.04) pink_curl=True(1.19)
15:37:48 [INFO] [DEBUG] Saved frame: frame_00480.jpg tip=(0.228,0.558,0.0403) floor_hint=None
15:37:49 [INFO] [STATS] # 489 | FPS:  9.4 |  67.1ms | Hands:1 POINTING | Pose:-- FloorHint:--
15:37:51 [INFO] [GESTURE] idx_ext=True(1.91) mid_curl=True(1.52) ring_curl=True(1.36) pink_curl=True(1.46)
15:37:51 [INFO] [DEBUG] Saved frame: frame_00510.jpg tip=(0.272,0.657,0.0282) floor_hint=None
15:37:52 [INFO] [STATS] # 515 | FPS:  8.7 |  68.0ms | Hands:1 POINTING | Pose:-- FloorHint:--
15:37:55 [INFO] [GESTURE] idx_ext=True(1.97) mid_curl=True(1.09) ring_curl=True(1.15) pink_curl=True(1.65)
15:37:55 [INFO] [DEBUG] Saved frame: frame_00540.jpg tip=(0.243,0.597,0.0444) floor_hint=None
15:37:55 [INFO] [STATS] # 542 | FPS:  8.5 |  66.5ms | Hands:1 POINTING | Pose:-- FloorHint:--
15:37:58 [INFO] [GESTURE] idx_ext=True(1.86) mid_curl=True(1.46) ring_curl=True(1.24) pink_curl=True(1.49)
15:37:58 [INFO] [DEBUG] Saved frame: frame_00570.jpg tip=(0.237,0.603,0.0560) floor_hint=None
15:37:58 [INFO] [STATS] # 570 | FPS:  9.2 |  69.5ms | Hands:1 POINTING | Pose:-- FloorHint:--
15:38:01 [INFO] [DEBUG] Saved frame: frame_00600.jpg tip=(0.600,0.629,0.0099) floor_hint=None
15:38:01 [INFO] [STATS] # 600 | FPS:  9.8 |  65.5ms | Hands:1 POINTING | Pose:-- FloorHint:--
15:38:01 [INFO] [GESTURE] idx_ext=True(1.79) mid_curl=True(1.33) ring_curl=True(0.71) pink_curl=True(0.87)
15:38:04 [INFO] [DEBUG] Saved frame: frame_00630.jpg tip=(0.613,0.600,-0.0145) floor_hint=None
15:38:04 [INFO] [GESTURE] idx_ext=True(1.86) mid_curl=True(1.08) ring_curl=True(0.83) pink_curl=True(0.93)
15:38:04 [INFO] [STATS] # 632 | FPS: 10.5 |  71.7ms | Hands:1 POINTING | Pose:-- FloorHint:--
15:38:08 [INFO] [DEBUG] Saved frame: frame_00660.jpg tip=(0.574,0.553,0.0040) floor_hint=None
15:38:08 [INFO] [STATS] # 660 | FPS:  9.1 |  69.9ms | Hands:1 POINTING | Pose:-- FloorHint:--
15:38:08 [INFO] [GESTURE] idx_ext=True(1.95) mid_curl=True(0.50) ring_curl=True(0.37) pink_curl=True(0.65)
15:38:11 [INFO] [DEBUG] Saved frame: frame_00690.jpg tip=(0.589,0.526,0.0130) floor_hint=None
15:38:11 [INFO] [STATS] # 690 | FPS:  9.7 |  67.2ms | Hands:1 POINTING | Pose:-- FloorHint:--
15:38:11 [INFO] [GESTURE] idx_ext=True(1.96) mid_curl=True(0.92) ring_curl=True(0.68) pink_curl=True(0.84)
15:38:13 [INFO] [DEBUG] Saved frame: frame_00720.jpg tip=(0.587,0.530,0.0086) floor_hint=None
15:38:14 [INFO] [GESTURE] idx_ext=True(1.98) mid_curl=True(1.18) ring_curl=True(1.06) pink_curl=True(1.25)
15:38:14 [INFO] [STATS] # 721 | FPS: 10.2 |  70.4ms | Hands:1 POINTING | Pose:-- FloorHint:--
15:38:17 [INFO] [STATS] # 751 | FPS:  9.8 |  66.2ms | Hands:0  | Pose:-- FloorHint:--
15:38:20 [INFO] [STATS] # 783 | FPS: 10.4 |  47.3ms | Hands:0  | Pose:-- FloorHint:--
15:38:23 [INFO] [STATS] # 813 | FPS:  9.9 |  45.2ms | Hands:0  | Pose:-- FloorHint:--
15:38:26 [INFO] [STATS] # 844 | FPS: 10.0 |  42.5ms | Hands:0  | Pose:-- FloorHint:--
15:38:29 [INFO] [STATS] # 875 | FPS: 10.1 |  48.5ms | Hands:0  | Pose:-- FloorHint:--
15:38:32 [INFO] [STATS] # 906 | FPS: 10.2 |  46.4ms | Hands:0  | Pose:-- FloorHint:--
15:38:35 [INFO] [STATS] # 936 | FPS:  9.7 |  41.9ms | Hands:0  | Pose:-- FloorHint:--
15:38:38 [INFO] [STATS] # 966 | FPS:  9.9 |  47.3ms | Hands:0  | Pose:-- FloorHint:--
15:38:41 [INFO] [STATS] # 996 | FPS:  9.9 |  53.2ms | Hands:0  | Pose:-- FloorHint:--
15:38:44 [INFO] [STATS] #1028 | FPS: 10.3 |  45.1ms | Hands:0  | Pose:-- FloorHint:--
15:38:47 [INFO] [DEBUG] Saved frame: frame_01050.jpg tip=(0.902,0.332,-0.0164) floor_hint=None
15:38:47 [INFO] [STATS] #1056 | FPS:  9.4 |  45.1ms | Hands:0  | Pose:-- FloorHint:--
15:38:50 [INFO] [STATS] #1087 | FPS: 10.2 |  41.7ms | Hands:0  | Pose:-- FloorHint:--
15:38:53 [INFO] [STATS] #1117 | FPS:  9.8 |  38.9ms | Hands:0  | Pose:-- FloorHint:--
15:38:56 [INFO] [STATS] #1147 | FPS:  9.7 |  47.1ms | Hands:0  | Pose:-- FloorHint:--
15:39:00 [INFO] [STATS] #1178 | FPS: 10.1 |  46.6ms | Hands:0  | Pose:-- FloorHint:--
15:39:03 [INFO] [STATS] #1209 | FPS: 10.1 |  34.9ms | Hands:0  | Pose:-- FloorHint:--
15:39:03 [INFO] [SERVER] Stopped.
