01:13:11 [INFO] ============================================================
01:13:11 [INFO]   ARCore Server Compatibility Check
01:13:11 [INFO] ============================================================
01:13:11 [INFO]   ✓  mediapipe              0.10.32
01:13:11 [INFO]   ✓  opencv                 4.11.0
01:13:11 [INFO]   ✓  numpy                  2.4.2
01:13:11 [INFO]   ✓  network_port           port 9999 likely available
01:13:11 [INFO] ------------------------------------------------------------
01:13:11 [INFO]   Unity ARCore requirements (verify in Editor):
01:13:11 [INFO]     XR Plug-in Management → Android → ARCore: ✓ checked
01:13:11 [INFO]     AR Foundation + ARCore XR Plugin: same major version
01:13:11 [INFO]     ARPlaneManager Detection Mode: Horizontal only
01:13:11 [INFO]     Scripting Backend: IL2CPP   Architecture: ARM64
01:13:11 [INFO]     Camera.clearFlags: Solid Color (not Skybox)
01:13:11 [INFO]     AR Camera tag: MainCamera
01:13:11 [INFO]     GuardianSystem Inspector: 3 AR refs assigned
01:13:11 [INFO] ------------------------------------------------------------
01:13:11 [INFO]   All Python checks PASSED ✓
01:13:11 [INFO] ============================================================
01:13:11 [INFO] [INIT] Loading hand tracker...
01:13:11 [INFO] [HANDS] Loading MediaPipe Hands (Tasks API)...
01:13:11 [INFO] [HANDS] ✓ Hand tracker ready (Tasks API v0.10.32)
01:13:11 [INFO] [INIT] ✓ Hand tracker ready
01:13:11 [INFO] [INIT] All modules ready.
01:13:11 [INFO] [NETWORK] Listening on 0.0.0.0:9999
01:13:11 [INFO] ============================================================
01:13:11 [INFO] READY - waiting for mobile connection...
01:13:11 [INFO] ============================================================
