02:59:34 [INFO] ============================================================
02:59:34 [INFO]   ARCore Server Compatibility Check
02:59:34 [INFO] ============================================================
02:59:34 [INFO]   ✓  mediapipe              0.10.32
02:59:34 [INFO]   ✓  opencv                 4.11.0
02:59:34 [INFO]   ✓  numpy                  2.4.2
02:59:34 [INFO]   ✓  network_port           port 9999 likely available
02:59:34 [INFO] ------------------------------------------------------------
02:59:34 [INFO]   Unity ARCore requirements (verify in Editor):
02:59:34 [INFO]     XR Plug-in Management → Android → ARCore: ✓ checked
02:59:34 [INFO]     AR Foundation + ARCore XR Plugin: same major version
02:59:34 [INFO]     ARPlaneManager Detection Mode: Horizontal only
02:59:34 [INFO]     Scripting Backend: IL2CPP   Architecture: ARM64
02:59:34 [INFO]     Camera.clearFlags: Solid Color (not Skybox)
02:59:34 [INFO]     AR Camera tag: MainCamera
02:59:34 [INFO]     GuardianSystem Inspector: 3 AR refs assigned
02:59:34 [INFO] ------------------------------------------------------------
02:59:34 [INFO]   All Python checks PASSED ✓
02:59:34 [INFO] ============================================================
02:59:34 [INFO] [INIT] Loading hand tracker...
02:59:34 [INFO] [HANDS] Loading MediaPipe Hands (Tasks API)...
02:59:35 [INFO] [HANDS] ✓ Hand tracker ready (Tasks API v0.10.32)
02:59:35 [INFO] [INIT] ✓ Hand tracker ready
02:59:35 [INFO] [INIT] All modules ready.
02:59:35 [INFO] [NETWORK] Listening on 0.0.0.0:9999
02:59:35 [INFO] ============================================================
02:59:35 [INFO] READY - waiting for mobile connection...
02:59:35 [INFO] ============================================================
03:04:51 [INFO] [NETWORK] Connected: ('192.168.1.4', 40226)
03:04:51 [INFO] [SYSTEM] Connected — running
03:04:52 [INFO] [STATS] #   1 | FPS:  0.0 | 306.7ms | Hands:0 
03:04:55 [INFO] [STATS] #  36 | FPS: 10.6 |  39.3ms | Hands:0 
03:04:58 [INFO] [STATS] #  64 | FPS:  9.2 |  43.3ms | Hands:0 
03:05:02 [INFO] [STATS] #  96 | FPS: 10.4 |  44.3ms | Hands:0 
03:05:05 [INFO] [STATS] # 127 | FPS: 10.3 |  46.1ms | Hands:0 
03:05:08 [INFO] [STATS] # 149 | FPS:  7.7 |  61.0ms | Hands:0 
03:05:10 [INFO] [GESTURE] idx_ext=True(1.72) mid_curl=True(1.67) ring_curl=True(1.72) pink_curl=True(1.76)
03:05:11 [INFO] [DEBUG] Saved proof frame: frame_00180.jpg tip=(0.293,0.614,-0.0055)
03:05:11 [INFO] [STATS] # 180 | FPS: 10.4 |  78.6ms | Hands:1 POINTING
03:05:13 [INFO] [GESTURE] idx_ext=True(1.94) mid_curl=True(1.46) ring_curl=True(1.45) pink_curl=True(1.49)
03:05:14 [INFO] [DEBUG] Saved proof frame: frame_00210.jpg tip=(0.706,0.651,-0.0136)
03:05:14 [INFO] [STATS] # 210 | FPS:  9.6 |  75.5ms | Hands:1 POINTING
03:05:17 [INFO] [STATS] # 243 | FPS: 10.6 |  55.2ms | Hands:0 
03:05:20 [INFO] [STATS] # 272 | FPS:  9.8 |  53.0ms | Hands:0 
03:05:23 [INFO] [DEBUG] Saved proof frame: frame_00300.jpg tip=(0.322,0.694,-0.0614)
03:05:23 [INFO] [STATS] # 301 | FPS:  9.3 |  79.9ms | Hands:1 POINTING
03:05:24 [INFO] [GESTURE] idx_ext=False(1.44) mid_curl=True(1.45) ring_curl=True(1.64) pink_curl=True(1.79)
03:05:26 [INFO] [DEBUG] Saved proof frame: frame_00330.jpg tip=(0.640,0.652,0.0083)
03:05:26 [INFO] [STATS] # 331 | FPS:  9.9 |  99.1ms | Hands:1 POINTING
03:05:29 [INFO] [STATS] # 363 | FPS: 10.5 |  60.5ms | Hands:0 
03:05:32 [INFO] [STATS] # 392 | FPS:  9.8 |  66.5ms | Hands:0 
03:05:36 [INFO] [STATS] # 423 | FPS: 10.3 |  73.9ms | Hands:0 
03:05:39 [INFO] [STATS] # 453 | FPS:  9.2 |  43.4ms | Hands:0 
03:05:42 [INFO] [STATS] # 485 | FPS: 10.4 |  49.8ms | Hands:0 
03:05:45 [INFO] [STATS] # 513 | FPS:  9.3 |  71.6ms | Hands:0 
03:05:48 [INFO] [STATS] # 545 | FPS: 10.3 |  66.7ms | Hands:0 
03:05:51 [INFO] [STATS] # 576 | FPS: 10.0 |  80.4ms | Hands:0 
03:05:54 [INFO] [STATS] # 605 | FPS:  9.3 |  89.5ms | Hands:0 
03:05:57 [INFO] [STATS] # 638 | FPS: 10.5 |  67.3ms | Hands:0 
03:06:00 [INFO] [STATS] # 669 | FPS: 10.0 |  44.1ms | Hands:0 
03:06:03 [INFO] [STATS] # 700 | FPS: 10.1 |  48.1ms | Hands:0 
03:06:06 [INFO] [STATS] # 730 | FPS:  9.8 |  46.2ms | Hands:0 
03:06:09 [INFO] [STATS] # 761 | FPS: 10.0 |  47.7ms | Hands:0 
03:06:12 [INFO] [STATS] # 792 | FPS: 10.2 |  40.7ms | Hands:0 
03:06:15 [INFO] [STATS] # 821 | FPS:  9.6 |  46.1ms | Hands:0 
03:06:18 [INFO] [STATS] # 848 | FPS:  8.8 |  41.1ms | Hands:0 
03:06:22 [INFO] [STATS] # 878 | FPS:  9.9 |  42.3ms | Hands:0 
03:06:25 [INFO] [STATS] # 902 | FPS:  8.2 |  53.1ms | Hands:0 
03:06:28 [INFO] [STATS] # 931 | FPS: 10.2 |  59.8ms | Hands:0 
03:06:31 [INFO] [STATS] # 962 | FPS: 10.0 |  61.1ms | Hands:0 
03:06:34 [INFO] [STATS] # 992 | FPS:  9.7 |  51.1ms | Hands:0 
03:06:37 [INFO] [STATS] #1021 | FPS:  9.5 |  60.8ms | Hands:0 
03:06:39 [INFO] [GESTURE] idx_ext=True(1.91) mid_curl=True(1.25) ring_curl=True(1.28) pink_curl=True(1.52)
03:06:40 [INFO] [DEBUG] Saved proof frame: frame_01050.jpg tip=(0.314,0.460,0.0691)
03:06:40 [INFO] [STATS] #1051 | FPS: 10.1 |  70.4ms | Hands:1 POINTING
03:06:43 [INFO] [STATS] #1082 | FPS: 10.0 |  68.1ms | Hands:0 
03:06:44 [INFO] [GESTURE] idx_ext=True(2.06) mid_curl=True(0.25) ring_curl=True(0.41) pink_curl=True(0.56)
03:06:46 [ERROR] [NETWORK] Receive error: [WinError 10054] An existing connection was forcibly closed by the remote host
03:06:46 [WARNING] [NET] Connection lost.
03:06:46 [INFO] [SERVER] Reconnecting in 1s...
03:06:47 [INFO] [NETWORK] Listening on 0.0.0.0:9999
03:06:47 [INFO] ============================================================
03:06:47 [INFO] READY - waiting for mobile connection...
03:06:47 [INFO] ============================================================
03:06:53 [INFO] [NETWORK] Connected: ('192.168.1.4', 37292)
03:06:53 [INFO] [SYSTEM] Connected — running
03:06:53 [INFO] [STATS] #1110 | FPS:  2.9 |  57.0ms | Hands:0 
03:06:56 [INFO] [STATS] #1137 | FPS:  2.9 |  55.7ms | Hands:0 
03:06:59 [INFO] [STATS] #1168 | FPS: 10.1 |  51.3ms | Hands:0 
03:07:02 [INFO] [STATS] #1196 | FPS:  8.9 |  68.1ms | Hands:0 
03:07:06 [INFO] [STATS] #1228 | FPS: 10.4 |  43.9ms | Hands:0 
03:07:06 [INFO] [DEBUG] Saved proof frame: frame_01230.jpg tip=(0.416,0.438,0.0407)
03:07:09 [INFO] [STATS] #1255 | FPS:  9.3 |  95.2ms | Hands:1 POINTING
03:07:09 [INFO] [DEBUG] Saved proof frame: frame_01260.jpg tip=(0.405,0.517,0.0349)
03:07:09 [INFO] [GESTURE] idx_ext=True(2.16) mid_curl=True(1.29) ring_curl=True(1.12) pink_curl=True(1.39)
03:07:12 [INFO] [STATS] #1291 | FPS: 12.7 |  46.1ms | Hands:0 
03:07:15 [INFO] [STATS] #1321 | FPS:  9.8 |  48.8ms | Hands:0 
03:07:17 [INFO] [GESTURE] idx_ext=True(2.12) mid_curl=True(0.67) ring_curl=True(0.14) pink_curl=False(2.07)
03:07:18 [INFO] [DEBUG] Saved proof frame: frame_01350.jpg tip=(0.413,0.632,0.1222)
03:07:18 [INFO] [STATS] #1351 | FPS:  9.8 |  72.5ms | Hands:1 POINTING
03:07:21 [INFO] [STATS] #1381 | FPS: 10.0 |  77.9ms | Hands:0 
03:07:24 [INFO] [DEBUG] Saved proof frame: frame_01410.jpg tip=(0.588,0.343,-0.0788)
03:07:24 [INFO] [STATS] #1414 | FPS: 10.4 |  74.2ms | Hands:0 
03:07:27 [INFO] [STATS] #1446 | FPS: 10.3 |  63.7ms | Hands:0 
03:07:29 [INFO] [GESTURE] idx_ext=True(1.92) mid_curl=True(1.69) ring_curl=True(1.08) pink_curl=True(1.36)
03:07:30 [INFO] [STATS] #1476 | FPS: 10.0 |  61.7ms | Hands:1 POINTING
03:07:33 [INFO] [DEBUG] Saved proof frame: frame_01500.jpg tip=(0.319,0.425,-0.0241)
03:07:33 [INFO] [STATS] #1504 | FPS:  9.0 |  67.5ms | Hands:0 
03:07:36 [INFO] [STATS] #1535 | FPS: 10.2 |  60.7ms | Hands:0 
03:07:38 [INFO] [GESTURE] idx_ext=True(2.29) mid_curl=True(1.73) ring_curl=True(1.61) pink_curl=True(1.52)
03:07:39 [INFO] [DEBUG] Saved proof frame: frame_01560.jpg tip=(0.508,0.580,0.0212)
03:07:39 [INFO] [STATS] #1564 | FPS:  9.6 |  76.1ms | Hands:1 POINTING
03:07:42 [INFO] [STATS] #1594 | FPS:  9.9 |  66.1ms | Hands:0 
03:07:45 [INFO] [STATS] #1625 | FPS: 10.3 |  60.6ms | Hands:0 
03:07:48 [INFO] [STATS] #1655 | FPS:  9.7 |  64.1ms | Hands:1 POINTING
03:07:50 [INFO] [GESTURE] idx_ext=True(2.03) mid_curl=True(0.73) ring_curl=True(0.79) pink_curl=True(0.88)
03:07:52 [INFO] [STATS] #1686 | FPS: 10.2 |  81.8ms | Hands:0 
03:07:54 [INFO] [DEBUG] Saved proof frame: frame_01710.jpg tip=(0.486,0.672,-0.0553)
03:07:55 [INFO] [STATS] #1716 | FPS:  9.6 |  84.5ms | Hands:1 POINTING
03:07:56 [INFO] [GESTURE] idx_ext=True(1.93) mid_curl=True(0.56) ring_curl=True(0.63) pink_curl=True(0.93)
03:07:58 [INFO] [STATS] #1746 | FPS: 10.2 |  76.5ms | Hands:0 
03:08:01 [INFO] [STATS] #1777 | FPS: 10.2 |  76.1ms | Hands:0 
03:08:04 [INFO] [STATS] #1808 | FPS: 10.2 |  48.3ms | Hands:0 
03:08:07 [INFO] [STATS] #1838 | FPS:  9.9 |  83.1ms | Hands:0 
03:08:10 [INFO] [STATS] #1869 | FPS: 10.1 |  70.0ms | Hands:0 
03:08:13 [INFO] [STATS] #1899 | FPS:  9.9 |  46.4ms | Hands:0 
03:08:16 [INFO] [STATS] #1929 | FPS: 10.0 |  50.2ms | Hands:0 
03:08:19 [INFO] [STATS] #1960 | FPS: 10.0 |  38.3ms | Hands:0 
03:08:22 [INFO] [STATS] #1990 | FPS: 10.0 |  54.5ms | Hands:0 
03:08:25 [INFO] [STATS] #2021 | FPS: 10.1 |  54.8ms | Hands:0 
03:08:28 [INFO] [STATS] #2052 | FPS: 10.0 |  55.6ms | Hands:0 
03:08:31 [INFO] [STATS] #2082 | FPS: 10.1 |  51.1ms | Hands:0 
03:08:34 [INFO] [STATS] #2113 | FPS: 10.0 |  54.6ms | Hands:0 
03:08:37 [INFO] [STATS] #2143 | FPS:  9.9 |  61.4ms | Hands:0 
03:08:40 [INFO] [STATS] #2174 | FPS: 10.1 |  52.8ms | Hands:0 
03:08:49 [ERROR] [NETWORK] Receive error: [WinError 10054] An existing connection was forcibly closed by the remote host
03:08:49 [WARNING] [NET] Connection lost.
03:08:49 [INFO] [SERVER] Reconnecting in 1s...
03:08:50 [INFO] [NETWORK] Listening on 0.0.0.0:9999
03:08:50 [INFO] ============================================================
03:08:50 [INFO] READY - waiting for mobile connection...
03:08:50 [INFO] ============================================================
