15:07:38 [INFO] ============================================================
15:07:38 [INFO]   ARCore Server Compatibility Check
15:07:38 [INFO] ============================================================
15:07:38 [INFO]   ✓  mediapipe              0.10.32
15:07:38 [INFO]   ✓  opencv                 4.11.0
15:07:38 [INFO]   ✓  numpy                  2.4.2
15:07:38 [INFO]   ✓  network_port           port 9999 available
15:07:38 [INFO] ------------------------------------------------------------
15:07:38 [INFO]   Unity ARCore requirements (verify in Editor):
15:07:38 [INFO]     XR Plug-in Management → Android → ARCore: ✓ checked
15:07:38 [INFO]     AR Foundation + ARCore XR Plugin: same major version
15:07:38 [INFO]     ARPlaneManager Detection Mode: Horizontal only
15:07:38 [INFO]     Scripting Backend: IL2CPP   Architecture: ARM64
15:07:38 [INFO]     Camera.clearFlags: Solid Color (not Skybox)
15:07:38 [INFO]     AR Camera tag: MainCamera
15:07:38 [INFO]     GuardianSystem Inspector: 3 AR refs assigned
15:07:38 [INFO] ------------------------------------------------------------
15:07:38 [INFO]   All Python checks PASSED ✓
15:07:38 [INFO] ============================================================
15:07:38 [INFO] [INIT] Loading hand tracker...
15:07:38 [INFO] [HANDS] Loading MediaPipe Hands (Tasks API)...
15:07:39 [INFO] [HANDS] ✓ Hand tracker ready (Tasks API v0.10.32)
15:07:39 [INFO] [INIT] ✓ Hand tracker ready
15:07:39 [INFO] [INIT] Loading pose tracker...
15:07:39 [INFO] [POSE] Loading MediaPipe Pose (Tasks API)...
15:07:39 [INFO] [POSE] ✓ Pose tracking ready (Tasks API v0.10.32)
15:07:39 [INFO] [INIT] ✓ Pose tracker ready
15:07:39 [INFO] [INIT] All modules ready.
15:07:39 [INFO] [NETWORK] Listening on 0.0.0.0:9999
15:07:39 [INFO] ============================================================
15:07:39 [INFO] READY - waiting for mobile connection...
15:07:39 [INFO] ============================================================
