15:11:48 [INFO] ============================================================
15:11:48 [INFO]   ARCore Server Compatibility Check
15:11:48 [INFO] ============================================================
15:11:48 [INFO]   ✓  mediapipe              0.10.32
15:11:48 [INFO]   ✓  opencv                 4.11.0
15:11:48 [INFO]   ✓  numpy                  2.4.2
15:11:48 [INFO]   ✓  network_port           port 9999 available
15:11:48 [INFO] ------------------------------------------------------------
15:11:48 [INFO]   Unity ARCore requirements (verify in Editor):
15:11:48 [INFO]     XR Plug-in Management → Android → ARCore: ✓ checked
15:11:48 [INFO]     AR Foundation + ARCore XR Plugin: same major version
15:11:48 [INFO]     ARPlaneManager Detection Mode: Horizontal only
15:11:48 [INFO]     Scripting Backend: IL2CPP   Architecture: ARM64
15:11:48 [INFO]     Camera.clearFlags: Solid Color (not Skybox)
15:11:48 [INFO]     AR Camera tag: MainCamera
15:11:48 [INFO]     GuardianSystem Inspector: 3 AR refs assigned
15:11:48 [INFO] ------------------------------------------------------------
15:11:48 [INFO]   All Python checks PASSED ✓
15:11:48 [INFO] ============================================================
15:11:48 [INFO] [INIT] Loading hand tracker...
15:11:48 [INFO] [HANDS] Loading MediaPipe Hands (Tasks API)...
15:11:48 [INFO] [HANDS] ✓ Hand tracker ready (Tasks API v0.10.32)
15:11:48 [INFO] [INIT] ✓ Hand tracker ready
15:11:48 [INFO] [INIT] Loading pose tracker...
15:11:48 [INFO] [POSE] Loading MediaPipe Pose (Tasks API)...
15:11:48 [INFO] [POSE] ✓ Pose tracking ready (Tasks API v0.10.32)
15:11:48 [INFO] [INIT] ✓ Pose tracker ready
15:11:48 [INFO] [INIT] All modules ready.
15:11:48 [INFO] [NETWORK] Listening on 0.0.0.0:9999
15:11:48 [INFO] ============================================================
15:11:48 [INFO] READY - waiting for mobile connection...
15:11:48 [INFO] ============================================================
15:14:03 [INFO] [NETWORK] Connected: ('192.168.100.13', 59496)
15:14:03 [INFO] [SYSTEM] Connected — running
15:14:03 [INFO] [INIT] MediaPipe input size: (160, 160, 3) (should be 160×160×3)
15:14:06 [INFO] [STATS] #  16 | FPS:  0.1 |  65.7ms | Hands:0  | Pose:-- FloorHint:--
15:14:09 [INFO] [STATS] #  45 | FPS:  9.5 |  64.4ms | Hands:0  | Pose:-- FloorHint:--
15:14:12 [INFO] [STATS] #  75 | FPS:  9.8 |  52.2ms | Hands:0  | Pose:-- FloorHint:--
15:14:15 [INFO] [STATS] # 102 | FPS:  8.9 |  68.3ms | Hands:1 POINTING | Pose:-- FloorHint:--
15:14:17 [INFO] [DEBUG] Saved frame: frame_00120.jpg tip=(0.401,0.459,-0.0035) floor_hint=None
15:14:18 [INFO] [STATS] # 123 | FPS:  7.1 |  89.6ms | Hands:1 POINTING | Pose:-- FloorHint:--
15:14:19 [INFO] [GESTURE] idx_ext=True(1.84) mid_curl=True(1.43) ring_curl=True(1.23) pink_curl=True(1.49)
15:14:21 [INFO] [STATS] # 148 | FPS:  7.1 |  93.6ms | Hands:1 POINTING | Pose:-- FloorHint:--
15:14:21 [INFO] [DEBUG] Saved frame: frame_00150.jpg tip=(0.351,0.514,0.0129) floor_hint=None
15:14:23 [INFO] [GESTURE] idx_ext=True(2.05) mid_curl=True(1.35) ring_curl=True(1.17) pink_curl=True(1.44)
15:14:24 [INFO] [STATS] # 172 | FPS:  8.0 |  90.1ms | Hands:1 POINTING | Pose:-- FloorHint:--
15:14:27 [INFO] [GESTURE] idx_ext=True(1.91) mid_curl=True(1.40) ring_curl=True(1.24) pink_curl=True(1.61)
15:14:27 [INFO] [STATS] # 199 | FPS:  8.6 |  77.4ms | Hands:1 POINTING | Pose:-- FloorHint:--
15:14:28 [INFO] [DEBUG] Saved frame: frame_00210.jpg tip=(0.443,0.507,0.1360) floor_hint=None
15:14:30 [INFO] [STATS] # 225 | FPS:  8.5 |  78.3ms | Hands:1 POINTING | Pose:-- FloorHint:--
15:14:32 [INFO] [GESTURE] idx_ext=True(1.85) mid_curl=True(1.25) ring_curl=True(1.34) pink_curl=True(1.73)
15:14:33 [INFO] [STATS] # 246 | FPS:  7.4 |  86.3ms | Hands:0  | Pose:-- FloorHint:--
15:14:36 [INFO] [STATS] # 274 | FPS:  9.0 |  64.8ms | Hands:0  | Pose:OK FloorHint:--
15:14:39 [INFO] [STATS] # 297 | FPS:  7.4 |  80.9ms | Hands:1 POINTING | Pose:-- FloorHint:--
15:14:39 [INFO] [DEBUG] Saved frame: frame_00300.jpg tip=(0.640,0.698,0.0117) floor_hint=None
15:14:42 [INFO] [STATS] # 324 | FPS:  8.4 |  72.8ms | Hands:1 POINTING | Pose:-- FloorHint:--
15:14:43 [INFO] [DEBUG] Saved frame: frame_00330.jpg tip=(0.574,0.571,0.0008) floor_hint=None
15:14:43 [INFO] [GESTURE] idx_ext=True(2.06) mid_curl=True(1.32) ring_curl=True(0.68) pink_curl=True(0.69)
15:14:45 [INFO] [STATS] # 343 | FPS:  7.1 |  85.3ms | Hands:1 POINTING | Pose:-- FloorHint:--
15:14:48 [INFO] [DEBUG] Saved frame: frame_00360.jpg tip=(0.488,0.665,-0.0227) floor_hint=None
15:14:48 [INFO] [GESTURE] idx_ext=True(1.94) mid_curl=True(1.32) ring_curl=True(1.43) pink_curl=True(1.43)
15:14:48 [INFO] [STATS] # 368 | FPS:  7.6 |  89.8ms | Hands:1 POINTING | Pose:-- FloorHint:--
15:14:51 [INFO] [DEBUG] Saved frame: frame_00390.jpg tip=(0.341,0.503,-0.0073) floor_hint=None
15:14:51 [INFO] [STATS] # 393 | FPS:  8.7 |  81.7ms | Hands:1 POINTING | Pose:-- FloorHint:--
15:14:52 [INFO] [GESTURE] idx_ext=True(2.01) mid_curl=True(0.84) ring_curl=True(1.10) pink_curl=True(1.30)
15:14:54 [INFO] [DEBUG] Saved frame: frame_00420.jpg tip=(0.345,0.539,-0.0019) floor_hint=None
15:14:54 [INFO] [STATS] # 421 | FPS:  9.1 |  80.9ms | Hands:1 POINTING | Pose:-- FloorHint:--
15:14:55 [INFO] [GESTURE] idx_ext=True(2.09) mid_curl=True(0.58) ring_curl=True(0.99) pink_curl=True(1.30)
15:14:58 [INFO] [STATS] # 448 | FPS:  8.6 |  85.5ms | Hands:1 POINTING | Pose:-- FloorHint:--
15:14:58 [INFO] [DEBUG] Saved frame: frame_00450.jpg tip=(0.272,0.525,0.0270) floor_hint=None
15:14:59 [INFO] [GESTURE] idx_ext=True(2.00) mid_curl=True(0.63) ring_curl=True(0.91) pink_curl=True(1.20)
15:15:01 [INFO] [STATS] # 471 | FPS:  7.7 |  89.3ms | Hands:1 POINTING | Pose:-- FloorHint:--
15:15:04 [INFO] [STATS] # 500 | FPS:  9.5 |  70.2ms | Hands:0  | Pose:OK FloorHint:--
15:15:05 [INFO] [DEBUG] Saved frame: frame_00510.jpg tip=(0.063,0.158,-0.0391) floor_hint=None
15:20:20 [ERROR] [NETWORK] Receive error: [WinError 10053] An established connection was aborted by the software in your host machine
15:20:20 [WARNING] [NET] Connection lost.
15:20:20 [INFO] [SERVER] Reconnecting in 1s...
15:20:21 [INFO] [NETWORK] Listening on 0.0.0.0:9999
15:20:21 [INFO] ============================================================
15:20:21 [INFO] READY - waiting for mobile connection...
15:20:21 [INFO] ============================================================
