07:20:53 [INFO] ============================================================
07:20:54 [INFO]   ARCore Server Compatibility Check
07:20:54 [INFO] ============================================================
07:20:54 [INFO]   ✓  mediapipe              0.10.32
07:20:54 [INFO]   ✓  opencv                 4.11.0
07:20:54 [INFO]   ✓  numpy                  2.4.2
07:20:54 [INFO]   ✓  network_port           port 9999 available
07:20:54 [INFO] ------------------------------------------------------------
07:20:54 [INFO]   Unity ARCore requirements (verify in Editor):
07:20:54 [INFO]     XR Plug-in Management → Android → ARCore: ✓ checked
07:20:54 [INFO]     AR Foundation + ARCore XR Plugin: same major version
07:20:54 [INFO]     ARPlaneManager Detection Mode: Horizontal only
07:20:54 [INFO]     Scripting Backend: IL2CPP   Architecture: ARM64
07:20:54 [INFO]     Camera.clearFlags: Solid Color (not Skybox)
07:20:54 [INFO]     AR Camera tag: MainCamera
07:20:54 [INFO]     GuardianSystem Inspector: 3 AR refs assigned
07:20:54 [INFO] ------------------------------------------------------------
07:20:54 [INFO]   All Python checks PASSED ✓
07:20:54 [INFO] ============================================================
07:20:54 [INFO] [INIT] Loading hand tracker...
07:20:54 [INFO] [HANDS] Loading MediaPipe Hands (Tasks API)...
07:20:54 [INFO] [HANDS] ✓ Hand tracker ready (Tasks API v0.10.32)
07:20:54 [INFO] [INIT] ✓ Hand tracker ready
07:20:54 [INFO] [INIT] Loading pose tracker...
07:20:54 [INFO] [POSE] Loading MediaPipe Pose (Tasks API)...
07:20:54 [INFO] [POSE] ✓ Pose tracking ready (Tasks API v0.10.32)
07:20:54 [INFO] [INIT] ✓ Pose tracker ready
07:20:54 [INFO] [INIT] All modules ready.
07:20:54 [INFO] [NETWORK] Listening on 0.0.0.0:9999
07:20:54 [INFO] ============================================================
07:20:54 [INFO] READY - waiting for mobile connection...
07:20:54 [INFO] ============================================================
