15:28:53 [INFO] ============================================================
15:28:53 [INFO]   ARCore Server Compatibility Check
15:28:53 [INFO] ============================================================
15:28:53 [INFO]   ✓  mediapipe              0.10.32
15:28:53 [INFO]   ✓  opencv                 4.11.0
15:28:53 [INFO]   ✓  numpy                  2.4.2
15:28:53 [INFO]   ✓  network_port           port 9999 likely available
15:28:53 [INFO] ------------------------------------------------------------
15:28:53 [INFO]   Unity ARCore requirements (verify in Editor):
15:28:53 [INFO]     XR Plug-in Management → Android → ARCore: ✓ checked
15:28:53 [INFO]     AR Foundation + ARCore XR Plugin: same major version
15:28:53 [INFO]     ARPlaneManager Detection Mode: Horizontal only
15:28:53 [INFO]     Scripting Backend: IL2CPP   Architecture: ARM64
15:28:53 [INFO]     Camera.clearFlags: Solid Color (not Skybox)
15:28:53 [INFO]     AR Camera tag: MainCamera
15:28:53 [INFO]     GuardianSystem Inspector: 3 AR refs assigned
15:28:53 [INFO] ------------------------------------------------------------
15:28:53 [INFO]   All Python checks PASSED ✓
15:28:53 [INFO] ============================================================
15:28:53 [INFO] [INIT] Loading hand tracker...
15:28:53 [INFO] [HANDS] Loading MediaPipe Hands (Tasks API)...
15:28:53 [INFO] [HANDS] ✓ Hand tracker ready (Tasks API v0.10.32)
15:28:53 [INFO] [INIT] ✓ Hand tracker ready
15:28:53 [INFO] [INIT] All modules ready.
15:28:53 [INFO] [NETWORK] Listening on 0.0.0.0:9999
15:28:53 [INFO] ============================================================
15:28:53 [INFO] READY - waiting for mobile connection...
15:28:53 [INFO] ============================================================
15:39:50 [INFO] [NETWORK] Connected: ('192.168.1.4', 46854)
15:39:50 [INFO] [SYSTEM] Connected — running
15:39:51 [INFO] [INIT] MediaPipe input size: (160, 160, 3) (should be 160×160×3)
15:39:53 [INFO] [STATS] #  24 | FPS:  0.0 |  23.7ms | Hands:0 
15:39:56 [INFO] [STATS] #  55 | FPS: 10.1 |  16.3ms | Hands:0 
15:39:59 [INFO] [STATS] #  85 | FPS:  9.9 |  15.2ms | Hands:0 
15:40:02 [INFO] [STATS] # 113 | FPS:  9.2 |  14.7ms | Hands:0 
15:40:05 [INFO] [STATS] # 144 | FPS: 10.1 |  13.2ms | Hands:0 
15:40:08 [INFO] [STATS] # 174 | FPS:  9.9 |  18.3ms | Hands:0 
15:40:11 [INFO] [STATS] # 202 | FPS:  9.2 |  13.4ms | Hands:0 
15:40:14 [INFO] [STATS] # 230 | FPS:  9.3 |  12.4ms | Hands:0 
15:40:15 [INFO] [DEBUG] Saved proof frame: frame_00240.jpg tip=(0.403,0.568,-0.0361)
15:40:17 [INFO] [STATS] # 261 | FPS: 10.3 |  25.2ms | Hands:1 POINTING
15:40:18 [INFO] [GESTURE] idx_ext=True(2.05) mid_curl=True(0.78) ring_curl=True(1.01) pink_curl=True(1.64)
15:40:18 [INFO] [DEBUG] Saved proof frame: frame_00270.jpg tip=(0.288,0.482,0.0361)
15:40:21 [INFO] [STATS] # 289 | FPS:  9.1 |  25.3ms | Hands:1 POINTING
15:40:21 [INFO] [GESTURE] idx_ext=True(2.20) mid_curl=True(0.65) ring_curl=True(0.96) pink_curl=True(1.64)
15:40:22 [INFO] [DEBUG] Saved proof frame: frame_00300.jpg tip=(0.227,0.558,-0.0409)
15:40:24 [INFO] [STATS] # 317 | FPS:  8.6 |  27.3ms | Hands:1 POINTING
15:40:25 [INFO] [DEBUG] Saved proof frame: frame_00330.jpg tip=(0.414,0.503,-0.0180)
15:40:25 [INFO] [GESTURE] idx_ext=True(2.01) mid_curl=True(0.64) ring_curl=True(0.79) pink_curl=True(1.34)
15:40:27 [INFO] [STATS] # 345 | FPS:  9.6 |  26.7ms | Hands:1 POINTING
15:40:28 [INFO] [DEBUG] Saved proof frame: frame_00360.jpg tip=(0.491,0.515,0.0447)
15:40:29 [INFO] [GESTURE] idx_ext=True(2.05) mid_curl=True(0.80) ring_curl=True(0.76) pink_curl=True(0.94)
15:40:30 [INFO] [STATS] # 373 | FPS:  9.3 |  25.8ms | Hands:1 POINTING
15:40:32 [INFO] [DEBUG] Saved proof frame: frame_00390.jpg tip=(0.372,0.526,-0.0571)
15:40:32 [INFO] [GESTURE] idx_ext=True(2.33) mid_curl=True(0.26) ring_curl=True(0.39) pink_curl=True(0.41)
15:40:33 [INFO] [STATS] # 401 | FPS:  9.4 |  24.1ms | Hands:1 POINTING
15:40:35 [INFO] [DEBUG] Saved proof frame: frame_00420.jpg tip=(0.308,0.459,-0.0071)
15:40:35 [INFO] [GESTURE] idx_ext=True(2.01) mid_curl=True(1.81) ring_curl=True(1.46) pink_curl=True(1.47)
15:40:36 [INFO] [STATS] # 430 | FPS:  9.4 |  29.7ms | Hands:1 POINTING
15:40:38 [INFO] [DEBUG] Saved proof frame: frame_00450.jpg tip=(0.270,0.550,-0.0086)
15:40:38 [INFO] [GESTURE] idx_ext=True(2.06) mid_curl=True(0.67) ring_curl=True(0.99) pink_curl=True(1.24)
15:40:39 [INFO] [STATS] # 461 | FPS: 10.1 |  23.0ms | Hands:1 POINTING
15:40:41 [INFO] [DEBUG] Saved proof frame: frame_00480.jpg tip=(0.402,0.709,0.0067)
15:40:41 [INFO] [GESTURE] idx_ext=False(1.50) mid_curl=True(1.47) ring_curl=True(1.69) pink_curl=False(2.03)
15:40:42 [INFO] [STATS] # 492 | FPS: 10.4 |  22.4ms | Hands:0 
15:40:45 [INFO] [STATS] # 523 | FPS: 10.3 |  15.3ms | Hands:0 
15:40:47 [INFO] [GESTURE] idx_ext=True(2.07) mid_curl=True(1.19) ring_curl=True(1.09) pink_curl=True(1.27)
15:40:47 [INFO] [DEBUG] Saved proof frame: frame_00540.jpg tip=(0.642,0.491,0.0223)
15:40:48 [INFO] [STATS] # 554 | FPS: 10.3 |  21.6ms | Hands:1 POINTING
15:40:50 [INFO] [GESTURE] idx_ext=True(1.75) mid_curl=True(1.57) ring_curl=True(1.49) pink_curl=True(1.47)
15:40:50 [INFO] [DEBUG] Saved proof frame: frame_00570.jpg tip=(0.165,0.564,-0.0092)
15:40:51 [INFO] [STATS] # 584 | FPS:  9.5 |  24.6ms | Hands:0 
15:40:54 [INFO] [STATS] # 615 | FPS: 10.0 |  12.1ms | Hands:0 
15:40:56 [INFO] [DEBUG] Saved proof frame: frame_00630.jpg tip=(0.403,0.266,0.0136)
15:40:58 [INFO] [GESTURE] idx_ext=True(1.99) mid_curl=True(1.11) ring_curl=True(1.28) pink_curl=True(1.80)
15:40:58 [INFO] [STATS] # 641 | FPS:  8.9 |  22.2ms | Hands:1 POINTING
15:40:59 [INFO] [DEBUG] Saved proof frame: frame_00660.jpg tip=(0.346,0.393,0.0018)
15:41:01 [INFO] [GESTURE] idx_ext=True(2.09) mid_curl=False(2.92) ring_curl=False(2.21) pink_curl=False(2.91)
15:41:01 [INFO] [STATS] # 670 | FPS:  8.6 |  25.3ms | Hands:1 POINTING
15:41:02 [INFO] [DEBUG] Saved proof frame: frame_00690.jpg tip=(0.291,0.443,0.0069)
15:41:03 [INFO] [GESTURE] idx_ext=True(2.06) mid_curl=True(0.84) ring_curl=True(1.21) pink_curl=True(1.37)
15:41:04 [INFO] [STATS] # 702 | FPS: 10.4 |  21.6ms | Hands:1 POINTING
15:41:05 [INFO] [DEBUG] Saved proof frame: frame_00720.jpg tip=(0.446,0.462,0.0109)
15:41:06 [INFO] [GESTURE] idx_ext=True(1.83) mid_curl=True(1.62) ring_curl=True(1.42) pink_curl=True(1.54)
15:41:07 [INFO] [STATS] # 733 | FPS: 10.0 |  24.1ms | Hands:1 POINTING
15:41:10 [INFO] [STATS] # 764 | FPS: 10.3 |  16.0ms | Hands:0 
15:41:11 [INFO] [GESTURE] idx_ext=True(2.08) mid_curl=True(1.44) ring_curl=True(1.25) pink_curl=True(1.74)
15:41:13 [INFO] [STATS] # 791 | FPS:  8.8 |  13.6ms | Hands:1 POINTING
15:41:16 [INFO] [STATS] # 814 | FPS:  8.1 |  16.6ms | Hands:1 POINTING
15:41:18 [INFO] [GESTURE] idx_ext=True(1.85) mid_curl=True(1.73) ring_curl=True(1.63) pink_curl=True(1.96)
15:41:19 [INFO] [STATS] # 843 | FPS:  9.0 |  18.6ms | Hands:0 
15:41:22 [INFO] [STATS] # 868 | FPS:  8.3 |  22.9ms | Hands:1 POINTING
15:41:23 [INFO] [DEBUG] Saved proof frame: frame_00870.jpg tip=(0.407,0.357,-0.0185)
15:41:23 [INFO] [GESTURE] idx_ext=True(2.03) mid_curl=True(0.95) ring_curl=True(1.06) pink_curl=True(1.26)
15:41:25 [INFO] [STATS] # 891 | FPS:  7.8 |  21.9ms | Hands:1 POINTING
15:41:26 [INFO] [GESTURE] idx_ext=True(1.94) mid_curl=True(0.86) ring_curl=True(0.96) pink_curl=True(1.04)
15:41:26 [INFO] [DEBUG] Saved proof frame: frame_00900.jpg tip=(0.428,0.336,-0.0220)
15:41:28 [INFO] [STATS] # 921 | FPS:  9.8 |  21.2ms | Hands:1 POINTING
15:41:29 [INFO] [GESTURE] idx_ext=True(1.91) mid_curl=True(0.65) ring_curl=True(0.80) pink_curl=True(0.90)
15:41:29 [INFO] [DEBUG] Saved proof frame: frame_00930.jpg tip=(0.729,0.238,0.0174)
15:41:31 [INFO] [STATS] # 947 | FPS:  8.5 |  22.5ms | Hands:2 POINTING
15:41:32 [INFO] [GESTURE] idx_ext=True(1.93) mid_curl=True(0.98) ring_curl=True(1.06) pink_curl=True(1.32)
15:41:33 [INFO] [DEBUG] Saved proof frame: frame_00960.jpg tip=(0.440,0.329,0.0217)
15:41:34 [INFO] [STATS] # 974 | FPS:  9.0 |  20.9ms | Hands:1 POINTING
15:41:35 [INFO] [GESTURE] idx_ext=True(1.94) mid_curl=True(0.86) ring_curl=True(0.93) pink_curl=True(1.09)
15:41:36 [INFO] [DEBUG] Saved proof frame: frame_00990.jpg tip=(0.439,0.342,0.0064)
15:41:37 [INFO] [STATS] #1000 | FPS:  8.1 |  18.4ms | Hands:1 POINTING
15:41:38 [INFO] [GESTURE] idx_ext=True(1.85) mid_curl=True(0.66) ring_curl=True(0.89) pink_curl=True(1.02)
15:41:39 [INFO] [DEBUG] Saved proof frame: frame_01020.jpg tip=(0.445,0.325,0.0404)
15:41:40 [INFO] [STATS] #1030 | FPS:  9.7 |  19.8ms | Hands:1 POINTING
15:41:41 [INFO] [GESTURE] idx_ext=True(2.05) mid_curl=True(0.85) ring_curl=True(1.00) pink_curl=True(1.24)
15:41:42 [INFO] [DEBUG] Saved proof frame: frame_01050.jpg tip=(0.448,0.313,0.0010)
15:41:43 [INFO] [STATS] #1060 | FPS: 10.0 |  18.2ms | Hands:0 
15:41:47 [INFO] [GESTURE] idx_ext=True(1.78) mid_curl=True(1.32) ring_curl=True(1.13) pink_curl=True(1.15)
15:41:47 [INFO] [STATS] #1091 | FPS: 10.2 |  15.3ms | Hands:1 POINTING
15:41:49 [INFO] [DEBUG] Saved proof frame: frame_01110.jpg tip=(0.423,0.440,0.0192)
15:41:50 [INFO] [STATS] #1119 | FPS:  9.4 |  18.6ms | Hands:1 POINTING
15:41:50 [INFO] [GESTURE] idx_ext=True(1.92) mid_curl=True(0.63) ring_curl=True(0.58) pink_curl=True(0.72)
15:41:52 [INFO] [DEBUG] Saved proof frame: frame_01140.jpg tip=(0.425,0.446,0.0322)
15:41:53 [INFO] [STATS] #1149 | FPS:  9.6 |  20.8ms | Hands:1 POINTING
15:41:53 [INFO] [GESTURE] idx_ext=True(1.89) mid_curl=True(1.42) ring_curl=True(1.40) pink_curl=True(1.42)
15:41:55 [INFO] [DEBUG] Saved proof frame: frame_01170.jpg tip=(0.425,0.447,0.0117)
15:41:56 [INFO] [STATS] #1179 | FPS:  9.9 |  18.7ms | Hands:1 POINTING
15:41:56 [INFO] [GESTURE] idx_ext=True(2.03) mid_curl=True(0.64) ring_curl=True(0.55) pink_curl=True(0.80)
15:41:58 [INFO] [DEBUG] Saved proof frame: frame_01200.jpg tip=(0.416,0.451,-0.0200)
15:41:59 [INFO] [STATS] #1210 | FPS: 10.3 |  17.5ms | Hands:1 POINTING
15:41:59 [INFO] [GESTURE] idx_ext=True(2.04) mid_curl=True(0.56) ring_curl=True(0.56) pink_curl=True(0.60)
15:42:02 [INFO] [STATS] #1239 | FPS:  9.5 |  17.7ms | Hands:1 POINTING
15:42:03 [INFO] [GESTURE] idx_ext=True(2.12) mid_curl=True(0.28) ring_curl=True(0.23) pink_curl=True(0.26)
15:42:04 [INFO] [DEBUG] Saved proof frame: frame_01260.jpg tip=(0.343,0.490,0.0246)
15:42:05 [INFO] [STATS] #1268 | FPS:  9.7 |  21.1ms | Hands:1 POINTING
15:42:06 [INFO] [GESTURE] idx_ext=True(1.95) mid_curl=True(0.72) ring_curl=True(0.95) pink_curl=True(1.26)
15:42:07 [INFO] [DEBUG] Saved proof frame: frame_01290.jpg tip=(0.359,0.475,0.0356)
15:42:08 [INFO] [STATS] #1299 | FPS: 10.1 |  17.7ms | Hands:1 POINTING
15:42:09 [INFO] [GESTURE] idx_ext=True(2.17) mid_curl=True(0.38) ring_curl=True(0.47) pink_curl=True(1.25)
15:42:10 [INFO] [DEBUG] Saved proof frame: frame_01320.jpg tip=(0.379,0.345,0.0034)
15:42:11 [INFO] [STATS] #1330 | FPS: 10.0 |  19.0ms | Hands:1 POINTING
15:42:12 [INFO] [GESTURE] idx_ext=True(2.07) mid_curl=True(0.08) ring_curl=True(0.29) pink_curl=True(0.62)
15:42:13 [INFO] [DEBUG] Saved proof frame: frame_01350.jpg tip=(0.366,0.350,0.0181)
15:42:14 [INFO] [STATS] #1359 | FPS:  9.5 |  21.9ms | Hands:1 POINTING
15:42:15 [INFO] [GESTURE] idx_ext=True(2.03) mid_curl=True(0.16) ring_curl=True(0.22) pink_curl=True(0.53)
15:42:16 [INFO] [DEBUG] Saved proof frame: frame_01380.jpg tip=(0.384,0.354,0.0055)
15:42:17 [INFO] [STATS] #1390 | FPS: 10.2 |  20.6ms | Hands:1 POINTING
15:42:19 [INFO] [GESTURE] idx_ext=True(2.25) mid_curl=True(0.77) ring_curl=True(0.54) pink_curl=True(0.33)
15:42:19 [INFO] [DEBUG] Saved proof frame: frame_01410.jpg tip=(0.410,0.469,-0.0333)
15:42:20 [INFO] [STATS] #1421 | FPS: 10.1 |  19.5ms | Hands:1 POINTING
15:42:22 [INFO] [GESTURE] idx_ext=True(1.81) mid_curl=True(0.30) ring_curl=True(0.53) pink_curl=True(1.37)
15:42:22 [INFO] [DEBUG] Saved proof frame: frame_01440.jpg tip=(0.276,0.454,0.0307)
15:42:23 [INFO] [STATS] #1452 | FPS: 10.3 |  20.8ms | Hands:1 POINTING
15:42:25 [INFO] [GESTURE] idx_ext=True(2.22) mid_curl=True(0.71) ring_curl=True(0.56) pink_curl=True(0.67)
15:42:25 [INFO] [DEBUG] Saved proof frame: frame_01470.jpg tip=(0.268,0.251,-0.0353)
15:42:26 [INFO] [STATS] #1482 | FPS:  9.7 |  21.0ms | Hands:1 POINTING
15:42:28 [INFO] [GESTURE] idx_ext=True(2.15) mid_curl=True(0.46) ring_curl=True(0.58) pink_curl=True(1.08)
15:42:28 [INFO] [DEBUG] Saved proof frame: frame_01500.jpg tip=(0.427,0.259,-0.0224)
15:42:29 [INFO] [STATS] #1512 | FPS: 10.0 |  17.3ms | Hands:0 
15:42:31 [INFO] [DEBUG] Saved proof frame: frame_01530.jpg tip=(0.348,0.470,-0.0348)
15:42:32 [INFO] [STATS] #1541 | FPS:  9.5 |  15.3ms | Hands:1 POINTING
15:42:33 [INFO] [GESTURE] idx_ext=True(2.23) mid_curl=True(0.27) ring_curl=True(0.21) pink_curl=True(0.53)
15:42:34 [INFO] [DEBUG] Saved proof frame: frame_01560.jpg tip=(0.351,0.247,-0.0017)
15:42:35 [INFO] [STATS] #1572 | FPS: 10.1 |  19.2ms | Hands:1 POINTING
15:42:36 [INFO] [GESTURE] idx_ext=True(1.73) mid_curl=True(0.40) ring_curl=True(0.68) pink_curl=True(1.32)
15:42:37 [INFO] [DEBUG] Saved proof frame: frame_01590.jpg tip=(0.361,0.132,0.0446)
15:42:38 [INFO] [STATS] #1603 | FPS: 10.1 |  18.2ms | Hands:1 POINTING
15:42:39 [INFO] [GESTURE] idx_ext=True(2.18) mid_curl=True(0.50) ring_curl=True(0.29) pink_curl=True(0.23)
15:42:41 [INFO] [STATS] #1634 | FPS: 10.1 |  14.8ms | Hands:0 
15:42:44 [INFO] [STATS] #1664 | FPS: 10.2 |  11.4ms | Hands:0 
15:42:47 [INFO] [STATS] #1695 | FPS: 10.1 |  14.1ms | Hands:0 
15:42:51 [INFO] [STATS] #1726 | FPS: 10.0 |  10.5ms | Hands:0 
15:42:54 [INFO] [STATS] #1757 | FPS: 10.0 |   9.8ms | Hands:0 
15:42:57 [INFO] [STATS] #1787 | FPS: 10.0 |  10.9ms | Hands:0 
15:42:58 [INFO] [SERVER] Stopped.
