16:54:45 [INFO] ============================================================
16:54:45 [INFO]   ARCore Server Compatibility Check
16:54:45 [INFO] ============================================================
16:54:45 [INFO]   ✓  mediapipe              0.10.32
16:54:45 [INFO]   ✓  opencv                 4.11.0
16:54:45 [INFO]   ✓  numpy                  2.4.2
16:54:45 [INFO]   ✓  network_port           port 9999 likely available
16:54:45 [INFO] ------------------------------------------------------------
16:54:45 [INFO]   Unity ARCore requirements (verify in Editor):
16:54:45 [INFO]     XR Plug-in Management → Android → ARCore: ✓ checked
16:54:45 [INFO]     AR Foundation + ARCore XR Plugin: same major version
16:54:45 [INFO]     ARPlaneManager Detection Mode: Horizontal only
16:54:45 [INFO]     Scripting Backend: IL2CPP   Architecture: ARM64
16:54:45 [INFO]     Camera.clearFlags: Solid Color (not Skybox)
16:54:45 [INFO]     AR Camera tag: MainCamera
16:54:45 [INFO]     GuardianSystem Inspector: 3 AR refs assigned
16:54:45 [INFO] ------------------------------------------------------------
16:54:45 [INFO]   All Python checks PASSED ✓
16:54:45 [INFO] ============================================================
16:54:45 [INFO] [INIT] Loading hand tracker...
16:54:45 [INFO] [HANDS] Loading MediaPipe Hands (Tasks API)...
16:54:45 [INFO] [HANDS] ✓ Hand tracker ready (Tasks API v0.10.32)
16:54:45 [INFO] [INIT] ✓ Hand tracker ready
16:54:45 [INFO] [INIT] All modules ready.
16:54:45 [INFO] [NETWORK] Listening on 0.0.0.0:9999
16:54:45 [INFO] ============================================================
16:54:45 [INFO] READY - waiting for mobile connection...
16:54:45 [INFO] ============================================================
16:55:48 [INFO] [NETWORK] Connected: ('192.168.1.4', 49446)
16:55:48 [INFO] [SYSTEM] Connected — running
16:55:48 [INFO] [STATS] #   1 | FPS:  0.0 |  29.0ms | Hands:0 
16:55:51 [INFO] [STATS] #  32 | FPS: 10.2 |  10.9ms | Hands:0 
16:55:54 [INFO] [STATS] #  61 | FPS:  9.8 |   9.8ms | Hands:0 
16:55:57 [INFO] [STATS] #  92 | FPS: 10.2 |  12.9ms | Hands:0 
16:56:00 [INFO] [STATS] # 122 | FPS: 10.0 |  12.3ms | Hands:0 
16:56:04 [INFO] [STATS] # 151 | FPS: 10.1 |  12.1ms | Hands:0 
16:56:07 [INFO] [STATS] # 182 | FPS: 10.3 |  12.7ms | Hands:0 
16:56:10 [INFO] [STATS] # 209 | FPS:  8.9 |  18.8ms | Hands:1 POINTING
16:56:10 [INFO] [GESTURE] idx_ext=True(2.07) mid_curl=True(1.11) ring_curl=True(1.24) pink_curl=True(1.45)
16:56:13 [INFO] [STATS] # 240 | FPS: 10.0 |  16.4ms | Hands:0 
16:56:16 [INFO] [STATS] # 272 | FPS: 10.2 |  12.2ms | Hands:0 
16:56:19 [INFO] [STATS] # 302 | FPS: 10.0 |  13.0ms | Hands:0 
16:56:21 [INFO] [GESTURE] idx_ext=True(2.02) mid_curl=True(1.09) ring_curl=True(1.04) pink_curl=True(1.19)
16:56:22 [INFO] [DEBUG] Saved proof frame: frame_00330.jpg tip=(0.319,0.474,0.0931)
16:56:22 [INFO] [STATS] # 331 | FPS:  9.9 |  15.1ms | Hands:1 POINTING
16:56:25 [INFO] [STATS] # 363 | FPS: 10.2 |  17.1ms | Hands:1 
16:56:28 [INFO] [STATS] # 391 | FPS:  9.9 |  15.6ms | Hands:0 
16:56:31 [INFO] [STATS] # 423 | FPS: 10.1 |  12.3ms | Hands:0 
16:56:34 [INFO] [STATS] # 454 | FPS: 10.1 |  12.7ms | Hands:0 
16:56:37 [INFO] [STATS] # 484 | FPS:  9.7 |  12.2ms | Hands:0 
16:56:39 [INFO] [GESTURE] idx_ext=True(1.93) mid_curl=True(1.43) ring_curl=True(1.44) pink_curl=True(1.59)
16:56:40 [INFO] [DEBUG] Saved proof frame: frame_00510.jpg tip=(0.264,0.568,0.0618)
16:56:40 [INFO] [STATS] # 511 | FPS:  9.3 |  14.7ms | Hands:1 POINTING
16:56:43 [INFO] [STATS] # 543 | FPS: 10.4 |  16.1ms | Hands:0 
16:56:45 [INFO] [GESTURE] idx_ext=True(1.84) mid_curl=True(1.10) ring_curl=True(1.08) pink_curl=True(1.09)
16:56:46 [INFO] [STATS] # 572 | FPS:  9.5 |  17.9ms | Hands:1 POINTING
16:56:48 [INFO] [GESTURE] idx_ext=False(1.42) mid_curl=True(1.59) ring_curl=False(1.62) pink_curl=False(1.70)
16:56:49 [INFO] [STATS] # 603 | FPS: 10.1 |  19.1ms | Hands:1 
16:56:52 [INFO] [STATS] # 634 | FPS: 10.2 |  16.2ms | Hands:0 
16:56:55 [INFO] [STATS] # 665 | FPS: 10.2 |  13.1ms | Hands:0 
16:56:58 [INFO] [DEBUG] Saved proof frame: frame_00690.jpg tip=(0.591,0.356,0.0720)
16:56:58 [INFO] [GESTURE] idx_ext=True(1.85) mid_curl=True(1.25) ring_curl=True(1.34) pink_curl=True(1.49)
16:56:59 [INFO] [STATS] # 695 | FPS:  9.7 |  16.4ms | Hands:1 POINTING
16:57:02 [INFO] [STATS] # 727 | FPS: 10.1 |  15.4ms | Hands:0 
16:57:05 [INFO] [STATS] # 758 | FPS: 10.1 |  14.3ms | Hands:0 
16:57:08 [INFO] [STATS] # 789 | FPS: 10.0 |  14.2ms | Hands:0 
16:57:09 [INFO] [GESTURE] idx_ext=True(2.10) mid_curl=True(0.74) ring_curl=True(0.77) pink_curl=True(1.03)
16:57:11 [INFO] [STATS] # 820 | FPS: 10.2 |  19.1ms | Hands:1 
16:57:13 [INFO] [DEBUG] Saved proof frame: frame_00840.jpg tip=(0.287,0.519,0.1021)
16:57:13 [INFO] [GESTURE] idx_ext=True(2.09) mid_curl=True(1.60) ring_curl=True(1.55) pink_curl=True(1.56)
16:57:14 [INFO] [STATS] # 851 | FPS: 10.4 |  16.2ms | Hands:0 
16:57:17 [INFO] [GESTURE] idx_ext=True(1.95) mid_curl=True(1.42) ring_curl=False(1.61) pink_curl=False(1.69)
16:57:17 [INFO] [STATS] # 881 | FPS:  9.9 |  18.6ms | Hands:1 POINTING
16:57:20 [INFO] [STATS] # 911 | FPS:  9.8 |  13.9ms | Hands:0 
16:57:23 [INFO] [STATS] # 941 | FPS: 10.0 |  12.7ms | Hands:0 
16:57:26 [INFO] [STATS] # 972 | FPS: 10.0 |  12.7ms | Hands:0 
16:57:29 [INFO] [STATS] #1001 | FPS:  9.8 |  12.9ms | Hands:0 
16:57:32 [INFO] [STATS] #1032 | FPS: 10.3 |  11.7ms | Hands:0 
16:57:35 [INFO] [STATS] #1062 | FPS: 10.0 |  12.8ms | Hands:0 
16:57:38 [INFO] [STATS] #1092 | FPS: 10.0 |  12.9ms | Hands:0 
16:57:47 [ERROR] [NETWORK] Receive error: [WinError 10054] An existing connection was forcibly closed by the remote host
16:57:47 [WARNING] [NET] Connection lost.
16:57:47 [INFO] [SERVER] Reconnecting in 1s...
16:57:48 [INFO] [NETWORK] Listening on 0.0.0.0:9999
16:57:48 [INFO] ============================================================
16:57:48 [INFO] READY - waiting for mobile connection...
16:57:48 [INFO] ============================================================
