07:42:16 [INFO] ============================================================
07:42:16 [INFO]   ARCore Server Compatibility Check
07:42:16 [INFO] ============================================================
07:42:16 [INFO]   ✓  mediapipe              0.10.32
07:42:16 [INFO]   ✓  opencv                 4.11.0
07:42:16 [INFO]   ✓  numpy                  2.4.2
07:42:16 [INFO]   ✓  network_port           port 9999 available
07:42:16 [INFO] ------------------------------------------------------------
07:42:16 [INFO]   Unity ARCore requirements (verify in Editor):
07:42:16 [INFO]     XR Plug-in Management → Android → ARCore: ✓ checked
07:42:16 [INFO]     AR Foundation + ARCore XR Plugin: same major version
07:42:16 [INFO]     ARPlaneManager Detection Mode: Horizontal only
07:42:16 [INFO]     Scripting Backend: IL2CPP   Architecture: ARM64
07:42:16 [INFO]     Camera.clearFlags: Solid Color (not Skybox)
07:42:16 [INFO]     AR Camera tag: MainCamera
07:42:16 [INFO]     GuardianSystem Inspector: 3 AR refs assigned
07:42:16 [INFO] ------------------------------------------------------------
07:42:16 [INFO]   All Python checks PASSED ✓
07:42:16 [INFO] ============================================================
07:42:16 [INFO] [INIT] Loading hand tracker...
07:42:16 [INFO] [HANDS] Loading MediaPipe Hands (Tasks API)...
07:42:16 [INFO] [HANDS] ✓ Hand tracker ready (Tasks API v0.10.32)
07:42:16 [INFO] [INIT] ✓ Hand tracker ready
07:42:16 [INFO] [INIT] Loading pose tracker...
07:42:16 [INFO] [POSE] Loading MediaPipe Pose (Tasks API)...
07:42:16 [INFO] [POSE] ✓ Pose tracking ready (Tasks API v0.10.32)
07:42:16 [INFO] [INIT] ✓ Pose tracker ready
07:42:16 [INFO] [INIT] All modules ready.
07:42:16 [INFO] [NETWORK] Listening on 0.0.0.0:9999
07:42:16 [INFO] ============================================================
07:42:16 [INFO] READY - waiting for mobile connection...
07:42:16 [INFO] ============================================================
07:42:27 [INFO] [NETWORK] Connected: ('192.168.1.6', 56010)
07:42:27 [INFO] [SYSTEM] Connected — running
07:42:27 [INFO] [INIT] MediaPipe input size: (160, 160, 3) (should be 160×160×3)
07:42:30 [INFO] [STATS] #  25 | FPS:  1.7 |  76.9ms | Hands:0  | Pose:-- FloorHint:--
07:42:33 [INFO] [STATS] #  45 | FPS:  7.2 | 102.1ms | Hands:0  | Pose:-- FloorHint:--
07:42:36 [INFO] [STATS] #  76 | FPS: 10.0 |  41.1ms | Hands:0  | Pose:-- FloorHint:--
07:42:39 [INFO] [STATS] # 107 | FPS: 10.1 |  46.0ms | Hands:0  | Pose:-- FloorHint:--
07:42:42 [INFO] [STATS] # 137 | FPS: 10.0 |  46.8ms | Hands:0  | Pose:-- FloorHint:--
07:42:45 [INFO] [STATS] # 168 | FPS: 10.0 |  44.9ms | Hands:0  | Pose:-- FloorHint:--
07:42:48 [INFO] [STATS] # 198 | FPS: 10.0 |  45.6ms | Hands:0  | Pose:-- FloorHint:--
07:42:51 [INFO] [STATS] # 229 | FPS: 10.0 |  49.0ms | Hands:0  | Pose:-- FloorHint:--
07:42:54 [INFO] [STATS] # 259 | FPS: 10.0 |  46.9ms | Hands:0  | Pose:-- FloorHint:--
07:42:57 [INFO] [STATS] # 290 | FPS: 10.1 |  44.0ms | Hands:0  | Pose:-- FloorHint:--
07:43:01 [INFO] [STATS] # 321 | FPS: 10.1 |  42.5ms | Hands:0  | Pose:-- FloorHint:--
07:43:07 [ERROR] [NETWORK] Receive error: [WinError 10054] An existing connection was forcibly closed by the remote host
07:43:07 [WARNING] [NET] Connection lost.
07:43:07 [INFO] [SERVER] Reconnecting in 1s...
07:43:08 [INFO] [NETWORK] Listening on 0.0.0.0:9999
07:43:08 [INFO] ============================================================
07:43:08 [INFO] READY - waiting for mobile connection...
07:43:08 [INFO] ============================================================
07:43:20 [INFO] [NETWORK] Connected: ('192.168.1.6', 46382)
07:43:20 [INFO] [SYSTEM] Connected — running
07:43:20 [INFO] [INIT] MediaPipe input size: (160, 160, 3) (should be 160×160×3)
07:43:23 [INFO] [STATS] #  30 | FPS:  1.3 |  45.4ms | Hands:0  | Pose:-- FloorHint:--
07:43:26 [INFO] [STATS] #  60 | FPS:  9.9 |  57.5ms | Hands:0  | Pose:OK FloorHint:--
07:43:29 [INFO] [STATS] #  91 | FPS: 10.0 |  54.6ms | Hands:1 POINTING | Pose:-- FloorHint:--
07:43:33 [INFO] [STATS] # 122 | FPS: 10.1 |  46.6ms | Hands:0  | Pose:-- FloorHint:--
07:43:33 [INFO] [GESTURE] idx_ext=False(0.83) mid_curl=True(1.04) ring_curl=True(1.10) pink_curl=True(1.30)
07:43:36 [INFO] [STATS] # 152 | FPS:  9.9 |  57.0ms | Hands:0  | Pose:-- FloorHint:--
07:43:39 [INFO] [STATS] # 183 | FPS: 10.1 |  54.4ms | Hands:0  | Pose:-- FloorHint:--
07:43:42 [INFO] [STATS] # 213 | FPS:  9.5 |  57.5ms | Hands:0  | Pose:-- FloorHint:--
07:43:45 [INFO] [STATS] # 240 | FPS:  9.1 |  53.0ms | Hands:0  | Pose:-- FloorHint:--
07:43:48 [INFO] [STATS] # 269 | FPS:  9.3 |  49.3ms | Hands:0  | Pose:-- FloorHint:--
07:43:51 [INFO] [STATS] # 298 | FPS:  9.7 |  47.7ms | Hands:0  | Pose:-- FloorHint:--
07:43:54 [INFO] [STATS] # 327 | FPS:  9.6 |  46.0ms | Hands:0  | Pose:-- FloorHint:--
07:43:57 [INFO] [STATS] # 358 | FPS: 10.0 |  38.3ms | Hands:0  | Pose:-- FloorHint:--
07:44:00 [INFO] [STATS] # 389 | FPS: 10.1 |  38.0ms | Hands:0  | Pose:-- FloorHint:--
07:44:03 [INFO] [STATS] # 419 | FPS: 10.0 |  39.0ms | Hands:0  | Pose:-- FloorHint:--
07:44:06 [INFO] [STATS] # 448 | FPS:  9.5 |  54.1ms | Hands:0  | Pose:-- FloorHint:--
07:44:09 [INFO] [STATS] # 476 | FPS:  8.9 |  47.3ms | Hands:0  | Pose:-- FloorHint:--
07:44:12 [INFO] [STATS] # 502 | FPS:  8.6 |  52.7ms | Hands:0  | Pose:-- FloorHint:--
07:44:15 [INFO] [STATS] # 533 | FPS: 10.1 |  45.2ms | Hands:0  | Pose:-- FloorHint:--
07:44:18 [INFO] [STATS] # 563 | FPS: 10.0 |  48.2ms | Hands:0  | Pose:-- FloorHint:--
07:44:22 [INFO] [STATS] # 594 | FPS: 10.0 |  48.4ms | Hands:0  | Pose:-- FloorHint:--
07:44:25 [INFO] [STATS] # 624 | FPS: 10.0 |  40.2ms | Hands:0  | Pose:-- FloorHint:--
07:44:28 [INFO] [STATS] # 655 | FPS: 10.1 |  43.3ms | Hands:0  | Pose:-- FloorHint:--
07:44:31 [INFO] [STATS] # 686 | FPS: 10.1 |  41.9ms | Hands:0  | Pose:-- FloorHint:--
07:44:34 [INFO] [STATS] # 716 | FPS: 10.0 |  38.8ms | Hands:0  | Pose:-- FloorHint:--
07:44:37 [INFO] [STATS] # 747 | FPS: 10.0 |  51.5ms | Hands:0  | Pose:-- FloorHint:--
07:44:40 [INFO] [STATS] # 777 | FPS:  9.9 |  58.8ms | Hands:0  | Pose:-- FloorHint:--
07:44:42 [ERROR] [NETWORK] Receive error: [WinError 10054] An existing connection was forcibly closed by the remote host
07:44:42 [WARNING] [NET] Connection lost.
07:44:42 [INFO] [SERVER] Reconnecting in 1s...
07:44:43 [INFO] [NETWORK] Listening on 0.0.0.0:9999
07:44:43 [INFO] ============================================================
07:44:43 [INFO] READY - waiting for mobile connection...
07:44:43 [INFO] ============================================================
07:44:49 [INFO] [NETWORK] Connected: ('192.168.1.6', 51580)
07:44:49 [INFO] [SYSTEM] Connected — running
07:44:49 [INFO] [INIT] MediaPipe input size: (160, 160, 3) (should be 160×160×3)
07:44:52 [INFO] [STATS] #  27 | FPS:  2.7 |  49.1ms | Hands:0  | Pose:-- FloorHint:--
07:44:55 [INFO] [STATS] #  56 | FPS:  9.7 |  55.4ms | Hands:0  | Pose:-- FloorHint:--
07:44:58 [INFO] [STATS] #  85 | FPS:  9.4 |  70.5ms | Hands:0  | Pose:-- FloorHint:--
07:45:01 [INFO] [STATS] # 116 | FPS: 10.2 |  50.8ms | Hands:0  | Pose:-- FloorHint:--
07:45:05 [INFO] [STATS] # 147 | FPS: 10.0 |  49.2ms | Hands:0  | Pose:-- FloorHint:--
07:45:08 [INFO] [STATS] # 178 | FPS: 10.0 |  30.5ms | Hands:0  | Pose:-- FloorHint:--
07:45:11 [INFO] [STATS] # 208 | FPS: 10.0 |  15.0ms | Hands:0  | Pose:-- FloorHint:--
07:45:14 [INFO] [STATS] # 238 | FPS:  9.7 |  16.4ms | Hands:0  | Pose:-- FloorHint:--
07:45:17 [INFO] [STATS] # 269 | FPS: 10.0 |  16.3ms | Hands:0  | Pose:-- FloorHint:--
07:45:20 [INFO] [STATS] # 299 | FPS: 10.1 |  15.9ms | Hands:0  | Pose:-- FloorHint:--
07:45:23 [INFO] [STATS] # 330 | FPS: 10.1 |  14.7ms | Hands:0  | Pose:-- FloorHint:--
07:45:26 [INFO] [STATS] # 360 | FPS:  9.9 |  22.3ms | Hands:0  | Pose:-- FloorHint:--
07:45:29 [INFO] [STATS] # 390 | FPS:  9.9 |  53.4ms | Hands:0  | Pose:-- FloorHint:--
07:45:32 [INFO] [STATS] # 421 | FPS: 10.1 |  47.4ms | Hands:0  | Pose:-- FloorHint:--
07:45:35 [INFO] [STATS] # 450 | FPS:  9.7 |  66.4ms | Hands:0  | Pose:-- FloorHint:--
07:45:41 [ERROR] [NETWORK] Receive error: [WinError 10054] An existing connection was forcibly closed by the remote host
07:45:41 [WARNING] [NET] Connection lost.
07:45:41 [INFO] [SERVER] Reconnecting in 1s...
07:45:42 [INFO] [NETWORK] Listening on 0.0.0.0:9999
07:45:42 [INFO] ============================================================
07:45:42 [INFO] READY - waiting for mobile connection...
07:45:42 [INFO] ============================================================
