21:43:38 [INFO] ============================================================
21:43:38 [INFO]   ARCore Server Compatibility Check
21:43:38 [INFO] ============================================================
21:43:38 [INFO]   ✓  mediapipe              0.10.32
21:43:38 [INFO]   ✓  opencv                 4.11.0
21:43:38 [INFO]   ✓  numpy                  2.4.2
21:43:38 [INFO]   ✓  network_port           port 9999 available
21:43:38 [INFO] ------------------------------------------------------------
21:43:38 [INFO]   Unity ARCore requirements (verify in Editor):
21:43:38 [INFO]     XR Plug-in Management → Android → ARCore: ✓ checked
21:43:38 [INFO]     AR Foundation + ARCore XR Plugin: same major version
21:43:38 [INFO]     ARPlaneManager Detection Mode: Horizontal only
21:43:38 [INFO]     Scripting Backend: IL2CPP   Architecture: ARM64
21:43:38 [INFO]     Camera.clearFlags: Solid Color (not Skybox)
21:43:38 [INFO]     AR Camera tag: MainCamera
21:43:38 [INFO]     GuardianSystem Inspector: 3 AR refs assigned
21:43:38 [INFO] ------------------------------------------------------------
21:43:38 [INFO]   All Python checks PASSED ✓
21:43:38 [INFO] ============================================================
21:43:38 [INFO] [INIT] Loading hand tracker...
21:43:38 [INFO] [HANDS] Loading MediaPipe Hands (Tasks API)...
21:43:38 [INFO] [HANDS] ✓ Hand tracker ready (Tasks API v0.10.32)
21:43:38 [INFO] [INIT] ✓ Hand tracker ready
21:43:38 [INFO] [INIT] All modules ready.
21:43:38 [INFO] [NETWORK] Listening on 0.0.0.0:9999
21:43:38 [INFO] ============================================================
21:43:38 [INFO] READY - waiting for mobile connection...
21:43:38 [INFO] ============================================================
