11:52:42 [INFO] ============================================================
11:52:42 [INFO]   ARCore Server Compatibility Check
11:52:42 [INFO] ============================================================
11:52:42 [INFO]   ✓  mediapipe              0.10.32
11:52:42 [INFO]   ✓  opencv                 4.11.0
11:52:42 [INFO]   ✓  numpy                  2.4.2
11:52:42 [INFO]   ✓  network_port           port 9999 available
11:52:42 [INFO] ------------------------------------------------------------
11:52:42 [INFO]   Unity ARCore requirements (verify in Editor):
11:52:42 [INFO]     XR Plug-in Management → Android → ARCore: ✓ checked
11:52:42 [INFO]     AR Foundation + ARCore XR Plugin: same major version
11:52:42 [INFO]     ARPlaneManager Detection Mode: Horizontal only
11:52:42 [INFO]     Scripting Backend: IL2CPP   Architecture: ARM64
11:52:42 [INFO]     Camera.clearFlags: Solid Color (not Skybox)
11:52:42 [INFO]     AR Camera tag: MainCamera
11:52:42 [INFO]     GuardianSystem Inspector: 3 AR refs assigned
11:52:42 [INFO] ------------------------------------------------------------
11:52:42 [INFO]   All Python checks PASSED ✓
11:52:42 [INFO] ============================================================
11:52:42 [INFO] [INIT] Loading hand tracker...
11:52:42 [INFO] [HANDS] Loading MediaPipe Hands (Tasks API)...
11:52:42 [INFO] [HANDS] ✓ Hand tracker ready (Tasks API v0.10.32)
11:52:42 [INFO] [INIT] ✓ Hand tracker ready
11:52:42 [INFO] [INIT] Loading pose tracker...
11:52:42 [INFO] [POSE] Loading MediaPipe Pose (Tasks API)...
11:52:42 [INFO] [POSE] ✓ Pose tracking ready (Tasks API v0.10.32)
11:52:42 [INFO] [INIT] ✓ Pose tracker ready
11:52:42 [INFO] [INIT] All modules ready.
11:52:42 [INFO] [NETWORK] Listening on 0.0.0.0:9999
11:52:42 [INFO] ============================================================
11:52:42 [INFO] READY - waiting for mobile connection...
11:52:42 [INFO] ============================================================
11:53:41 [INFO] [NETWORK] Connected: ('192.168.1.6', 58814)
11:53:41 [INFO] [SYSTEM] Connected — running
11:53:42 [INFO] [INIT] MediaPipe input size: (160, 160, 3) (should be 160×160×3)
11:53:44 [ERROR] [SERVER] Error: unsupported format string passed to NoneType.__format__
11:53:44 [INFO] [SERVER] Reconnecting in 1s...
11:53:45 [INFO] [NETWORK] Listening on 0.0.0.0:9999
11:53:45 [INFO] ============================================================
11:53:45 [INFO] READY - waiting for mobile connection...
11:53:45 [INFO] ============================================================
