21:12:33 [INFO] ============================================================
21:12:33 [INFO]   ARCore Server Compatibility Check
21:12:33 [INFO] ============================================================
21:12:33 [INFO]   ✓  mediapipe              0.10.32
21:12:33 [INFO]   ✓  opencv                 4.11.0
21:12:33 [INFO]   ✓  numpy                  2.4.2
21:12:33 [INFO]   ✓  network_port           port 9999 available
21:12:33 [INFO] ------------------------------------------------------------
21:12:33 [INFO]   Unity ARCore requirements (verify in Editor):
21:12:33 [INFO]     XR Plug-in Management → Android → ARCore: ✓ checked
21:12:33 [INFO]     AR Foundation + ARCore XR Plugin: same major version
21:12:33 [INFO]     ARPlaneManager Detection Mode: Horizontal only
21:12:33 [INFO]     Scripting Backend: IL2CPP   Architecture: ARM64
21:12:33 [INFO]     Camera.clearFlags: Solid Color (not Skybox)
21:12:33 [INFO]     AR Camera tag: MainCamera
21:12:33 [INFO]     GuardianSystem Inspector: 3 AR refs assigned
21:12:33 [INFO] ------------------------------------------------------------
21:12:33 [INFO]   All Python checks PASSED ✓
21:12:33 [INFO] ============================================================
21:12:33 [INFO] [INIT] Loading hand tracker...
21:12:33 [INFO] [HANDS] Loading MediaPipe Hands (Tasks API)...
21:12:33 [INFO] [HANDS] ✓ Hand tracker ready (Tasks API v0.10.32)
21:12:33 [INFO] [INIT] ✓ Hand tracker ready
21:12:33 [INFO] [INIT] All modules ready.
21:12:33 [INFO] [NETWORK] Listening on 0.0.0.0:9999
21:12:33 [INFO] ============================================================
21:12:33 [INFO] READY - waiting for mobile connection...
21:12:33 [INFO] ============================================================
21:14:02 [INFO] [NETWORK] Connected: ('192.168.1.6', 44488)
21:14:02 [INFO] [SYSTEM] Connected — running
21:14:02 [INFO] [INIT] MediaPipe input size: (160, 160, 3) (should be 160×160×3)
21:15:16 [ERROR] [NETWORK] Receive error: [WinError 10054] An existing connection was forcibly closed by the remote host
21:15:16 [WARNING] [NET] Connection lost.
21:15:16 [INFO] [SERVER] Reconnecting in 1s...
21:15:17 [INFO] [NETWORK] Listening on 0.0.0.0:9999
21:15:17 [INFO] ============================================================
21:15:17 [INFO] READY - waiting for mobile connection...
21:15:17 [INFO] ============================================================
