02:13:05 [INFO] ============================================================
02:13:05 [INFO]   ARCore Server Compatibility Check
02:13:05 [INFO] ============================================================
02:13:05 [INFO]   ✓  mediapipe              0.10.32
02:13:05 [INFO]   ✓  opencv                 4.11.0
02:13:05 [INFO]   ✓  numpy                  2.4.2
02:13:05 [INFO]   ✓  network_port           port 9999 likely available
02:13:05 [INFO] ------------------------------------------------------------
02:13:05 [INFO]   Unity ARCore requirements (verify in Editor):
02:13:05 [INFO]     XR Plug-in Management → Android → ARCore: ✓ checked
02:13:05 [INFO]     AR Foundation + ARCore XR Plugin: same major version
02:13:05 [INFO]     ARPlaneManager Detection Mode: Horizontal only
02:13:05 [INFO]     Scripting Backend: IL2CPP   Architecture: ARM64
02:13:05 [INFO]     Camera.clearFlags: Solid Color (not Skybox)
02:13:05 [INFO]     AR Camera tag: MainCamera
02:13:05 [INFO]     GuardianSystem Inspector: 3 AR refs assigned
02:13:05 [INFO] ------------------------------------------------------------
02:13:05 [INFO]   All Python checks PASSED ✓
02:13:05 [INFO] ============================================================
02:13:05 [INFO] [INIT] Loading hand tracker...
02:13:05 [INFO] [HANDS] Loading MediaPipe Hands (Tasks API)...
02:13:05 [INFO] [HANDS] ✓ Hand tracker ready (Tasks API v0.10.32)
02:13:05 [INFO] [INIT] ✓ Hand tracker ready
02:13:05 [INFO] [INIT] All modules ready.
02:13:05 [INFO] [NETWORK] Listening on 0.0.0.0:9999
02:13:05 [INFO] ============================================================
02:13:05 [INFO] READY - waiting for mobile connection...
02:13:05 [INFO] ============================================================
02:25:54 [INFO] [NETWORK] Connected: ('192.168.1.4', 35466)
02:25:54 [INFO] [SYSTEM] Connected — running
02:25:55 [INFO] [STATS] #   1 | FPS:  0.0 | 360.5ms | Hands:0 
02:25:58 [INFO] [STATS] #  36 | FPS: 11.8 |  42.6ms | Hands:0 
02:26:01 [INFO] [STATS] #  67 | FPS: 10.2 |  26.9ms | Hands:0 
02:26:04 [INFO] [STATS] #  97 | FPS:  9.9 |  14.1ms | Hands:0 
02:26:07 [INFO] [STATS] # 119 | FPS:  8.3 |  14.1ms | Hands:0 
02:26:10 [INFO] [STATS] # 137 | FPS:  5.9 |  15.8ms | Hands:0 
02:26:13 [INFO] [STATS] # 167 | FPS:  9.8 |  14.9ms | Hands:0 
02:26:16 [INFO] [STATS] # 197 | FPS:  9.9 |  14.5ms | Hands:0 
02:26:19 [INFO] [STATS] # 224 | FPS:  9.2 |  14.3ms | Hands:0 
02:26:22 [INFO] [DEBUG] Saved proof frame: frame_00240.jpg tip=(0.325,0.713,0.0366)
02:26:22 [INFO] [STATS] # 248 | FPS:  7.9 |  22.2ms | Hands:1 POINTING
02:26:24 [INFO] [GESTURE] idx_ext=True(1.87) mid_curl=False(2.01) ring_curl=True(0.66) pink_curl=True(0.57)
02:26:25 [INFO] [STATS] # 267 | FPS:  7.2 |  21.6ms | Hands:1 POINTING
02:26:28 [INFO] [STATS] # 296 | FPS:  9.6 |  20.1ms | Hands:0 
02:26:29 [INFO] [GESTURE] idx_ext=True(2.16) mid_curl=True(0.48) ring_curl=True(0.23) pink_curl=True(0.33)
02:26:31 [INFO] [STATS] # 323 | FPS:  8.9 |  21.3ms | Hands:1 POINTING
02:26:32 [INFO] [DEBUG] Saved proof frame: frame_00330.jpg tip=(0.087,0.329,-0.0280)
02:26:33 [INFO] [GESTURE] idx_ext=True(2.06) mid_curl=True(0.78) ring_curl=True(0.49) pink_curl=True(0.90)
02:26:34 [INFO] [STATS] # 350 | FPS:  9.0 |  22.3ms | Hands:0 
02:26:37 [INFO] [STATS] # 381 | FPS: 10.4 |  15.3ms | Hands:0 
02:26:40 [INFO] [STATS] # 410 | FPS:  9.6 |  14.7ms | Hands:1 POINTING
02:26:44 [INFO] [STATS] # 440 | FPS: 10.0 |  15.9ms | Hands:0 
02:26:47 [INFO] [STATS] # 471 | FPS: 10.1 |  15.1ms | Hands:0 
02:26:50 [INFO] [STATS] # 502 | FPS: 10.3 |  14.4ms | Hands:0 
02:26:53 [INFO] [STATS] # 533 | FPS: 10.1 |  14.4ms | Hands:0 
02:26:56 [INFO] [STATS] # 562 | FPS:  9.8 |  13.9ms | Hands:0 
02:26:59 [INFO] [GESTURE] idx_ext=True(1.93) mid_curl=False(1.73) ring_curl=False(1.66) pink_curl=False(1.74)
02:26:59 [INFO] [STATS] # 592 | FPS:  9.7 |  13.4ms | Hands:0 
02:27:02 [INFO] [STATS] # 623 | FPS: 10.2 |  17.8ms | Hands:0 
02:27:05 [INFO] [STATS] # 653 | FPS:  9.9 |  17.0ms | Hands:1 POINTING
02:27:06 [INFO] [DEBUG] Saved proof frame: frame_00660.jpg tip=(0.303,0.707,0.0197)
02:27:07 [INFO] [GESTURE] idx_ext=True(2.21) mid_curl=True(1.19) ring_curl=True(0.89) pink_curl=True(0.93)
02:27:08 [INFO] [STATS] # 684 | FPS: 10.3 |  21.7ms | Hands:0 
02:27:11 [INFO] [STATS] # 714 | FPS: 10.0 |  14.1ms | Hands:0 
02:27:14 [INFO] [STATS] # 744 | FPS:  9.9 |  19.7ms | Hands:0 
02:27:15 [INFO] [DEBUG] Saved proof frame: frame_00750.jpg tip=(0.426,0.778,-0.0204)
02:27:16 [INFO] [GESTURE] idx_ext=True(2.32) mid_curl=True(0.79) ring_curl=True(0.41) pink_curl=True(0.36)
02:27:17 [INFO] [STATS] # 775 | FPS: 10.1 |  18.4ms | Hands:0 
02:27:18 [INFO] [DEBUG] Saved proof frame: frame_00780.jpg tip=(0.866,0.674,-0.1194)
02:27:20 [INFO] [STATS] # 806 | FPS: 10.3 |  19.8ms | Hands:0 
02:27:23 [INFO] [STATS] # 837 | FPS: 10.3 |  13.4ms | Hands:0 
02:27:26 [INFO] [STATS] # 868 | FPS: 10.2 |  13.9ms | Hands:0 
02:27:29 [INFO] [STATS] # 898 | FPS:  9.7 |  13.8ms | Hands:0 
02:27:32 [INFO] [GESTURE] idx_ext=True(2.10) mid_curl=True(0.67) ring_curl=True(0.34) pink_curl=True(0.46)
02:27:32 [INFO] [STATS] # 929 | FPS: 10.1 |  18.1ms | Hands:1 POINTING
02:27:35 [INFO] [DEBUG] Saved proof frame: frame_00960.jpg tip=(0.572,0.551,0.0041)
02:27:35 [INFO] [STATS] # 960 | FPS: 10.0 |  19.1ms | Hands:1 POINTING
02:27:38 [INFO] [STATS] # 991 | FPS: 10.1 |  15.8ms | Hands:0 
02:27:40 [INFO] [GESTURE] idx_ext=True(2.27) mid_curl=True(0.56) ring_curl=True(0.21) pink_curl=True(0.23)
02:27:41 [INFO] [DEBUG] Saved proof frame: frame_01020.jpg tip=(0.196,0.569,-0.0673)
02:27:42 [INFO] [STATS] #1022 | FPS: 10.0 |  17.1ms | Hands:1 POINTING
02:27:44 [INFO] [DEBUG] Saved proof frame: frame_01050.jpg tip=(0.531,0.368,-0.0361)
02:27:45 [INFO] [STATS] #1052 | FPS: 10.0 |  17.8ms | Hands:0 
02:27:47 [INFO] [GESTURE] idx_ext=True(2.14) mid_curl=True(0.73) ring_curl=True(0.59) pink_curl=True(0.83)
02:27:48 [INFO] [STATS] #1083 | FPS: 10.2 |  17.1ms | Hands:0 
02:27:51 [INFO] [STATS] #1112 | FPS:  9.6 |  20.3ms | Hands:1 
02:27:52 [INFO] [GESTURE] idx_ext=True(2.09) mid_curl=False(1.75) ring_curl=False(1.69) pink_curl=False(1.67)
02:27:54 [INFO] [STATS] #1142 | FPS:  9.8 |  15.3ms | Hands:0 
02:27:57 [INFO] [STATS] #1171 | FPS:  9.4 |  13.4ms | Hands:0 
02:28:00 [INFO] [STATS] #1199 | FPS:  9.2 |  14.5ms | Hands:0 
02:28:03 [INFO] [STATS] #1230 | FPS: 10.2 |  15.7ms | Hands:0 
02:28:05 [INFO] [SERVER] Stopped.
