03:08:09 [INFO] ============================================================
03:08:09 [INFO]   ARCore Server Compatibility Check
03:08:09 [INFO] ============================================================
03:08:09 [INFO]   ✓  mediapipe              0.10.32
03:08:09 [INFO]   ✓  opencv                 4.11.0
03:08:09 [INFO]   ✓  numpy                  2.4.2
03:08:09 [INFO]   ✓  network_port           port 9999 likely available
03:08:09 [INFO] ------------------------------------------------------------
03:08:09 [INFO]   Unity ARCore requirements (verify in Editor):
03:08:09 [INFO]     XR Plug-in Management → Android → ARCore: ✓ checked
03:08:09 [INFO]     AR Foundation + ARCore XR Plugin: same major version
03:08:09 [INFO]     ARPlaneManager Detection Mode: Horizontal only
03:08:09 [INFO]     Scripting Backend: IL2CPP   Architecture: ARM64
03:08:09 [INFO]     Camera.clearFlags: Solid Color (not Skybox)
03:08:09 [INFO]     AR Camera tag: MainCamera
03:08:09 [INFO]     GuardianSystem Inspector: 3 AR refs assigned
03:08:09 [INFO] ------------------------------------------------------------
03:08:09 [INFO]   All Python checks PASSED ✓
03:08:09 [INFO] ============================================================
03:08:09 [INFO] [INIT] Loading hand tracker...
03:08:09 [INFO] [HANDS] Loading MediaPipe Hands (Tasks API)...
03:08:09 [INFO] [HANDS] ✓ Hand tracker ready (Tasks API v0.10.32)
03:08:09 [INFO] [INIT] ✓ Hand tracker ready
03:08:09 [INFO] [INIT] All modules ready.
03:08:09 [INFO] [NETWORK] Listening on 0.0.0.0:9999
03:08:09 [INFO] ============================================================
03:08:09 [INFO] READY - waiting for mobile connection...
03:08:09 [INFO] ============================================================
03:11:29 [INFO] [NETWORK] Connected: ('192.168.1.4', 60316)
03:11:29 [INFO] [SYSTEM] Connected — running
03:11:29 [INFO] [STATS] #   1 | FPS:  0.0 | 245.9ms | Hands:0 
03:11:32 [INFO] [STATS] #  35 | FPS: 10.6 |  22.1ms | Hands:0 
03:11:35 [INFO] [STATS] #  65 | FPS: 10.0 |   9.4ms | Hands:0 
03:11:38 [INFO] [DEBUG] Saved proof frame: frame_00090.jpg tip=(0.359,0.653)
03:11:38 [INFO] [STATS] #  94 | FPS: 10.1 |  12.7ms | Hands:1 POINTING
03:11:41 [INFO] [DEBUG] Saved proof frame: frame_00120.jpg tip=(0.392,0.606)
03:11:42 [INFO] [STATS] # 125 | FPS: 10.1 |  13.0ms | Hands:0 
03:11:43 [INFO] [GESTURE] idx_ext=True(1.85) mid_curl=True(1.16) ring_curl=True(1.37) pink_curl=True(1.49)
03:11:45 [INFO] [STATS] # 156 | FPS: 10.0 |  12.4ms | Hands:1 
03:11:48 [INFO] [STATS] # 187 | FPS: 10.3 |  13.8ms | Hands:1 
03:11:48 [INFO] [GESTURE] idx_ext=True(1.93) mid_curl=True(0.50) ring_curl=True(1.00) pink_curl=True(1.54)
03:11:50 [INFO] [DEBUG] Saved proof frame: frame_00210.jpg tip=(0.518,0.309)
03:11:51 [INFO] [STATS] # 218 | FPS: 10.1 |  13.3ms | Hands:0 
03:11:53 [INFO] [GESTURE] idx_ext=True(2.05) mid_curl=True(0.45) ring_curl=True(0.39) pink_curl=True(0.58)
03:11:53 [INFO] [DEBUG] Saved proof frame: frame_00240.jpg tip=(0.650,0.264)
03:11:54 [INFO] [STATS] # 248 | FPS:  9.9 |  16.6ms | Hands:1 POINTING
03:11:56 [INFO] [GESTURE] idx_ext=True(1.96) mid_curl=True(1.15) ring_curl=True(1.13) pink_curl=True(1.34)
03:11:56 [INFO] [DEBUG] Saved proof frame: frame_00270.jpg tip=(0.613,0.558)
03:11:57 [INFO] [STATS] # 279 | FPS: 10.0 |  16.1ms | Hands:1 
03:11:59 [INFO] [GESTURE] idx_ext=True(1.97) mid_curl=True(1.14) ring_curl=True(1.20) pink_curl=True(1.32)
03:12:00 [INFO] [STATS] # 309 | FPS: 10.0 |  16.3ms | Hands:1 POINTING
03:12:03 [INFO] [GESTURE] idx_ext=True(1.99) mid_curl=True(1.07) ring_curl=True(1.12) pink_curl=True(1.36)
03:12:03 [INFO] [STATS] # 340 | FPS: 10.0 |  14.8ms | Hands:1 
03:12:06 [INFO] [STATS] # 370 | FPS: 10.0 |  14.0ms | Hands:1 POINTING
03:12:07 [INFO] [GESTURE] idx_ext=True(1.98) mid_curl=True(1.07) ring_curl=True(1.13) pink_curl=True(1.31)
03:12:08 [INFO] [DEBUG] Saved proof frame: frame_00390.jpg tip=(0.629,0.288)
03:12:09 [INFO] [STATS] # 400 | FPS: 10.0 |  15.9ms | Hands:1 
03:12:10 [INFO] [GESTURE] idx_ext=True(2.08) mid_curl=False(2.02) ring_curl=False(2.04) pink_curl=False(2.06)
03:12:12 [INFO] [STATS] # 431 | FPS: 10.0 |  16.2ms | Hands:1 POINTING
03:12:13 [INFO] [GESTURE] idx_ext=True(2.08) mid_curl=True(1.55) ring_curl=True(1.32) pink_curl=True(1.44)
03:12:14 [INFO] [DEBUG] Saved proof frame: frame_00450.jpg tip=(0.626,0.609)
03:12:15 [INFO] [STATS] # 461 | FPS:  9.9 |  16.7ms | Hands:1 POINTING
03:12:16 [INFO] [GESTURE] idx_ext=True(2.19) mid_curl=False(1.93) ring_curl=True(1.36) pink_curl=True(1.52)
03:12:17 [INFO] [DEBUG] Saved proof frame: frame_00480.jpg tip=(0.471,0.600)
03:12:18 [INFO] [STATS] # 492 | FPS: 10.0 |  14.6ms | Hands:0 
03:12:21 [INFO] [STATS] # 523 | FPS: 10.0 |   9.7ms | Hands:0 
03:12:24 [INFO] [STATS] # 553 | FPS: 10.0 |   9.5ms | Hands:0 
03:12:27 [INFO] [STATS] # 583 | FPS: 10.0 |   9.5ms | Hands:0 
03:12:30 [INFO] [STATS] # 613 | FPS:  9.9 |  11.0ms | Hands:0 
03:12:33 [INFO] [STATS] # 644 | FPS: 10.2 |   9.2ms | Hands:0 
03:12:36 [INFO] [STATS] # 674 | FPS:  9.9 |  10.7ms | Hands:0 
03:12:38 [INFO] [GESTURE] idx_ext=True(2.19) mid_curl=False(2.13) ring_curl=True(1.52) pink_curl=True(1.53)
03:12:39 [INFO] [STATS] # 704 | FPS: 10.0 |  15.8ms | Hands:0 
03:12:41 [INFO] [GESTURE] idx_ext=True(1.91) mid_curl=True(0.87) ring_curl=True(1.11) pink_curl=False(1.81)
03:12:42 [INFO] [STATS] # 734 | FPS: 10.0 |  15.9ms | Hands:1 POINTING
03:12:45 [INFO] [STATS] # 764 | FPS: 10.0 |  14.1ms | Hands:1 POINTING
03:12:46 [INFO] [GESTURE] idx_ext=True(2.08) mid_curl=True(0.77) ring_curl=True(1.47) pink_curl=False(1.73)
03:12:47 [INFO] [DEBUG] Saved proof frame: frame_00780.jpg tip=(0.350,0.450)
03:12:48 [INFO] [STATS] # 794 | FPS: 10.0 |  16.6ms | Hands:1 POINTING
03:12:49 [INFO] [GESTURE] idx_ext=True(2.08) mid_curl=True(0.36) ring_curl=False(1.60) pink_curl=False(2.35)
03:12:50 [INFO] [DEBUG] Saved proof frame: frame_00810.jpg tip=(0.318,0.439)
03:12:52 [INFO] [STATS] # 824 | FPS: 10.0 |  16.7ms | Hands:1 
03:12:52 [INFO] [GESTURE] idx_ext=True(1.94) mid_curl=True(0.72) ring_curl=True(1.22) pink_curl=False(1.66)
03:12:53 [INFO] [DEBUG] Saved proof frame: frame_00840.jpg tip=(0.541,0.371)
03:12:55 [INFO] [STATS] # 854 | FPS: 10.0 |  14.4ms | Hands:0 
03:12:57 [INFO] [GESTURE] idx_ext=True(1.98) mid_curl=True(1.52) ring_curl=True(0.88) pink_curl=True(1.44)
03:12:58 [INFO] [STATS] # 885 | FPS: 10.0 |  12.6ms | Hands:0 
03:13:01 [INFO] [STATS] # 912 | FPS:  9.9 |  10.4ms | Hands:0 
03:13:02 [INFO] [DEBUG] Saved proof frame: frame_00930.jpg tip=(0.529,0.421)
03:13:04 [INFO] [STATS] # 948 | FPS: 11.3 |  12.6ms | Hands:0 
03:13:05 [INFO] [DEBUG] Saved proof frame: frame_00960.jpg tip=(0.510,0.413)
03:13:05 [INFO] [GESTURE] idx_ext=True(2.06) mid_curl=True(0.67) ring_curl=True(1.43) pink_curl=False(3.11)
03:13:07 [INFO] [STATS] # 979 | FPS: 10.0 |  13.8ms | Hands:1 
03:13:10 [INFO] [STATS] #1009 | FPS: 10.0 |  14.7ms | Hands:1 POINTING
03:13:10 [INFO] [GESTURE] idx_ext=True(2.10) mid_curl=True(0.39) ring_curl=True(1.11) pink_curl=False(1.69)
03:13:11 [INFO] [DEBUG] Saved proof frame: frame_01020.jpg tip=(0.571,0.495)
03:13:13 [INFO] [GESTURE] idx_ext=True(2.13) mid_curl=True(0.45) ring_curl=True(1.38) pink_curl=False(1.91)
03:13:13 [INFO] [STATS] #1040 | FPS: 10.1 |  16.7ms | Hands:1 POINTING
03:13:14 [INFO] [DEBUG] Saved proof frame: frame_01050.jpg tip=(0.493,0.484)
03:13:16 [INFO] [GESTURE] idx_ext=True(2.12) mid_curl=True(0.36) ring_curl=False(1.89) pink_curl=False(3.75)
03:13:16 [INFO] [STATS] #1070 | FPS: 10.0 |  16.8ms | Hands:1 
03:13:17 [INFO] [DEBUG] Saved proof frame: frame_01080.jpg tip=(0.395,0.407)
03:13:19 [INFO] [STATS] #1100 | FPS: 10.0 |  16.2ms | Hands:1 POINTING
03:13:19 [INFO] [GESTURE] idx_ext=True(1.73) mid_curl=True(1.16) ring_curl=True(1.28) pink_curl=False(1.60)
03:13:22 [INFO] [STATS] #1130 | FPS: 10.0 |  12.2ms | Hands:1 POINTING
03:13:25 [INFO] [STATS] #1160 | FPS: 10.0 |  11.8ms | Hands:0 
03:13:28 [INFO] [STATS] #1190 | FPS:  9.8 |   9.8ms | Hands:0 
03:13:31 [INFO] [STATS] #1221 | FPS: 10.0 |  11.2ms | Hands:0 
03:13:34 [INFO] [STATS] #1250 | FPS:  9.6 |   9.3ms | Hands:0 
03:13:37 [INFO] [STATS] #1280 | FPS:  9.9 |   9.5ms | Hands:0 
03:13:40 [INFO] [SERVER] Stopped.
