13:05:06 [INFO] ============================================================
13:05:06 [INFO]   ARCore Server Compatibility Check
13:05:06 [INFO] ============================================================
13:05:06 [INFO]   ✓  mediapipe              0.10.32
13:05:06 [INFO]   ✓  opencv                 4.11.0
13:05:06 [INFO]   ✓  numpy                  2.4.2
13:05:06 [INFO]   ✓  network_port           port 9999 likely available
13:05:06 [INFO] ------------------------------------------------------------
13:05:06 [INFO]   Unity ARCore requirements (verify in Editor):
13:05:06 [INFO]     XR Plug-in Management → Android → ARCore: ✓ checked
13:05:06 [INFO]     AR Foundation + ARCore XR Plugin: same major version
13:05:06 [INFO]     ARPlaneManager Detection Mode: Horizontal only
13:05:06 [INFO]     Scripting Backend: IL2CPP   Architecture: ARM64
13:05:06 [INFO]     Camera.clearFlags: Solid Color (not Skybox)
13:05:06 [INFO]     AR Camera tag: MainCamera
13:05:06 [INFO]     GuardianSystem Inspector: 3 AR refs assigned
13:05:06 [INFO] ------------------------------------------------------------
13:05:06 [INFO]   All Python checks PASSED ✓
13:05:06 [INFO] ============================================================
13:05:06 [INFO] [INIT] Loading hand tracker...
13:05:06 [INFO] [HANDS] Loading MediaPipe Hands (Tasks API)...
13:05:06 [INFO] [HANDS] ✓ Hand tracker ready (Tasks API v0.10.32)
13:05:06 [INFO] [INIT] ✓ Hand tracker ready
13:05:06 [INFO] [INIT] All modules ready.
13:05:06 [INFO] [NETWORK] Listening on 0.0.0.0:9999
13:05:06 [INFO] ============================================================
13:05:06 [INFO] READY - waiting for mobile connection...
13:05:06 [INFO] ============================================================
13:07:10 [INFO] [NETWORK] Connected: ('192.168.1.4', 38600)
13:07:10 [INFO] [SYSTEM] Connected — running
13:07:11 [INFO] [STATS] #   1 | FPS:  0.0 | 213.0ms | Hands:0 
13:07:14 [INFO] [STATS] #  35 | FPS: 10.5 |  39.3ms | Hands:1 
13:07:17 [INFO] [DEBUG] Saved proof frame: frame_00060.jpg tip=(0.266,0.406,-0.0097)
13:07:17 [INFO] [GESTURE] idx_ext=True(2.07) mid_curl=True(0.38) ring_curl=True(0.16) pink_curl=True(0.39)
13:07:17 [INFO] [STATS] #  64 | FPS:  9.5 |  46.6ms | Hands:1 POINTING
13:07:20 [INFO] [DEBUG] Saved proof frame: frame_00090.jpg tip=(0.392,0.632,0.0419)
13:07:20 [INFO] [STATS] #  94 | FPS: 10.2 |  47.0ms | Hands:1 
13:07:20 [INFO] [GESTURE] idx_ext=True(2.05) mid_curl=True(0.76) ring_curl=True(0.88) pink_curl=True(1.11)
13:07:23 [INFO] [STATS] # 125 | FPS: 10.0 |  47.8ms | Hands:1 
13:07:23 [INFO] [GESTURE] idx_ext=True(2.04) mid_curl=True(1.06) ring_curl=True(1.23) pink_curl=True(1.29)
13:07:26 [INFO] [DEBUG] Saved proof frame: frame_00150.jpg tip=(0.280,0.706,-0.0024)
13:07:26 [INFO] [STATS] # 155 | FPS: 10.1 |  41.3ms | Hands:1 POINTING
13:07:27 [INFO] [GESTURE] idx_ext=True(2.03) mid_curl=True(0.96) ring_curl=True(1.17) pink_curl=True(1.34)
13:07:29 [INFO] [DEBUG] Saved proof frame: frame_00180.jpg tip=(0.276,0.288,-0.0174)
13:07:30 [INFO] [STATS] # 186 | FPS: 10.1 |  53.6ms | Hands:1 POINTING
13:07:31 [INFO] [GESTURE] idx_ext=True(2.03) mid_curl=True(1.51) ring_curl=True(1.58) pink_curl=True(1.58)
13:07:32 [INFO] [DEBUG] Saved proof frame: frame_00210.jpg tip=(0.639,0.574,0.0209)
13:07:33 [INFO] [STATS] # 217 | FPS: 10.0 |  57.8ms | Hands:1 POINTING
13:07:34 [INFO] [GESTURE] idx_ext=True(2.10) mid_curl=True(0.97) ring_curl=True(1.15) pink_curl=True(1.21)
13:07:36 [INFO] [STATS] # 248 | FPS: 10.3 |  49.7ms | Hands:0 
13:07:41 [ERROR] [NETWORK] Receive error: [WinError 10054] An existing connection was forcibly closed by the remote host
13:07:41 [WARNING] [NET] Connection lost.
13:07:41 [INFO] [SERVER] Reconnecting in 1s...
13:07:42 [INFO] [NETWORK] Listening on 0.0.0.0:9999
13:07:42 [INFO] ============================================================
13:07:42 [INFO] READY - waiting for mobile connection...
13:07:42 [INFO] ============================================================
13:08:25 [INFO] [NETWORK] Connected: ('192.168.1.4', 34276)
13:08:25 [INFO] [SYSTEM] Connected — running
13:08:25 [INFO] [STATS] # 250 | FPS:  0.6 |  48.1ms | Hands:0 
13:08:28 [INFO] [STATS] # 281 | FPS: 10.3 |  23.3ms | Hands:0 
13:08:31 [INFO] [STATS] # 311 | FPS:  9.9 |  23.0ms | Hands:0 
13:08:34 [INFO] [STATS] # 341 | FPS: 10.0 |  28.7ms | Hands:0 
13:08:36 [INFO] [DEBUG] Saved proof frame: frame_00360.jpg tip=(0.336,0.624,-0.0170)
13:08:37 [INFO] [STATS] # 370 | FPS:  9.6 |  43.1ms | Hands:0 
13:08:38 [INFO] [GESTURE] idx_ext=True(2.04) mid_curl=True(0.29) ring_curl=True(0.67) pink_curl=True(1.32)
13:08:39 [INFO] [DEBUG] Saved proof frame: frame_00390.jpg tip=(0.383,0.268,-0.0112)
13:08:40 [INFO] [STATS] # 397 | FPS:  8.9 |  63.7ms | Hands:0 
13:08:43 [INFO] [GESTURE] idx_ext=True(2.12) mid_curl=True(0.84) ring_curl=True(1.10) pink_curl=True(1.51)
13:08:43 [INFO] [DEBUG] Saved proof frame: frame_00420.jpg tip=(0.606,0.664,0.0017)
13:08:43 [INFO] [STATS] # 424 | FPS:  8.7 |  51.5ms | Hands:1 POINTING
13:08:47 [INFO] [GESTURE] idx_ext=True(2.04) mid_curl=True(0.63) ring_curl=True(0.77) pink_curl=True(1.08)
13:08:47 [INFO] [STATS] # 452 | FPS:  9.2 |  57.8ms | Hands:1 POINTING
13:08:50 [INFO] [STATS] # 478 | FPS:  9.0 |  57.6ms | Hands:1 POINTING
13:08:50 [INFO] [DEBUG] Saved proof frame: frame_00480.jpg tip=(0.567,0.707,0.0257)
13:08:50 [INFO] [GESTURE] idx_ext=True(2.02) mid_curl=True(1.38) ring_curl=True(1.43) pink_curl=False(1.69)
13:08:53 [INFO] [STATS] # 508 | FPS:  9.5 |  55.2ms | Hands:0 
13:08:56 [INFO] [STATS] # 536 | FPS:  9.7 |  38.5ms | Hands:0 
13:08:59 [INFO] [STATS] # 569 | FPS: 10.4 |  36.2ms | Hands:0 
13:09:02 [INFO] [STATS] # 592 | FPS:  8.5 |  36.8ms | Hands:0 
13:09:05 [INFO] [STATS] # 615 | FPS:  6.7 |  30.8ms | Hands:0 
13:09:08 [INFO] [STATS] # 644 | FPS:  9.6 |  37.9ms | Hands:0 
13:09:11 [INFO] [STATS] # 672 | FPS:  9.5 |  30.9ms | Hands:0 
13:09:14 [INFO] [STATS] # 697 | FPS:  8.4 |  38.7ms | Hands:1 POINTING
13:09:15 [INFO] [GESTURE] idx_ext=True(2.06) mid_curl=True(0.63) ring_curl=True(0.63) pink_curl=True(0.74)
13:09:17 [INFO] [DEBUG] Saved proof frame: frame_00720.jpg tip=(0.357,0.405,-0.0056)
13:09:17 [INFO] [STATS] # 721 | FPS:  7.8 |  58.4ms | Hands:1 POINTING
13:09:19 [INFO] [GESTURE] idx_ext=True(2.00) mid_curl=True(0.69) ring_curl=True(0.72) pink_curl=True(0.75)
13:09:20 [INFO] [STATS] # 748 | FPS:  8.9 |  64.2ms | Hands:1 POINTING
13:09:20 [INFO] [DEBUG] Saved proof frame: frame_00750.jpg tip=(0.681,0.300,-0.0604)
13:09:22 [INFO] [GESTURE] idx_ext=True(1.99) mid_curl=True(1.20) ring_curl=True(1.15) pink_curl=True(1.21)
13:09:23 [INFO] [STATS] # 777 | FPS:  9.3 |  57.3ms | Hands:1 POINTING
13:09:23 [INFO] [DEBUG] Saved proof frame: frame_00780.jpg tip=(0.373,0.702,0.0200)
13:09:26 [INFO] [GESTURE] idx_ext=True(2.14) mid_curl=True(0.19) ring_curl=True(0.24) pink_curl=True(0.31)
13:09:26 [INFO] [STATS] # 803 | FPS:  8.8 |  56.4ms | Hands:1 POINTING
13:09:29 [INFO] [GESTURE] idx_ext=True(1.94) mid_curl=True(1.03) ring_curl=True(1.18) pink_curl=True(1.51)
13:09:29 [INFO] [STATS] # 833 | FPS:  9.5 |  62.5ms | Hands:1 POINTING
13:09:30 [INFO] [DEBUG] Saved proof frame: frame_00840.jpg tip=(0.399,0.389,-0.0202)
13:09:32 [INFO] [GESTURE] idx_ext=True(2.14) mid_curl=False(2.21) ring_curl=False(2.17) pink_curl=False(2.21)
13:09:32 [INFO] [STATS] # 861 | FPS:  8.8 |  56.3ms | Hands:1 
13:09:35 [INFO] [STATS] # 889 | FPS:  9.7 |  32.1ms | Hands:0 
13:09:39 [INFO] [STATS] # 920 | FPS: 10.1 |  37.5ms | Hands:0 
13:09:42 [INFO] [STATS] # 950 | FPS:  9.9 |  32.2ms | Hands:0 
13:09:45 [INFO] [STATS] # 981 | FPS: 10.1 |  34.8ms | Hands:0 
13:09:48 [INFO] [STATS] #1012 | FPS: 10.1 |  37.7ms | Hands:0 
13:09:51 [INFO] [STATS] #1043 | FPS: 10.1 |  35.5ms | Hands:0 
13:09:54 [INFO] [STATS] #1073 | FPS: 10.0 |  35.5ms | Hands:0 
13:09:57 [INFO] [STATS] #1104 | FPS: 10.1 |  34.9ms | Hands:0 
13:10:00 [INFO] [STATS] #1134 | FPS:  9.9 |  35.8ms | Hands:0 
13:10:03 [INFO] [STATS] #1164 | FPS: 10.0 |  34.6ms | Hands:0 
13:10:06 [INFO] [STATS] #1195 | FPS: 10.0 |  31.1ms | Hands:0 
13:10:09 [INFO] [STATS] #1225 | FPS: 10.0 |  38.4ms | Hands:0 
13:10:12 [INFO] [STATS] #1255 | FPS: 10.0 |  35.1ms | Hands:0 
13:10:15 [INFO] [STATS] #1285 | FPS: 10.0 |  32.2ms | Hands:0 
13:10:18 [INFO] [STATS] #1315 | FPS:  9.9 |  34.9ms | Hands:0 
13:10:21 [INFO] [STATS] #1346 | FPS: 10.0 |  36.5ms | Hands:0 
13:10:24 [INFO] [STATS] #1376 | FPS: 10.0 |  33.6ms | Hands:0 
13:10:27 [INFO] [STATS] #1407 | FPS: 10.2 |  34.8ms | Hands:0 
13:10:29 [INFO] [SERVER] Stopped.
