14:05:59 [INFO] ============================================================
14:05:59 [INFO]   ARCore Server Compatibility Check
14:05:59 [INFO] ============================================================
14:05:59 [INFO]   ✓  mediapipe              0.10.32
14:05:59 [INFO]   ✓  opencv                 4.11.0
14:05:59 [INFO]   ✓  numpy                  2.4.2
14:05:59 [INFO]   ✓  network_port           port 9999 likely available
14:05:59 [INFO] ------------------------------------------------------------
14:05:59 [INFO]   Unity ARCore requirements (verify in Editor):
14:05:59 [INFO]     XR Plug-in Management → Android → ARCore: ✓ checked
14:05:59 [INFO]     AR Foundation + ARCore XR Plugin: same major version
14:05:59 [INFO]     ARPlaneManager Detection Mode: Horizontal only
14:05:59 [INFO]     Scripting Backend: IL2CPP   Architecture: ARM64
14:05:59 [INFO]     Camera.clearFlags: Solid Color (not Skybox)
14:05:59 [INFO]     AR Camera tag: MainCamera
14:05:59 [INFO]     GuardianSystem Inspector: 3 AR refs assigned
14:05:59 [INFO] ------------------------------------------------------------
14:05:59 [INFO]   All Python checks PASSED ✓
14:05:59 [INFO] ============================================================
14:05:59 [INFO] [INIT] Loading hand tracker...
14:05:59 [INFO] [HANDS] Loading MediaPipe Hands (Tasks API)...
14:05:59 [INFO] [HANDS] ✓ Hand tracker ready (Tasks API v0.10.32)
14:05:59 [INFO] [INIT] ✓ Hand tracker ready
14:05:59 [INFO] [INIT] All modules ready.
14:05:59 [INFO] [NETWORK] Listening on 0.0.0.0:9999
14:05:59 [INFO] ============================================================
14:05:59 [INFO] READY - waiting for mobile connection...
14:05:59 [INFO] ============================================================
14:06:21 [INFO] [NETWORK] Connected: ('192.168.1.4', 42432)
14:06:21 [INFO] [SYSTEM] Connected — running
14:06:21 [INFO] [STATS] #   1 | FPS:  0.0 |  34.7ms | Hands:0 
14:06:24 [INFO] [STATS] #  33 | FPS: 10.1 |  17.5ms | Hands:0 
14:06:27 [INFO] [STATS] #  63 | FPS: 10.0 |  14.4ms | Hands:0 
14:06:30 [INFO] [STATS] #  94 | FPS: 10.2 |  14.0ms | Hands:0 
14:06:33 [INFO] [STATS] # 124 | FPS:  9.9 |  12.4ms | Hands:0 
14:06:36 [INFO] [STATS] # 154 | FPS:  9.9 |  13.4ms | Hands:1 POINTING
14:06:39 [INFO] [STATS] # 181 | FPS:  9.1 |  18.4ms | Hands:1 POINTING
14:06:39 [INFO] [GESTURE] idx_ext=True(2.04) mid_curl=True(0.69) ring_curl=True(0.76) pink_curl=True(1.11)
14:06:42 [INFO] [STATS] # 211 | FPS:  9.8 |  19.4ms | Hands:1 POINTING
14:06:43 [INFO] [GESTURE] idx_ext=True(2.05) mid_curl=True(0.65) ring_curl=True(0.67) pink_curl=True(0.91)
14:06:45 [INFO] [STATS] # 241 | FPS: 10.0 |  16.8ms | Hands:1 POINTING
14:06:46 [INFO] [GESTURE] idx_ext=True(2.07) mid_curl=True(1.27) ring_curl=True(1.40) pink_curl=True(1.44)
14:06:48 [INFO] [STATS] # 272 | FPS: 10.2 |  18.8ms | Hands:1 POINTING
14:06:49 [INFO] [GESTURE] idx_ext=True(1.85) mid_curl=True(1.29) ring_curl=True(1.47) pink_curl=False(1.63)
14:06:52 [INFO] [STATS] # 301 | FPS:  9.8 |  18.3ms | Hands:1 
14:06:55 [INFO] [STATS] # 336 | FPS: 11.1 |  13.6ms | Hands:0 
14:06:58 [INFO] [STATS] # 366 | FPS:  9.9 |  14.6ms | Hands:0 
14:06:59 [ERROR] [NETWORK] Receive error: [WinError 10054] An existing connection was forcibly closed by the remote host
14:06:59 [WARNING] [NET] Connection lost.
14:06:59 [INFO] [SERVER] Reconnecting in 1s...
14:07:00 [INFO] [NETWORK] Listening on 0.0.0.0:9999
14:07:00 [INFO] ============================================================
14:07:00 [INFO] READY - waiting for mobile connection...
14:07:00 [INFO] ============================================================
14:07:06 [INFO] [NETWORK] Connected: ('192.168.1.4', 36534)
14:07:06 [INFO] [SYSTEM] Connected — running
14:07:06 [INFO] [STATS] # 372 | FPS:  2.9 |  15.5ms | Hands:0 
14:07:09 [INFO] [STATS] # 403 | FPS: 10.1 |  11.6ms | Hands:0 
14:07:09 [INFO] [GESTURE] idx_ext=True(2.22) mid_curl=False(1.61) ring_curl=True(1.21) pink_curl=True(1.37)
14:07:12 [INFO] [STATS] # 431 | FPS:  9.3 |  17.7ms | Hands:1 POINTING
14:07:13 [INFO] [GESTURE] idx_ext=True(1.94) mid_curl=True(1.51) ring_curl=True(1.34) pink_curl=True(1.57)
14:07:15 [INFO] [STATS] # 461 | FPS: 10.2 |  18.3ms | Hands:1 POINTING
14:07:16 [INFO] [GESTURE] idx_ext=True(1.82) mid_curl=True(1.24) ring_curl=True(1.33) pink_curl=False(1.70)
14:07:18 [INFO] [STATS] # 494 | FPS: 12.6 |  16.3ms | Hands:1 
14:07:20 [INFO] [GESTURE] idx_ext=True(2.10) mid_curl=True(1.47) ring_curl=True(1.30) pink_curl=True(1.46)
14:07:21 [INFO] [STATS] # 520 | FPS:  9.9 |  14.9ms | Hands:1 POINTING
14:07:24 [INFO] [GESTURE] idx_ext=True(1.84) mid_curl=True(1.60) ring_curl=True(1.39) pink_curl=True(1.55)
14:07:24 [INFO] [STATS] # 552 | FPS: 10.1 |  17.1ms | Hands:0 
14:07:28 [INFO] [STATS] # 582 | FPS: 10.0 |  18.1ms | Hands:1 
14:07:28 [INFO] [GESTURE] idx_ext=True(1.77) mid_curl=True(1.39) ring_curl=True(1.29) pink_curl=True(1.42)
14:07:31 [INFO] [STATS] # 612 | FPS:  9.8 |  16.3ms | Hands:1 POINTING
14:07:33 [INFO] [GESTURE] idx_ext=True(1.81) mid_curl=False(1.89) ring_curl=True(1.53) pink_curl=False(1.75)
14:07:34 [INFO] [STATS] # 644 | FPS: 10.1 |  19.5ms | Hands:1 
14:07:37 [INFO] [STATS] # 675 | FPS: 10.2 |  13.5ms | Hands:0 
14:07:40 [INFO] [STATS] # 704 | FPS:  9.3 |  13.3ms | Hands:0 
14:07:43 [INFO] [STATS] # 737 | FPS: 10.2 |  12.1ms | Hands:0 
14:07:46 [INFO] [STATS] # 769 | FPS: 10.4 |  10.8ms | Hands:0 
14:07:49 [INFO] [STATS] # 799 | FPS: 10.1 |  10.5ms | Hands:0 
14:07:52 [INFO] [STATS] # 830 | FPS: 10.1 |  10.9ms | Hands:0 
14:07:54 [INFO] [SERVER] Stopped.
