19:10:27 [INFO] ======================================================================
19:10:27 [INFO] VR GUARDIAN SERVER v4.2 - COMPLETE SYSTEM
19:10:27 [INFO] ======================================================================
19:10:27 [INFO] [DEPTH] Loading MiDaS model...
19:10:30 [INFO] [DEPTH] Device: cuda
19:10:31 [INFO] [DEPTH] ✓ MiDaS ready!
19:10:31 [INFO] [FLOOR] ✓ Floor detector ready!
19:10:31 [INFO] [HANDS] Loading MediaPipe...
19:10:32 [INFO] [HANDS] ✓ MediaPipe version: 0.10.14
19:10:32 [INFO] [HANDS] ✓ Hand tracking ready!
19:10:32 [INFO] [HANDS] ✓ Pointing gesture detection enabled
19:10:32 [INFO] [POSE] Loading MediaPipe...
19:10:32 [INFO] [POSE] ✓ MediaPipe version: 0.10.14
19:10:32 [INFO] [POSE] ✓ Pose tracking ready!
19:10:32 [INFO] 
[FEATURES] Active:
19:10:32 [INFO]   [OK] Depth Estimation (MiDaS)
19:10:32 [INFO]   [OK] Floor Detection (RANSAC)
19:10:32 [INFO]   [OK] Hand Tracking (MediaPipe)
19:10:32 [INFO]   [OK] Pose Estimation (MediaPipe)
19:10:32 [INFO] 
19:10:32 [INFO] [NETWORK] Starting server...
19:10:32 [INFO] [NETWORK] ✓ Listening on 0.0.0.0:9999
19:10:32 [INFO] 
======================================================================
19:10:32 [INFO] READY! Waiting for mobile connection...
19:10:32 [INFO] ======================================================================

19:10:37 [INFO] [NETWORK] ✓✓✓ Connected: ('192.168.100.13', 40840)
19:10:37 [INFO] [DISPLAY] ✓ Windows created
19:10:40 [INFO] [STATS] Frame   76 | FPS: 31.0 | Process:  87.3ms | Floor: ✓ | Hands: ✗ | Area: 0 pts
19:10:43 [INFO] [STATS] Frame  166 | FPS: 29.9 | Process:  80.7ms | Floor: ✓ | Hands: ✗ | Area: 0 pts
19:10:46 [INFO] [STATS] Frame  241 | FPS: 28.4 | Process:  88.3ms | Floor: ✓ | Hands: ✓ | Area: 0 pts
19:10:49 [INFO] [STATS] Frame  324 | FPS: 30.1 | Process:  91.6ms | Floor: ✓ | Hands: ✓ | Area: 0 pts
19:10:52 [INFO] [STATS] Frame  404 | FPS: 31.0 | Process:  92.4ms | Floor: ✓ | Hands: ✗ | Area: 0 pts
19:10:55 [INFO] [STATS] Frame  492 | FPS: 32.0 | Process:  85.1ms | Floor: ✓ | Hands: ✗ | Area: 0 pts
19:10:56 [INFO] [AREA] Point added: 1
19:10:58 [INFO] [STATS] Frame  570 | FPS: 22.1 | Process:  87.5ms | Floor: ✓ | Hands: ✗ | Area: 1 pts
19:11:01 [INFO] [STATS] Frame  651 | FPS: 29.6 | Process:  88.6ms | Floor: ✓ | Hands: ✗ | Area: 1 pts
19:11:04 [INFO] [STATS] Frame  737 | FPS: 27.0 | Process:  85.7ms | Floor: ✓ | Hands: ✗ | Area: 1 pts
19:11:07 [INFO] [STATS] Frame  822 | FPS: 26.5 | Process:  88.1ms | Floor: ✓ | Hands: ✗ | Area: 1 pts
19:11:10 [INFO] [STATS] Frame  904 | FPS: 29.3 | Process:  93.7ms | Floor: ✓ | Hands: ✗ | Area: 1 pts
19:11:13 [INFO] [STATS] Frame  986 | FPS: 25.0 | Process:  93.5ms | Floor: ✓ | Hands: ✓ | Area: 1 pts
19:11:16 [INFO] [STATS] Frame 1070 | FPS: 29.3 | Process:  94.0ms | Floor: ✓ | Hands: ✗ | Area: 1 pts
19:11:19 [INFO] [STATS] Frame 1152 | FPS: 30.1 | Process:  91.5ms | Floor: ✓ | Hands: ✗ | Area: 1 pts
19:11:22 [INFO] [STATS] Frame 1225 | FPS: 21.0 | Process:  92.1ms | Floor: ✓ | Hands: ✗ | Area: 1 pts
19:11:25 [INFO] [STATS] Frame 1290 | FPS: 20.6 | Process:  95.6ms | Floor: ✓ | Hands: ✗ | Area: 1 pts
19:11:28 [INFO] [STATS] Frame 1356 | FPS: 21.5 | Process:  96.5ms | Floor: ✓ | Hands: ✗ | Area: 1 pts
19:11:32 [INFO] [STATS] Frame 1416 | FPS: 20.8 | Process: 105.2ms | Floor: ✓ | Hands: ✓ | Area: 1 pts
19:11:32 [INFO] [AREA] Point added: 2
19:11:35 [INFO] [STATS] Frame 1480 | FPS: 20.9 | Process: 113.1ms | Floor: ✓ | Hands: ✓ | Area: 2 pts
19:11:38 [INFO] [STATS] Frame 1562 | FPS: 25.0 | Process: 104.0ms | Floor: ✓ | Hands: ✗ | Area: 2 pts
19:11:38 [INFO] [AREA] Point added: 3
19:11:38 [INFO] [AREA] Point added: 4
19:11:38 [INFO] [AREA] ✓ Play area complete!
19:11:39 [INFO] [AREA] Point added: 5
19:11:39 [INFO] [AREA] ✓ Play area complete!
19:11:41 [INFO] [STATS] Frame 1620 | FPS: 18.5 | Process:  99.9ms | Floor: ✓ | Hands: ✓ | Area: 5 pts
19:11:42 [INFO] [AREA] Point added: 6
19:11:42 [INFO] [AREA] ✓ Play area complete!
19:11:44 [INFO] [STATS] Frame 1696 | FPS: 29.5 | Process: 105.7ms | Floor: ✓ | Hands: ✗ | Area: 6 pts
19:11:47 [INFO] [STATS] Frame 1780 | FPS: 30.0 | Process:  88.8ms | Floor: ✓ | Hands: ✗ | Area: 6 pts
19:11:48 [INFO] [AREA] Point added: 7
19:11:48 [INFO] [AREA] ✓ Play area complete!
19:11:50 [INFO] [STATS] Frame 1861 | FPS: 26.4 | Process:  92.8ms | Floor: ✓ | Hands: ✓ | Area: 7 pts
19:11:53 [INFO] [STATS] Frame 1948 | FPS: 29.6 | Process:  85.0ms | Floor: ✓ | Hands: ✗ | Area: 7 pts
19:11:56 [INFO] [STATS] Frame 2034 | FPS: 26.7 | Process:  85.0ms | Floor: ✓ | Hands: ✗ | Area: 7 pts
19:11:59 [INFO] [STATS] Frame 2112 | FPS: 30.0 | Process:  91.7ms | Floor: ✓ | Hands: ✗ | Area: 7 pts
19:12:02 [INFO] [STATS] Frame 2200 | FPS: 31.8 | Process:  84.9ms | Floor: ✓ | Hands: ✗ | Area: 7 pts
19:12:05 [INFO] [STATS] Frame 2283 | FPS: 27.9 | Process:  88.4ms | Floor: ✓ | Hands: ✗ | Area: 7 pts
19:12:07 [INFO] [AREA] Point added: 8
19:12:07 [INFO] [AREA] ✓ Play area complete!
19:12:08 [INFO] [STATS] Frame 2368 | FPS: 28.7 | Process:  85.3ms | Floor: ✓ | Hands: ✗ | Area: 8 pts
19:12:11 [INFO] [STATS] Frame 2448 | FPS: 31.5 | Process:  93.8ms | Floor: ✓ | Hands: ✓ | Area: 8 pts
19:12:14 [INFO] [STATS] Frame 2532 | FPS: 28.7 | Process:  86.8ms | Floor: ✓ | Hands: ✓ | Area: 8 pts
19:12:15 [INFO] [AREA] Point added: 9
19:12:15 [INFO] [AREA] ✓ Play area complete!
19:12:17 [INFO] [STATS] Frame 2612 | FPS: 27.4 | Process:  90.4ms | Floor: ✓ | Hands: ✗ | Area: 9 pts
19:12:20 [INFO] [STATS] Frame 2697 | FPS: 28.2 | Process:  86.8ms | Floor: ✓ | Hands: ✗ | Area: 9 pts
19:12:23 [INFO] [STATS] Frame 2784 | FPS: 28.1 | Process:  82.5ms | Floor: ✓ | Hands: ✗ | Area: 9 pts
19:12:26 [INFO] [STATS] Frame 2872 | FPS: 28.9 | Process:  87.0ms | Floor: ✓ | Hands: ✗ | Area: 9 pts
19:12:29 [INFO] [STATS] Frame 2960 | FPS: 30.1 | Process:  87.5ms | Floor: ✓ | Hands: ✗ | Area: 9 pts
19:12:32 [INFO] [STATS] Frame 3046 | FPS: 25.7 | Process:  86.0ms | Floor: ✓ | Hands: ✗ | Area: 9 pts
19:12:35 [INFO] [STATS] Frame 3132 | FPS: 29.1 | Process:  88.1ms | Floor: ✓ | Hands: ✗ | Area: 9 pts
19:12:38 [INFO] [STATS] Frame 3220 | FPS: 28.4 | Process:  86.3ms | Floor: ✓ | Hands: ✗ | Area: 9 pts
19:12:41 [INFO] [STATS] Frame 3312 | FPS: 31.5 | Process:  84.8ms | Floor: ✓ | Hands: ✗ | Area: 9 pts
19:12:44 [INFO] [STATS] Frame 3399 | FPS: 27.0 | Process:  84.4ms | Floor: ✓ | Hands: ✗ | Area: 9 pts
19:12:47 [INFO] [STATS] Frame 3484 | FPS: 28.4 | Process:  86.9ms | Floor: ✓ | Hands: ✗ | Area: 9 pts
19:12:50 [INFO] [AREA] Point added: 10
19:12:50 [INFO] [AREA] ✓ Play area complete!
19:12:50 [INFO] [STATS] Frame 3560 | FPS: 20.9 | Process:  88.1ms | Floor: ✓ | Hands: ✓ | Area: 10 pts
19:12:51 [INFO] [AREA] Point added: 11
19:12:51 [INFO] [AREA] ✓ Play area complete!
19:12:51 [INFO] [AREA] Point added: 12
19:12:51 [INFO] [AREA] ✓ Play area complete!
19:12:52 [INFO] [AREA] Point added: 13
19:12:52 [INFO] [AREA] ✓ Play area complete!
19:12:53 [INFO] [AREA] Point added: 14
19:12:53 [INFO] [AREA] ✓ Play area complete!
19:12:53 [INFO] [AREA] Point added: 15
19:12:53 [INFO] [AREA] ✓ Play area complete!
19:12:53 [INFO] [STATS] Frame 3620 | FPS: 19.9 | Process:  96.3ms | Floor: ✓ | Hands: ✓ | Area: 15 pts
19:12:54 [INFO] [AREA] Point added: 16
19:12:54 [INFO] [AREA] ✓ Play area complete!
19:12:54 [INFO] [AREA] Point added: 17
19:12:54 [INFO] [AREA] ✓ Play area complete!
19:12:55 [INFO] [AREA] Point added: 18
19:12:55 [INFO] [AREA] ✓ Play area complete!
19:12:56 [INFO] [AREA] Point added: 19
19:12:56 [INFO] [AREA] ✓ Play area complete!
19:12:56 [INFO] [AREA] Point added: 20
19:12:56 [INFO] [AREA] ✓ Play area complete!
19:12:57 [INFO] [STATS] Frame 3684 | FPS: 21.4 | Process: 114.1ms | Floor: ✓ | Hands: ✓ | Area: 20 pts
19:13:00 [INFO] [STATS] Frame 3744 | FPS: 18.6 | Process: 113.5ms | Floor: ✓ | Hands: ✗ | Area: 20 pts
19:13:03 [INFO] [STATS] Frame 3799 | FPS: 17.7 | Process: 113.5ms | Floor: ✓ | Hands: ✗ | Area: 20 pts
19:13:06 [INFO] [STATS] Frame 3854 | FPS: 18.7 | Process: 125.3ms | Floor: ✓ | Hands: ✗ | Area: 20 pts
19:13:09 [INFO] [STATS] Frame 3907 | FPS: 18.4 | Process: 127.4ms | Floor: ✓ | Hands: ✗ | Area: 20 pts
19:13:12 [INFO] [STATS] Frame 3980 | FPS: 30.1 | Process: 106.4ms | Floor: ✓ | Hands: ✗ | Area: 20 pts
19:13:15 [INFO] [STATS] Frame 4066 | FPS: 24.9 | Process:  85.6ms | Floor: ✓ | Hands: ✗ | Area: 20 pts
19:13:18 [INFO] [STATS] Frame 4152 | FPS: 31.1 | Process:  86.3ms | Floor: ✓ | Hands: ✗ | Area: 20 pts
19:13:21 [INFO] [STATS] Frame 4238 | FPS: 24.3 | Process:  85.1ms | Floor: ✓ | Hands: ✗ | Area: 20 pts
19:13:24 [INFO] [STATS] Frame 4328 | FPS: 31.5 | Process:  85.7ms | Floor: ✓ | Hands: ✗ | Area: 20 pts
19:13:27 [INFO] [STATS] Frame 4416 | FPS: 31.5 | Process:  83.3ms | Floor: ✓ | Hands: ✗ | Area: 20 pts
19:13:30 [INFO] [STATS] Frame 4504 | FPS: 30.6 | Process:  81.3ms | Floor: ✓ | Hands: ✗ | Area: 20 pts
19:13:33 [INFO] [STATS] Frame 4589 | FPS: 29.2 | Process:  86.7ms | Floor: ✓ | Hands: ✗ | Area: 20 pts
19:13:36 [INFO] [STATS] Frame 4676 | FPS: 30.9 | Process:  81.6ms | Floor: ✓ | Hands: ✗ | Area: 20 pts
19:13:39 [INFO] [STATS] Frame 4760 | FPS: 30.5 | Process:  84.2ms | Floor: ✓ | Hands: ✗ | Area: 20 pts
19:13:42 [INFO] [STATS] Frame 4844 | FPS: 29.5 | Process:  85.8ms | Floor: ✓ | Hands: ✗ | Area: 20 pts
19:13:45 [INFO] [STATS] Frame 4928 | FPS: 25.6 | Process:  89.2ms | Floor: ✓ | Hands: ✗ | Area: 20 pts
19:13:48 [ERROR] [NETWORK] Receive error: [WinError 10054] An existing connection was forcibly closed by the remote host
19:13:48 [WARNING] [NETWORK] Connection lost
19:13:48 [INFO] 
[CLEANUP] Shutting down...
19:13:48 [INFO] [HANDS] Cleaned up
19:13:48 [INFO] [POSE] Cleaned up
19:13:48 [INFO] [STATS] Total frames: 4942
19:13:48 [INFO] [STATS] Average FPS: 28.6
19:13:48 [INFO] [STATS] Average process: 88.3ms
19:13:48 [INFO] [STATS] Play area points: 20
19:13:48 [INFO] 
[SUCCESS] ✓ System performed well!
19:13:48 [INFO] 
======================================================================
19:13:48 [INFO] Server shutdown complete
19:13:48 [INFO] ======================================================================
