16:31:25 [INFO] ======================================================================
16:31:25 [INFO] VR GUARDIAN SERVER v4.2 - COMPLETE SYSTEM
16:31:25 [INFO] ======================================================================
16:31:25 [INFO] [DEPTH] Loading MiDaS model...
16:31:30 [INFO] [DEPTH] Device: cuda
16:31:32 [INFO] [DEPTH] ✓ MiDaS ready!
16:31:32 [INFO] [FLOOR] ✓ Floor detector ready!
16:31:32 [INFO] [HANDS] Loading MediaPipe...
16:31:33 [INFO] [HANDS] ✓ MediaPipe version: 0.10.14
16:31:33 [INFO] [HANDS] ✓ Hand tracking ready!
16:31:33 [INFO] [HANDS] ✓ Pointing gesture detection enabled
16:31:33 [INFO] [POSE] Loading MediaPipe...
16:31:33 [INFO] [POSE] ✓ MediaPipe version: 0.10.14
16:31:33 [INFO] [POSE] ✓ Pose tracking ready!
16:31:33 [INFO] 
[FEATURES] Active:
16:31:33 [INFO]   [OK] Depth Estimation (MiDaS)
16:31:33 [INFO]   [OK] Floor Detection (RANSAC)
16:31:33 [INFO]   [OK] Hand Tracking (MediaPipe)
16:31:33 [INFO]   [OK] Pose Estimation (MediaPipe)
16:31:33 [INFO] 
16:31:33 [INFO] [NETWORK] Starting server...
16:31:33 [INFO] [NETWORK] ✓ Listening on 0.0.0.0:9999
16:31:33 [INFO] 
======================================================================
16:31:33 [INFO] READY! Waiting for mobile connection...
16:31:33 [INFO] ======================================================================

16:31:34 [INFO] [NETWORK] ✓✓✓ Connected: ('192.168.100.13', 45150)
16:31:34 [INFO] [DISPLAY] ✓ Windows created
16:31:41 [INFO] [STATS] Frame   12 | FPS:  1.0 | Process: 101.8ms | Floor: ✓ | Hands: ✗ | Area: 0 pts
16:31:44 [INFO] [STATS] Frame   15 | FPS:  0.9 | Process: 101.8ms | Floor: ✓ | Hands: ✗ | Area: 0 pts
16:31:48 [INFO] [STATS] Frame   42 | FPS:  2.9 | Process: 121.9ms | Floor: ✓ | Hands: ✗ | Area: 0 pts
16:31:51 [INFO] [STATS] Frame   62 | FPS:  7.3 | Process: 110.4ms | Floor: ✓ | Hands: ✗ | Area: 0 pts
16:31:54 [INFO] [STATS] Frame   74 | FPS:  5.9 | Process: 107.6ms | Floor: ✓ | Hands: ✗ | Area: 0 pts
16:31:59 [INFO] [STATS] Frame   75 | FPS:  4.9 | Process: 107.6ms | Floor: ✓ | Hands: ✗ | Area: 0 pts
16:32:03 [INFO] [STATS] Frame   81 | FPS:  2.2 | Process: 105.4ms | Floor: ✓ | Hands: ✗ | Area: 0 pts
16:32:06 [INFO] [STATS] Frame   87 | FPS:  1.9 | Process: 106.2ms | Floor: ✓ | Hands: ✓ | Area: 0 pts
16:32:09 [INFO] [STATS] Frame  110 | FPS:  4.5 | Process: 104.8ms | Floor: ✓ | Hands: ✓ | Area: 0 pts
16:32:12 [INFO] [STATS] Frame  132 | FPS:  7.5 | Process: 103.4ms | Floor: ✓ | Hands: ✓ | Area: 0 pts
16:32:15 [INFO] [STATS] Frame  162 | FPS:  9.4 | Process:  94.7ms | Floor: ✓ | Hands: ✗ | Area: 0 pts
16:32:18 [INFO] [STATS] Frame  184 | FPS:  7.8 | Process:  97.4ms | Floor: ✓ | Hands: ✗ | Area: 0 pts
16:32:21 [INFO] [STATS] Frame  208 | FPS:  7.7 | Process:  95.6ms | Floor: ✓ | Hands: ✗ | Area: 0 pts
16:32:24 [INFO] [STATS] Frame  230 | FPS:  7.3 | Process:  94.8ms | Floor: ✓ | Hands: ✓ | Area: 0 pts
16:32:28 [INFO] [STATS] Frame  246 | FPS:  5.9 | Process:  97.1ms | Floor: ✓ | Hands: ✓ | Area: 0 pts
16:32:29 [INFO] [AREA] Point added: 1
16:32:31 [INFO] [STATS] Frame  253 | FPS:  4.1 | Process:  98.7ms | Floor: ✓ | Hands: ✗ | Area: 1 pts
16:32:46 [INFO] [STATS] Frame  260 | FPS:  3.4 | Process:  96.7ms | Floor: ✓ | Hands: ✗ | Area: 1 pts
16:32:49 [INFO] [STATS] Frame  262 | FPS:  1.4 | Process:  96.7ms | Floor: ✓ | Hands: ✗ | Area: 1 pts
16:32:53 [INFO] [STATS] Frame  267 | FPS:  1.2 | Process:  95.6ms | Floor: ✓ | Hands: ✗ | Area: 1 pts
16:32:56 [INFO] [STATS] Frame  278 | FPS:  1.1 | Process:  92.9ms | Floor: ✓ | Hands: ✗ | Area: 1 pts
16:32:59 [INFO] [STATS] Frame  302 | FPS:  6.4 | Process:  91.9ms | Floor: ✓ | Hands: ✗ | Area: 1 pts
16:33:02 [INFO] [STATS] Frame  332 | FPS: 10.0 | Process:  89.8ms | Floor: ✓ | Hands: ✗ | Area: 1 pts
16:33:05 [INFO] [STATS] Frame  362 | FPS:  9.7 | Process:  84.6ms | Floor: ✓ | Hands: ✗ | Area: 1 pts
16:33:08 [INFO] [STATS] Frame  383 | FPS:  8.7 | Process:  81.7ms | Floor: ✓ | Hands: ✗ | Area: 1 pts
16:33:11 [INFO] [STATS] Frame  399 | FPS:  5.7 | Process:  83.1ms | Floor: ✓ | Hands: ✗ | Area: 1 pts
16:33:14 [INFO] [STATS] Frame  415 | FPS:  5.4 | Process:  83.5ms | Floor: ✓ | Hands: ✗ | Area: 1 pts
16:33:18 [INFO] [STATS] Frame  424 | FPS:  4.3 | Process:  84.3ms | Floor: ✓ | Hands: ✗ | Area: 1 pts
16:33:21 [INFO] [STATS] Frame  450 | FPS:  6.2 | Process:  86.9ms | Floor: ✓ | Hands: ✗ | Area: 1 pts
16:33:24 [INFO] [STATS] Frame  479 | FPS: 10.3 | Process: 100.5ms | Floor: ✓ | Hands: ✗ | Area: 1 pts
16:33:27 [INFO] [STATS] Frame  508 | FPS:  9.3 | Process: 120.6ms | Floor: ✓ | Hands: ✗ | Area: 1 pts
16:33:30 [WARNING] [NETWORK] Connection lost
16:33:30 [INFO] 
[CLEANUP] Shutting down...
16:33:30 [INFO] [HANDS] Cleaned up
16:33:30 [INFO] [POSE] Cleaned up
16:33:30 [INFO] [STATS] Total frames: 513
16:33:30 [INFO] [STATS] Average FPS: 8.9
16:33:30 [INFO] [STATS] Average process: 122.5ms
16:33:30 [INFO] [STATS] Play area points: 1
16:33:30 [INFO] 
[SUCCESS] ✓ System performed well!
16:33:30 [INFO] 
======================================================================
16:33:30 [INFO] Server shutdown complete
16:33:30 [INFO] ======================================================================
