11:59:37 [INFO] ======================================================================
11:59:37 [INFO] VR GUARDIAN SERVER v4.2 - COMPLETE SYSTEM
11:59:37 [INFO] ======================================================================
11:59:37 [INFO] [DEPTH] Loading MiDaS model...
11:59:40 [INFO] [DEPTH] Device: cuda
11:59:41 [INFO] [DEPTH] ✓ MiDaS ready!
11:59:41 [INFO] [FLOOR] ✓ Floor detector ready!
11:59:41 [INFO] [HANDS] Loading MediaPipe...
11:59:42 [ERROR] [HANDS] MediaPipe import failed: MediaPipe solutions module not found
11:59:42 [WARNING] [HANDS] ✗ Hand tracking DISABLED
11:59:42 [WARNING] [FIX] Install: pip uninstall mediapipe && pip install mediapipe --upgrade
11:59:42 [INFO] [POSE] Loading MediaPipe...
11:59:42 [ERROR] [POSE] MediaPipe import failed: MediaPipe pose module not found
11:59:42 [WARNING] [POSE] ✗ Pose tracking DISABLED
11:59:42 [INFO] 
[FEATURES] Active:
11:59:42 [INFO]   [OK] Depth Estimation (MiDaS)
11:59:42 [INFO]   [OK] Floor Detection (RANSAC)
11:59:42 [INFO]   [NO] Hand Tracking (MediaPipe)
11:59:42 [INFO]   [NO] Pose Estimation (MediaPipe)
11:59:42 [WARNING] 
[WARNING] MediaPipe hand tracking not available
11:59:42 [WARNING] [ACTION] Run: pip uninstall mediapipe && pip install mediapipe --upgrade
11:59:42 [WARNING] [WARNING] MediaPipe pose tracking not available
11:59:42 [INFO] 
11:59:42 [INFO] [NETWORK] Starting server...
11:59:42 [INFO] [NETWORK] ✓ Listening on 0.0.0.0:9999
11:59:42 [INFO] 
======================================================================
11:59:42 [INFO] READY! Waiting for mobile connection...
11:59:42 [INFO] ======================================================================

12:02:19 [INFO] [NETWORK] ✓✓✓ Connected: ('192.168.100.13', 49592)
12:02:19 [INFO] [DISPLAY] ✓ Windows created
12:02:22 [INFO] [STATS] Frame   20 | FPS:  0.1 | Process: 116.7ms | Floor: ✓ | Hands: ✗ | Area: 0 pts
12:02:25 [INFO] [STATS] Frame   24 | FPS:  0.1 | Process: 353.4ms | Floor: ✓ | Hands: ✗ | Area: 0 pts
12:02:29 [INFO] [STATS] Frame   28 | FPS:  0.2 | Process: 533.5ms | Floor: ✓ | Hands: ✗ | Area: 0 pts
12:02:32 [INFO] [STATS] Frame   32 | FPS:  2.6 | Process: 692.4ms | Floor: ✓ | Hands: ✗ | Area: 0 pts
12:02:35 [INFO] [STATS] Frame   36 | FPS:  2.1 | Process: 778.0ms | Floor: ✓ | Hands: ✗ | Area: 0 pts
12:02:39 [INFO] [STATS] Frame   38 | FPS:  1.8 | Process: 893.4ms | Floor: ✓ | Hands: ✗ | Area: 0 pts
12:02:42 [INFO] [STATS] Frame   44 | FPS:  1.4 | Process: 931.6ms | Floor: ✓ | Hands: ✗ | Area: 0 pts
12:02:47 [INFO] [STATS] Frame   48 | FPS:  1.2 | Process: 1047.3ms | Floor: ✓ | Hands: ✗ | Area: 0 pts
12:02:50 [INFO] [STATS] Frame   52 | FPS:  1.1 | Process: 1087.3ms | Floor: ✓ | Hands: ✗ | Area: 0 pts
12:02:53 [INFO] [STATS] Frame   54 | FPS:  1.1 | Process: 1164.7ms | Floor: ✓ | Hands: ✗ | Area: 0 pts
12:02:58 [INFO] [STATS] Frame   58 | FPS:  1.0 | Process: 1232.8ms | Floor: ✓ | Hands: ✗ | Area: 0 pts
12:03:03 [INFO] [STATS] Frame   60 | FPS:  1.0 | Process: 1390.4ms | Floor: ✓ | Hands: ✗ | Area: 0 pts
12:03:07 [INFO] [STATS] Frame   66 | FPS:  0.9 | Process: 1510.6ms | Floor: ✓ | Hands: ✗ | Area: 0 pts
12:03:11 [INFO] [STATS] Frame  113 | FPS: 18.9 | Process: 611.6ms | Floor: ✓ | Hands: ✗ | Area: 0 pts
12:03:18 [INFO] [STATS] Frame  114 | FPS: 11.3 | Process: 504.6ms | Floor: ✓ | Hands: ✗ | Area: 0 pts
12:03:23 [INFO] [STATS] Frame  116 | FPS:  2.3 | Process: 427.4ms | Floor: ✓ | Hands: ✗ | Area: 0 pts
12:03:27 [INFO] [STATS] Frame  126 | FPS:  1.7 | Process:  77.0ms | Floor: ✓ | Hands: ✗ | Area: 0 pts
12:03:30 [INFO] [STATS] Frame  148 | FPS:  4.9 | Process:  49.0ms | Floor: ✓ | Hands: ✗ | Area: 0 pts
12:03:33 [INFO] [STATS] Frame  174 | FPS:  7.6 | Process:  47.6ms | Floor: ✓ | Hands: ✗ | Area: 0 pts
12:03:36 [INFO] [STATS] Frame  192 | FPS:  6.2 | Process:  47.8ms | Floor: ✓ | Hands: ✗ | Area: 0 pts
12:03:39 [INFO] [STATS] Frame  224 | FPS: 10.3 | Process:  47.9ms | Floor: ✓ | Hands: ✗ | Area: 0 pts
12:03:43 [INFO] [STATS] Frame  239 | FPS:  6.2 | Process:  47.8ms | Floor: ✓ | Hands: ✗ | Area: 0 pts
12:03:51 [INFO] [STATS] Frame  247 | FPS:  4.2 | Process:  47.7ms | Floor: ✓ | Hands: ✗ | Area: 0 pts
12:03:55 [INFO] [STATS] Frame  249 | FPS:  2.2 | Process:  65.5ms | Floor: ✓ | Hands: ✗ | Area: 0 pts
12:03:59 [INFO] [STATS] Frame  252 | FPS:  1.6 | Process: 171.3ms | Floor: ✓ | Hands: ✗ | Area: 0 pts
12:04:02 [INFO] [STATS] Frame  258 | FPS:  1.4 | Process: 270.0ms | Floor: ✓ | Hands: ✗ | Area: 0 pts
12:04:06 [INFO] [STATS] Frame  264 | FPS:  1.2 | Process: 369.9ms | Floor: ✓ | Hands: ✗ | Area: 0 pts
12:04:09 [INFO] [STATS] Frame  270 | FPS:  1.2 | Process: 485.1ms | Floor: ✓ | Hands: ✗ | Area: 0 pts
12:04:12 [INFO] [STATS] Frame  274 | FPS:  1.1 | Process: 590.6ms | Floor: ✓ | Hands: ✗ | Area: 0 pts
12:04:17 [INFO] [STATS] Frame  280 | FPS:  1.5 | Process: 729.4ms | Floor: ✓ | Hands: ✗ | Area: 0 pts
12:04:20 [INFO] [STATS] Frame  288 | FPS:  1.6 | Process: 839.3ms | Floor: ✓ | Hands: ✗ | Area: 0 pts
12:04:23 [INFO] [STATS] Frame  368 | FPS: 25.8 | Process:  50.3ms | Floor: ✓ | Hands: ✗ | Area: 0 pts
12:04:28 [INFO] [STATS] Frame  412 | FPS: 25.7 | Process:  50.1ms | Floor: ✓ | Hands: ✗ | Area: 0 pts
12:04:32 [INFO] [STATS] Frame  414 | FPS:  5.0 | Process:  99.8ms | Floor: ✓ | Hands: ✗ | Area: 0 pts
12:04:36 [INFO] [STATS] Frame  420 | FPS:  3.1 | Process: 224.1ms | Floor: ✓ | Hands: ✗ | Area: 0 pts
12:04:38 [INFO] 
[SERVER] Stopped by user
12:04:38 [INFO] 
[CLEANUP] Shutting down...
12:04:38 [INFO] [STATS] Total frames: 422
12:04:38 [INFO] [STATS] Average FPS: 2.6
12:04:38 [INFO] [STATS] Average process: 224.1ms
12:04:38 [INFO] [STATS] Play area points: 0
12:04:38 [WARNING] 
[PERFORMANCE] Low FPS detected!
12:04:38 [WARNING] [TIP] Try:
12:04:38 [WARNING]   1. nvidia-smi (check GPU)
12:04:38 [WARNING]   2. Reduce 'process_every' variable
12:04:38 [WARNING]   3. Close other applications
12:04:38 [INFO] 
======================================================================
12:04:38 [INFO] Server shutdown complete
12:04:38 [INFO] ======================================================================
