12:11:22 [INFO] ======================================================================
12:11:22 [INFO] VR GUARDIAN SERVER v4.2 - COMPLETE SYSTEM
12:11:22 [INFO] ======================================================================
12:11:22 [INFO] [DEPTH] Loading MiDaS model...
12:11:25 [INFO] [DEPTH] Device: cuda
12:11:26 [INFO] [DEPTH] ✓ MiDaS ready!
12:11:26 [INFO] [FLOOR] ✓ Floor detector ready!
12:11:26 [INFO] [HANDS] Loading MediaPipe...
12:11:27 [ERROR] [HANDS] MediaPipe import failed: MediaPipe solutions module not found
12:11:27 [WARNING] [HANDS] ✗ Hand tracking DISABLED
12:11:27 [WARNING] [FIX] Install: pip uninstall mediapipe && pip install mediapipe --upgrade
12:11:27 [INFO] [POSE] Loading MediaPipe...
12:11:27 [ERROR] [POSE] MediaPipe import failed: MediaPipe pose module not found
12:11:27 [WARNING] [POSE] ✗ Pose tracking DISABLED
12:11:27 [INFO] 
[FEATURES] Active:
12:11:27 [INFO]   [OK] Depth Estimation (MiDaS)
12:11:27 [INFO]   [OK] Floor Detection (RANSAC)
12:11:27 [INFO]   [NO] Hand Tracking (MediaPipe)
12:11:27 [INFO]   [NO] Pose Estimation (MediaPipe)
12:11:27 [WARNING] 
[WARNING] MediaPipe hand tracking not available
12:11:27 [WARNING] [ACTION] Run: pip uninstall mediapipe && pip install mediapipe --upgrade
12:11:27 [WARNING] [WARNING] MediaPipe pose tracking not available
12:11:27 [INFO] 
12:11:27 [INFO] [NETWORK] Starting server...
12:11:27 [INFO] [NETWORK] ✓ Listening on 0.0.0.0:9999
12:11:27 [INFO] 
======================================================================
12:11:27 [INFO] READY! Waiting for mobile connection...
12:11:27 [INFO] ======================================================================

