17:00:24 [INFO] 
[INIT] Loading AI modules...
17:00:24 [INFO] [DEPTH] Loading MiDaS model...
17:00:27 [INFO] [DEPTH] Device: cuda
17:00:28 [INFO] [DEPTH] ✓ MiDaS ready!
17:00:28 [INFO] [FLOOR] ✓ Floor detector ready!
17:00:28 [INFO] [HANDS] Loading MediaPipe Hands...
17:00:28 [INFO] [HANDS] ✓ Hand tracker ready!
17:00:28 [INFO] [INIT] All modules loaded!
17:00:28 [INFO] [GPU] Using: CUDA
17:00:28 [INFO] [NETWORK] ✓ Listening on 0.0.0.0:9999
17:00:28 [INFO] 
======================================================================
17:00:28 [INFO] READY! Waiting for mobile connection...
17:00:28 [INFO] ======================================================================

17:00:58 [INFO] [NETWORK] ✓✓✓ Connected: ('192.168.100.13', 60186)
17:00:58 [INFO] 
[SYSTEM] All systems GO!
17:00:58 [INFO] [SYSTEM] Waiting for frames...

17:00:58 [INFO] [STATS] Frame    1 | FPS:   0.0 | Process:  50.0ms | Floor: NO | Hands: 0 | Area: 0 pts
17:00:58 [INFO] [DISPLAY] ✓ Windows created
17:01:00 [INFO] [STATS] Frame   27 | FPS:   0.8 | Process:  68.7ms | Floor: YES | Hands: 0 | Area: 0 pts
17:01:02 [INFO] [STATS] Frame   69 | FPS:  21.6 | Process:  38.7ms | Floor: YES | Hands: 0 | Area: 0 pts
17:01:03 [INFO] [AREA] Point 1 added
17:01:04 [INFO] [STATS] Frame  111 | FPS:  19.9 | Process:  47.7ms | Floor: YES | Hands: 0 | Area: 1 pts
17:01:06 [INFO] [STATS] Frame  148 | FPS:  18.7 | Process:  47.8ms | Floor: YES | Hands: 0 | Area: 1 pts
17:01:08 [INFO] [STATS] Frame  194 | FPS:  23.5 | Process:  37.6ms | Floor: YES | Hands: 0 | Area: 1 pts
17:01:10 [INFO] [STATS] Frame  240 | FPS:  23.8 | Process:  37.5ms | Floor: YES | Hands: 0 | Area: 1 pts
17:01:12 [INFO] [STATS] Frame  285 | FPS:  22.3 | Process:  39.1ms | Floor: YES | Hands: 0 | Area: 1 pts
17:01:14 [INFO] [STATS] Frame  339 | FPS:  25.6 | Process:  33.2ms | Floor: YES | Hands: 0 | Area: 1 pts
17:01:16 [INFO] [STATS] Frame  389 | FPS:  23.2 | Process:  39.2ms | Floor: YES | Hands: 0 | Area: 1 pts
17:01:18 [INFO] [STATS] Frame  441 | FPS:  25.0 | Process:  35.7ms | Floor: YES | Hands: 0 | Area: 1 pts
17:01:20 [INFO] [STATS] Frame  491 | FPS:  24.8 | Process:  35.0ms | Floor: YES | Hands: 0 | Area: 1 pts
17:01:22 [INFO] [STATS] Frame  537 | FPS:  22.6 | Process:  38.5ms | Floor: YES | Hands: 0 | Area: 1 pts
17:01:24 [INFO] [STATS] Frame  586 | FPS:  24.1 | Process:  37.3ms | Floor: YES | Hands: 0 | Area: 1 pts
17:01:26 [INFO] [STATS] Frame  634 | FPS:  23.9 | Process:  36.5ms | Floor: YES | Hands: 0 | Area: 1 pts
17:01:28 [INFO] [STATS] Frame  681 | FPS:  24.0 | Process:  37.4ms | Floor: YES | Hands: 0 | Area: 1 pts
17:01:30 [INFO] [STATS] Frame  722 | FPS:  19.2 | Process:  47.1ms | Floor: YES | Hands: 0 | Area: 1 pts
17:01:32 [INFO] [STATS] Frame  750 | FPS:  14.0 | Process:  65.7ms | Floor: YES | Hands: 0 | Area: 1 pts
17:01:34 [INFO] [STATS] Frame  777 | FPS:  13.1 | Process:  70.6ms | Floor: YES | Hands: 0 | Area: 1 pts
17:01:36 [INFO] [STATS] Frame  804 | FPS:  13.4 | Process:  68.7ms | Floor: YES | Hands: 0 | Area: 1 pts
17:01:38 [INFO] [STATS] Frame  832 | FPS:  13.3 | Process:  68.4ms | Floor: YES | Hands: 0 | Area: 1 pts
17:01:40 [INFO] [STATS] Frame  879 | FPS:  22.2 | Process:  38.7ms | Floor: YES | Hands: 0 | Area: 1 pts
17:01:42 [INFO] [STATS] Frame  924 | FPS:  22.1 | Process:  39.6ms | Floor: YES | Hands: 0 | Area: 1 pts
17:01:44 [INFO] [STATS] Frame  972 | FPS:  22.9 | Process:  37.3ms | Floor: YES | Hands: 0 | Area: 1 pts
17:01:46 [INFO] [STATS] Frame 1019 | FPS:  23.2 | Process:  37.2ms | Floor: YES | Hands: 0 | Area: 1 pts
17:01:47 [ERROR] [NETWORK] Send error: [WinError 10054] An existing connection was forcibly closed by the remote host
17:01:47 [ERROR] [NETWORK] Receive error: [WinError 10054] An existing connection was forcibly closed by the remote host
17:01:47 [WARNING] [NETWORK] Connection lost
17:01:47 [INFO] 
[CLEANUP] Shutting down...
17:01:47 [INFO] 
[FINAL STATS]
17:01:47 [INFO]   Total frames: 1033
17:01:47 [INFO]   Final FPS: 21.5
17:01:47 [INFO]   Play area points: 1
17:01:47 [INFO] 
[SUCCESS] Good FPS!
17:01:47 [INFO] 
================================================================================
17:01:47 [INFO] Server shutdown complete
17:01:47 [INFO] ================================================================================
