00:04:35 [INFO] ======================================================================
00:04:35 [INFO] VR GUARDIAN SERVER - HAND POSE TRACKING
00:04:35 [INFO] Optimized for Unified Unity System
00:04:35 [INFO] ======================================================================
00:04:35 [INFO] [HANDS] Loading MediaPipe...
00:04:36 [INFO] [HANDS] ✓ MediaPipe version: 0.10.14
00:04:36 [INFO] [HANDS] ✓ Hand tracking ready!
00:04:36 [INFO] [HANDS] ✓ Pointing gesture detection enabled
00:04:36 [INFO] 
[FEATURES] [OK] Hand Tracking (MediaPipe)
00:04:36 [INFO] [QUALITY] Processing at 640x480
00:04:36 [INFO] 
00:04:36 [INFO] [NETWORK] Starting server...
00:04:36 [INFO] [NETWORK] ✓ Listening on 0.0.0.0:9999
00:04:36 [INFO] 
======================================================================
00:04:36 [INFO] READY! Waiting for mobile connection...
00:04:36 [INFO] ======================================================================

00:04:38 [INFO] [NETWORK] ✓✓✓ Connected: ('192.168.100.13', 51274)
00:04:38 [INFO] [SERVER] Ready! Mobile Unity can connect now.
00:04:38 [INFO] [HOTKEYS] Press 'q' to quit
00:06:23 [ERROR] [NETWORK] Receive error: [WinError 10054] An existing connection was forcibly closed by the remote host
00:06:23 [WARNING] [NETWORK] Connection lost
00:06:23 [INFO] 
[CLEANUP] Shutting down...
00:06:23 [INFO] [HANDS] Cleaned up
00:06:23 [INFO] [STATS] Total frames: 1
00:06:23 [INFO] [STATS] Average FPS: 0.6
00:06:23 [INFO] [STATS] Average process: 30.4ms
00:06:23 [WARNING] 
[PERFORMANCE] Low FPS!
00:06:23 [WARNING] [TIP] Check GPU with 'nvidia-smi'
00:06:23 [INFO] 
======================================================================
00:06:23 [INFO] Server shutdown complete
00:06:23 [INFO] ======================================================================
