18:21:46 [INFO] ======================================================================
18:21:46 [INFO] VR GUARDIAN SERVER v4.2 - COMPLETE SYSTEM
18:21:46 [INFO] ======================================================================
18:21:46 [INFO] [DEPTH] Loading MiDaS model...
18:21:48 [INFO] [DEPTH] Device: cuda
18:21:49 [INFO] [DEPTH] ✓ MiDaS ready!
18:21:49 [INFO] [FLOOR] ✓ Floor detector ready!
18:21:49 [INFO] [HANDS] Loading MediaPipe...
18:21:50 [INFO] [HANDS] ✓ MediaPipe version: 0.10.14
18:21:50 [INFO] [HANDS] ✓ Hand tracking ready!
18:21:50 [INFO] [HANDS] ✓ Pointing gesture detection enabled
18:21:50 [INFO] [POSE] Loading MediaPipe...
18:21:50 [INFO] [POSE] ✓ MediaPipe version: 0.10.14
18:21:50 [INFO] [POSE] ✓ Pose tracking ready!
18:21:50 [INFO] 
[FEATURES] Active:
18:21:50 [INFO]   [OK] Depth Estimation (MiDaS)
18:21:50 [INFO]   [OK] Floor Detection (RANSAC)
18:21:50 [INFO]   [OK] Hand Tracking (MediaPipe)
18:21:50 [INFO]   [OK] Pose Estimation (MediaPipe)
18:21:50 [INFO] 
18:21:50 [INFO] [NETWORK] Starting server...
18:21:50 [INFO] [NETWORK] ✓ Listening on 0.0.0.0:9999
18:21:50 [INFO] 
======================================================================
18:21:50 [INFO] READY! Waiting for mobile connection...
18:21:50 [INFO] ======================================================================

