18:02:56 [INFO] ======================================================================
18:02:56 [INFO] VR GUARDIAN SERVER v4.2 - COMPLETE SYSTEM
18:02:56 [INFO] ======================================================================
18:02:56 [INFO] [DEPTH] Loading MiDaS model...
18:02:57 [ERROR] [DEPTH] Failed to initialize: HTTP Error 502: Bad Gateway or Proxy Error
18:02:57 [INFO] [FLOOR] ✓ Floor detector ready!
18:02:57 [INFO] [HANDS] Loading MediaPipe...
18:02:58 [INFO] [HANDS] ✓ MediaPipe version: 0.10.14
18:02:58 [INFO] [HANDS] ✓ Hand tracking ready!
18:02:58 [INFO] [HANDS] ✓ Pointing gesture detection enabled
18:02:58 [INFO] [POSE] Loading MediaPipe...
18:02:58 [INFO] [POSE] ✓ MediaPipe version: 0.10.14
18:02:58 [INFO] [POSE] ✓ Pose tracking ready!
18:02:58 [INFO] 
[FEATURES] Active:
18:02:58 [INFO]   [NO] Depth Estimation (MiDaS)
18:02:58 [INFO]   [OK] Floor Detection (RANSAC)
18:02:58 [INFO]   [OK] Hand Tracking (MediaPipe)
18:02:58 [INFO]   [OK] Pose Estimation (MediaPipe)
18:02:58 [INFO] 
18:02:58 [INFO] [NETWORK] Starting server...
18:02:58 [INFO] [NETWORK] ✓ Listening on 0.0.0.0:9999
18:02:58 [INFO] 
======================================================================
18:02:58 [INFO] READY! Waiting for mobile connection...
18:02:58 [INFO] ======================================================================

18:03:03 [INFO] [NETWORK] ✓✓✓ Connected: ('192.168.100.14', 65280)
18:03:03 [INFO] [DISPLAY] ✓ Windows created
18:03:06 [INFO] [STATS] Frame   11 | FPS:  1.2 | Process:  62.9ms | Floor: ✗ | Hands: ✗ | Area: 0 pts
18:03:09 [INFO] [STATS] Frame   24 | FPS:  1.8 | Process:  62.2ms | Floor: ✗ | Hands: ✗ | Area: 0 pts
18:03:13 [INFO] [STATS] Frame   33 | FPS:  3.3 | Process:  62.5ms | Floor: ✗ | Hands: ✗ | Area: 0 pts
18:03:16 [INFO] [STATS] Frame   45 | FPS:  3.4 | Process:  62.3ms | Floor: ✗ | Hands: ✗ | Area: 0 pts
18:03:19 [INFO] [STATS] Frame   54 | FPS:  3.1 | Process:  62.1ms | Floor: ✗ | Hands: ✗ | Area: 0 pts
18:03:22 [INFO] [STATS] Frame   64 | FPS:  3.5 | Process:  61.8ms | Floor: ✗ | Hands: ✗ | Area: 0 pts
18:03:26 [INFO] [STATS] Frame   75 | FPS:  3.1 | Process:  61.6ms | Floor: ✗ | Hands: ✗ | Area: 0 pts
18:03:29 [INFO] [STATS] Frame   84 | FPS:  3.1 | Process:  60.7ms | Floor: ✗ | Hands: ✗ | Area: 0 pts
18:03:32 [INFO] [STATS] Frame   99 | FPS:  3.4 | Process:  60.4ms | Floor: ✗ | Hands: ✗ | Area: 0 pts
18:03:35 [INFO] [STATS] Frame  106 | FPS:  3.2 | Process:  60.4ms | Floor: ✗ | Hands: ✗ | Area: 0 pts
18:03:39 [INFO] [STATS] Frame  117 | FPS:  3.3 | Process:  60.4ms | Floor: ✗ | Hands: ✗ | Area: 0 pts
18:03:41 [INFO] 
[SERVER] Stopped by user
18:03:41 [INFO] 
[CLEANUP] Shutting down...
18:03:42 [INFO] [HANDS] Cleaned up
18:03:42 [INFO] [POSE] Cleaned up
18:03:42 [INFO] [STATS] Total frames: 128
18:03:42 [INFO] [STATS] Average FPS: 3.1
18:03:42 [INFO] [STATS] Average process: 60.3ms
18:03:42 [INFO] [STATS] Play area points: 0
18:03:42 [INFO] 
======================================================================
18:03:42 [INFO] Server shutdown complete
18:03:42 [INFO] ======================================================================
