00:08:50 [INFO] ======================================================================
00:08:50 [INFO] VR GUARDIAN SERVER v4.1 - WINDOWS COMPATIBLE
00:08:50 [INFO] ======================================================================
00:08:50 [INFO] [DEPTH] Loading MiDaS model...
00:08:53 [INFO] [DEPTH] Device: cuda
00:08:54 [INFO] [DEPTH] ✓ MiDaS ready!
00:08:54 [INFO] [FLOOR] ✓ Floor detector ready!
00:08:54 [INFO] [HANDS] Loading MediaPipe...
00:08:55 [INFO] [HANDS] ✓ MediaPipe version: 0.10.14
00:08:55 [INFO] [HANDS] ✓ Hand tracking ready!
00:08:55 [INFO] [HANDS] ✓ Pointing gesture detection enabled
00:08:55 [INFO] [POSE] Loading MediaPipe...
00:08:55 [INFO] [POSE] ✓ MediaPipe version: 0.10.14
00:08:55 [INFO] [POSE] ✓ Pose tracking ready!
00:08:55 [INFO] 
[FEATURES] Active:
00:08:55 [INFO]   [OK] Depth Estimation (MiDaS)
00:08:55 [INFO]   [OK] Floor Detection (RANSAC)
00:08:55 [INFO]   [OK] Hand Tracking (MediaPipe)
00:08:55 [INFO]   [OK] Pose Estimation (MediaPipe)
00:08:55 [INFO] 
00:08:55 [INFO] [NETWORK] Starting server...
00:08:55 [INFO] [NETWORK] ✓ Listening on 0.0.0.0:9999
00:08:55 [INFO] 
======================================================================
00:08:55 [INFO] READY! Waiting for mobile connection...
00:08:55 [INFO] ======================================================================

