17:02:05 [INFO] 
[INIT] Loading AI modules...
17:02:05 [INFO] [DEPTH] Loading MiDaS model...
17:02:08 [INFO] [DEPTH] Device: cuda
17:02:09 [INFO] [DEPTH] ✓ MiDaS ready!
17:02:09 [INFO] [FLOOR] ✓ Floor detector ready!
17:02:09 [INFO] [HANDS] Loading MediaPipe Hands...
17:02:09 [INFO] [HANDS] ✓ Hand tracker ready!
17:02:09 [INFO] [INIT] All modules loaded!
17:02:09 [INFO] [GPU] Using: CUDA
17:02:09 [INFO] [NETWORK] ✓ Listening on 0.0.0.0:9999
17:02:09 [INFO] 
======================================================================
17:02:09 [INFO] READY! Waiting for mobile connection...
17:02:09 [INFO] ======================================================================

17:02:16 [INFO] [NETWORK] ✓✓✓ Connected: ('192.168.100.13', 47902)
17:02:16 [INFO] 
[SYSTEM] All systems GO!
17:02:16 [INFO] [SYSTEM] Waiting for frames...

17:02:16 [INFO] [STATS] Frame    1 | FPS:   0.1 | Process:  22.6ms | Floor: NO | Hands: 0 | Area: 0 pts
17:02:16 [INFO] [DISPLAY] ✓ Windows created
17:02:18 [INFO] [STATS] Frame   27 | FPS:   2.2 | Process:  67.7ms | Floor: YES | Hands: 0 | Area: 0 pts
17:02:20 [INFO] [STATS] Frame   51 | FPS:  11.8 | Process:  79.4ms | Floor: YES | Hands: 0 | Area: 0 pts
17:02:22 [INFO] [STATS] Frame   83 | FPS:  15.5 | Process:  57.9ms | Floor: YES | Hands: 0 | Area: 0 pts
17:02:24 [INFO] [STATS] Frame  126 | FPS:  24.9 | Process:  34.2ms | Floor: YES | Hands: 0 | Area: 0 pts
17:02:26 [INFO] [AREA] Point 1 added
17:02:26 [INFO] [AREA] Point 2 added
17:02:26 [INFO] [STATS] Frame  179 | FPS:  24.0 | Process:  33.6ms | Floor: YES | Hands: 1 | Area: 2 pts
17:02:27 [INFO] [AREA] Point 3 added
17:02:28 [INFO] [STATS] Frame  219 | FPS:  19.2 | Process:  46.8ms | Floor: YES | Hands: 1 | Area: 3 pts
17:02:29 [INFO] [AREA] Point 4 added
17:02:29 [INFO] [AREA] Point 5 added
17:02:30 [INFO] [STATS] Frame  255 | FPS:  17.4 | Process:  51.6ms | Floor: YES | Hands: 1 | Area: 5 pts
17:02:32 [INFO] [STATS] Frame  285 | FPS:  14.4 | Process:  62.2ms | Floor: YES | Hands: 1 | Area: 5 pts
17:02:33 [INFO] [AREA] Point 6 added
17:02:35 [INFO] [STATS] Frame  315 | FPS:  14.1 | Process:  62.5ms | Floor: YES | Hands: 1 | Area: 6 pts
17:02:35 [INFO] [AREA] Point 7 added
17:02:35 [INFO] [AREA] Point 8 added
17:02:37 [INFO] [STATS] Frame  348 | FPS:  15.9 | Process:  54.0ms | Floor: YES | Hands: 0 | Area: 8 pts
17:02:38 [INFO] [AREA] Point 9 added
17:02:38 [INFO] [AREA] Point 10 added
17:02:39 [INFO] [AREA] Point 11 added
17:02:39 [INFO] [STATS] Frame  384 | FPS:  17.8 | Process:  51.6ms | Floor: YES | Hands: 1 | Area: 11 pts
17:02:39 [INFO] [AREA] Point 12 added
17:02:40 [INFO] [AREA] Point 13 added
17:02:40 [INFO] [AREA] Point 14 added
17:02:41 [INFO] [STATS] Frame  414 | FPS:  14.2 | Process:  63.8ms | Floor: YES | Hands: 0 | Area: 14 pts
17:02:43 [INFO] [STATS] Frame  453 | FPS:  21.0 | Process:  39.8ms | Floor: YES | Hands: 0 | Area: 14 pts
17:02:45 [INFO] [STATS] Frame  504 | FPS:  24.9 | Process:  34.2ms | Floor: YES | Hands: 0 | Area: 14 pts
17:02:47 [INFO] [STATS] Frame  560 | FPS:  27.4 | Process:  31.8ms | Floor: YES | Hands: 0 | Area: 14 pts
17:02:49 [INFO] [STATS] Frame  612 | FPS:  26.9 | Process:  33.3ms | Floor: YES | Hands: 0 | Area: 14 pts
17:02:51 [INFO] [STATS] Frame  669 | FPS:  26.5 | Process:  34.2ms | Floor: YES | Hands: 0 | Area: 14 pts
17:02:53 [INFO] [STATS] Frame  720 | FPS:  25.4 | Process:  35.4ms | Floor: YES | Hands: 0 | Area: 14 pts
17:02:55 [INFO] [STATS] Frame  766 | FPS:  22.9 | Process:  39.0ms | Floor: YES | Hands: 0 | Area: 14 pts
17:02:57 [INFO] [STATS] Frame  793 | FPS:  11.2 | Process:  66.6ms | Floor: YES | Hands: 0 | Area: 14 pts
17:02:59 [INFO] [STATS] Frame  819 | FPS:  12.7 | Process:  71.9ms | Floor: YES | Hands: 0 | Area: 14 pts
17:03:02 [INFO] [STATS] Frame  846 | FPS:  13.4 | Process:  70.2ms | Floor: YES | Hands: 0 | Area: 14 pts
17:03:04 [INFO] [STATS] Frame  874 | FPS:  13.3 | Process:  69.2ms | Floor: YES | Hands: 0 | Area: 14 pts
17:03:06 [INFO] [STATS] Frame  901 | FPS:  13.0 | Process:  70.3ms | Floor: YES | Hands: 0 | Area: 14 pts
17:03:08 [INFO] [STATS] Frame  927 | FPS:  12.8 | Process:  73.5ms | Floor: YES | Hands: 0 | Area: 14 pts
17:03:10 [INFO] [STATS] Frame  976 | FPS:  29.2 | Process:  29.7ms | Floor: YES | Hands: 0 | Area: 14 pts
17:03:12 [INFO] [STATS] Frame 1033 | FPS:  28.4 | Process:  29.5ms | Floor: YES | Hands: 0 | Area: 14 pts
17:03:14 [INFO] [STATS] Frame 1090 | FPS:  27.7 | Process:  30.9ms | Floor: YES | Hands: 0 | Area: 14 pts
17:03:16 [INFO] [STATS] Frame 1140 | FPS:  24.0 | Process:  36.6ms | Floor: YES | Hands: 0 | Area: 14 pts
17:03:18 [INFO] [STATS] Frame 1188 | FPS:  23.9 | Process:  36.6ms | Floor: YES | Hands: 0 | Area: 14 pts
17:03:20 [INFO] [STATS] Frame 1235 | FPS:  21.7 | Process:  40.8ms | Floor: YES | Hands: 0 | Area: 14 pts
17:03:22 [INFO] [STATS] Frame 1279 | FPS:  24.4 | Process:  36.7ms | Floor: YES | Hands: 0 | Area: 14 pts
17:03:24 [INFO] [STATS] Frame 1327 | FPS:  23.4 | Process:  38.2ms | Floor: YES | Hands: 0 | Area: 14 pts
17:03:26 [INFO] [STATS] Frame 1380 | FPS:  24.8 | Process:  35.1ms | Floor: YES | Hands: 0 | Area: 14 pts
17:03:28 [INFO] [STATS] Frame 1428 | FPS:  23.7 | Process:  35.7ms | Floor: YES | Hands: 0 | Area: 14 pts
17:03:30 [INFO] [STATS] Frame 1476 | FPS:  23.5 | Process:  37.3ms | Floor: YES | Hands: 0 | Area: 14 pts
17:03:32 [INFO] [STATS] Frame 1525 | FPS:  26.2 | Process:  34.3ms | Floor: YES | Hands: 0 | Area: 14 pts
17:03:34 [INFO] [STATS] Frame 1581 | FPS:  28.2 | Process:  30.8ms | Floor: YES | Hands: 0 | Area: 14 pts
17:03:36 [INFO] [STATS] Frame 1646 | FPS:  33.6 | Process:  24.3ms | Floor: YES | Hands: 0 | Area: 14 pts
17:03:38 [INFO] [STATS] Frame 1707 | FPS:  28.8 | Process:  30.4ms | Floor: YES | Hands: 0 | Area: 14 pts
17:03:40 [INFO] [STATS] Frame 1741 | FPS:  16.2 | Process:  56.8ms | Floor: YES | Hands: 0 | Area: 14 pts
17:03:42 [INFO] [STATS] Frame 1770 | FPS:  14.5 | Process:  64.5ms | Floor: YES | Hands: 0 | Area: 14 pts
17:03:44 [INFO] [STATS] Frame 1798 | FPS:  13.6 | Process:  68.3ms | Floor: YES | Hands: 0 | Area: 14 pts
17:03:46 [INFO] [STATS] Frame 1827 | FPS:  14.2 | Process:  64.9ms | Floor: YES | Hands: 0 | Area: 14 pts
17:03:48 [INFO] [STATS] Frame 1865 | FPS:  18.8 | Process:  49.0ms | Floor: YES | Hands: 0 | Area: 14 pts
17:03:50 [INFO] [STATS] Frame 1901 | FPS:  17.3 | Process:  52.4ms | Floor: YES | Hands: 0 | Area: 14 pts
17:03:52 [INFO] [STATS] Frame 1936 | FPS:  18.4 | Process:  49.8ms | Floor: YES | Hands: 0 | Area: 14 pts
17:03:54 [INFO] [STATS] Frame 1966 | FPS:  14.8 | Process:  62.2ms | Floor: YES | Hands: 0 | Area: 14 pts
17:03:56 [INFO] [STATS] Frame 1999 | FPS:  17.0 | Process:  54.3ms | Floor: YES | Hands: 0 | Area: 14 pts
17:03:58 [INFO] [STATS] Frame 2046 | FPS:  23.1 | Process:  38.4ms | Floor: YES | Hands: 0 | Area: 14 pts
17:04:00 [INFO] [STATS] Frame 2093 | FPS:  23.0 | Process:  38.6ms | Floor: YES | Hands: 0 | Area: 14 pts
17:04:02 [INFO] [STATS] Frame 2138 | FPS:  21.8 | Process:  41.0ms | Floor: YES | Hands: 0 | Area: 14 pts
17:04:04 [INFO] [STATS] Frame 2172 | FPS:  16.4 | Process:  56.0ms | Floor: YES | Hands: 0 | Area: 14 pts
17:04:06 [INFO] [STATS] Frame 2201 | FPS:  14.2 | Process:  64.5ms | Floor: YES | Hands: 0 | Area: 14 pts
17:04:08 [INFO] [STATS] Frame 2229 | FPS:  14.1 | Process:  65.4ms | Floor: YES | Hands: 0 | Area: 14 pts
17:04:11 [INFO] [STATS] Frame 2256 | FPS:  12.9 | Process:  71.8ms | Floor: YES | Hands: 0 | Area: 14 pts
17:04:12 [ERROR] [NETWORK] Send error: [WinError 10054] An existing connection was forcibly closed by the remote host
17:04:12 [ERROR] [NETWORK] Receive error: [WinError 10054] An existing connection was forcibly closed by the remote host
17:04:12 [WARNING] [NETWORK] Connection lost
17:04:12 [INFO] 
[CLEANUP] Shutting down...
17:04:12 [INFO] 
[FINAL STATS]
17:04:12 [INFO]   Total frames: 2281
17:04:12 [INFO]   Final FPS: 13.1
17:04:12 [INFO]   Play area points: 14
17:04:12 [INFO] 
[SUCCESS] Good FPS!
17:04:12 [INFO] 
================================================================================
17:04:12 [INFO] Server shutdown complete
17:04:12 [INFO] ================================================================================
