12:23:54 [INFO] ======================================================================
12:23:54 [INFO] VR GUARDIAN SERVER v4.2 - COMPLETE SYSTEM
12:23:54 [INFO] ======================================================================
12:23:54 [INFO] [DEPTH] Loading MiDaS model...
12:23:58 [INFO] [DEPTH] Device: cuda
12:24:00 [INFO] [DEPTH] ✓ MiDaS ready!
12:24:00 [INFO] [FLOOR] ✓ Floor detector ready!
12:24:00 [INFO] [HANDS] Loading MediaPipe...
12:24:01 [INFO] [HANDS] ✓ MediaPipe version: 0.10.14
12:24:01 [INFO] [HANDS] ✓ Hand tracking ready!
12:24:01 [INFO] [HANDS] ✓ Pointing gesture detection enabled
12:24:01 [INFO] [POSE] Loading MediaPipe...
12:24:01 [INFO] [POSE] ✓ MediaPipe version: 0.10.14
12:24:03 [INFO] [POSE] ✓ Pose tracking ready!
12:24:03 [INFO] 
[FEATURES] Active:
12:24:03 [INFO]   [OK] Depth Estimation (MiDaS)
12:24:03 [INFO]   [OK] Floor Detection (RANSAC)
12:24:03 [INFO]   [OK] Hand Tracking (MediaPipe)
12:24:03 [INFO]   [OK] Pose Estimation (MediaPipe)
12:24:03 [INFO] 
12:24:03 [INFO] [NETWORK] Starting server...
12:24:03 [INFO] [NETWORK] ✓ Listening on 0.0.0.0:9999
12:24:03 [INFO] 
======================================================================
12:24:03 [INFO] READY! Waiting for mobile connection...
12:24:03 [INFO] ======================================================================

12:24:03 [INFO] [NETWORK] ✓✓✓ Connected: ('192.168.100.13', 50114)
12:24:11 [INFO] [STATS] Frame    2 | FPS:  0.2 | Process: 3828.8ms | Floor: ✓ | Hands: ✗ | Area: 0 pts
12:24:13 [INFO] [DISPLAY] ✓ Windows created
12:24:15 [INFO] [STATS] Frame    8 | FPS:  0.4 | Process: 1946.4ms | Floor: ✓ | Hands: ✗ | Area: 0 pts
12:24:18 [INFO] [STATS] Frame   37 | FPS:  8.1 | Process: 861.6ms | Floor: ✓ | Hands: ✗ | Area: 0 pts
12:24:22 [INFO] [STATS] Frame   72 | FPS: 10.8 | Process: 530.3ms | Floor: ✓ | Hands: ✗ | Area: 0 pts
12:24:25 [INFO] [STATS] Frame  103 | FPS: 10.0 | Process: 420.0ms | Floor: ✓ | Hands: ✗ | Area: 0 pts
12:24:27 [INFO] [AREA] Point added: 1
12:24:28 [INFO] [STATS] Frame  119 | FPS:  7.0 | Process: 148.0ms | Floor: ✓ | Hands: ✓ | Area: 1 pts
12:24:31 [INFO] [STATS] Frame  129 | FPS:  4.8 | Process:  87.2ms | Floor: ✓ | Hands: ✗ | Area: 1 pts
12:24:36 [INFO] [STATS] Frame  137 | FPS:  4.4 | Process:  88.6ms | Floor: ✓ | Hands: ✗ | Area: 1 pts
12:24:39 [INFO] [STATS] Frame  152 | FPS:  2.7 | Process:  88.9ms | Floor: ✓ | Hands: ✓ | Area: 1 pts
12:24:42 [INFO] [AREA] Point added: 2
12:24:42 [INFO] [STATS] Frame  182 | FPS:  9.6 | Process:  91.1ms | Floor: ✓ | Hands: ✓ | Area: 2 pts
12:24:43 [INFO] [AREA] Point added: 3
12:24:43 [INFO] [AREA] Point added: 4
12:24:43 [INFO] [AREA] ✓ Play area complete!
12:24:45 [INFO] [AREA] Point added: 5
12:24:45 [INFO] [AREA] ✓ Play area complete!
12:24:45 [INFO] [STATS] Frame  214 | FPS: 10.5 | Process:  91.7ms | Floor: ✓ | Hands: ✓ | Area: 5 pts
12:24:48 [INFO] [STATS] Frame  244 | FPS: 10.2 | Process:  94.2ms | Floor: ✓ | Hands: ✓ | Area: 5 pts
12:24:50 [INFO] [AREA] Point added: 6
12:24:50 [INFO] [AREA] ✓ Play area complete!
12:24:50 [INFO] [AREA] Point added: 7
12:24:50 [INFO] [AREA] ✓ Play area complete!
12:24:52 [INFO] [AREA] Point added: 8
12:24:52 [INFO] [AREA] ✓ Play area complete!
12:24:52 [INFO] [STATS] Frame  260 | FPS:  7.4 | Process:  94.0ms | Floor: ✓ | Hands: ✓ | Area: 8 pts
12:24:58 [INFO] [STATS] Frame  262 | FPS:  6.5 | Process:  94.0ms | Floor: ✓ | Hands: ✓ | Area: 8 pts
12:25:01 [INFO] [STATS] Frame  270 | FPS:  2.3 | Process:  94.2ms | Floor: ✓ | Hands: ✗ | Area: 8 pts
12:25:04 [INFO] [STATS] Frame  295 | FPS:  6.7 | Process:  92.1ms | Floor: ✓ | Hands: ✗ | Area: 8 pts
12:25:08 [INFO] [STATS] Frame  321 | FPS:  9.0 | Process:  92.2ms | Floor: ✓ | Hands: ✗ | Area: 8 pts
12:25:11 [INFO] [STATS] Frame  344 | FPS:  9.4 | Process:  90.1ms | Floor: ✓ | Hands: ✓ | Area: 8 pts
12:25:14 [INFO] [STATS] Frame  353 | FPS:  5.1 | Process:  88.8ms | Floor: ✓ | Hands: ✓ | Area: 8 pts
12:25:17 [INFO] [STATS] Frame  371 | FPS:  4.2 | Process:  89.4ms | Floor: ✓ | Hands: ✗ | Area: 8 pts
12:25:20 [INFO] [STATS] Frame  387 | FPS:  5.2 | Process:  90.1ms | Floor: ✓ | Hands: ✓ | Area: 8 pts
12:25:21 [INFO] [AREA] Point added: 9
12:25:21 [INFO] [AREA] ✓ Play area complete!
12:25:22 [INFO] [AREA] Point added: 10
12:25:22 [INFO] [AREA] ✓ Play area complete!
12:25:23 [INFO] [STATS] Frame  404 | FPS:  5.2 | Process:  92.6ms | Floor: ✓ | Hands: ✗ | Area: 10 pts
12:25:26 [INFO] [STATS] Frame  427 | FPS:  7.2 | Process:  91.7ms | Floor: ✓ | Hands: ✗ | Area: 10 pts
12:25:32 [INFO] [STATS] Frame  440 | FPS:  6.6 | Process: 152.5ms | Floor: ✓ | Hands: ✗ | Area: 10 pts
12:25:36 [INFO] [STATS] Frame  452 | FPS:  3.3 | Process: 272.1ms | Floor: ✓ | Hands: ✗ | Area: 10 pts
12:25:39 [INFO] 
[SERVER] Stopped by user
12:25:39 [INFO] 
[CLEANUP] Shutting down...
12:25:39 [INFO] [HANDS] Cleaned up
12:25:39 [INFO] [POSE] Cleaned up
12:25:39 [INFO] [STATS] Total frames: 456
12:25:39 [INFO] [STATS] Average FPS: 3.0
12:25:39 [INFO] [STATS] Average process: 272.1ms
12:25:39 [INFO] [STATS] Play area points: 10
12:25:39 [INFO] 
======================================================================
12:25:39 [INFO] Server shutdown complete
12:25:39 [INFO] ======================================================================
