18:00:13 [INFO] ======================================================================
18:00:13 [INFO] VR GUARDIAN SERVER v4.2 - COMPLETE SYSTEM
18:00:13 [INFO] ======================================================================
18:00:13 [INFO] [DEPTH] Loading MiDaS model...
18:00:17 [INFO] [DEPTH] Device: cuda
18:00:18 [INFO] [DEPTH] ✓ MiDaS ready!
18:00:18 [INFO] [FLOOR] ✓ Floor detector ready!
18:00:18 [INFO] [HANDS] Loading MediaPipe...
18:00:19 [INFO] [HANDS] ✓ MediaPipe version: 0.10.14
18:00:19 [INFO] [HANDS] ✓ Hand tracking ready!
18:00:19 [INFO] [HANDS] ✓ Pointing gesture detection enabled
18:00:19 [INFO] [POSE] Loading MediaPipe...
18:00:19 [INFO] [POSE] ✓ MediaPipe version: 0.10.14
18:00:19 [INFO] [POSE] ✓ Pose tracking ready!
18:00:19 [INFO] 
[FEATURES] Active:
18:00:19 [INFO]   [OK] Depth Estimation (MiDaS)
18:00:19 [INFO]   [OK] Floor Detection (RANSAC)
18:00:19 [INFO]   [OK] Hand Tracking (MediaPipe)
18:00:19 [INFO]   [OK] Pose Estimation (MediaPipe)
18:00:19 [INFO] 
18:00:19 [INFO] [NETWORK] Starting server...
18:00:19 [INFO] [NETWORK] ✓ Listening on 0.0.0.0:9999
18:00:19 [INFO] 
======================================================================
18:00:19 [INFO] READY! Waiting for mobile connection...
18:00:19 [INFO] ======================================================================

18:00:19 [INFO] [NETWORK] ✓✓✓ Connected: ('192.168.100.14', 60194)
18:00:21 [INFO] [DISPLAY] ✓ Windows created
18:00:22 [INFO] [STATS] Frame    8 | FPS:  0.9 | Process: 466.7ms | Floor: ✓ | Hands: ✗ | Area: 0 pts
18:00:26 [INFO] [STATS] Frame   22 | FPS:  1.8 | Process: 329.4ms | Floor: ✓ | Hands: ✗ | Area: 0 pts
18:00:29 [INFO] [STATS] Frame   35 | FPS:  4.3 | Process: 266.6ms | Floor: ✓ | Hands: ✗ | Area: 0 pts
18:00:32 [INFO] [STATS] Frame   48 | FPS:  4.0 | Process: 273.1ms | Floor: ✓ | Hands: ✗ | Area: 0 pts
18:00:41 [INFO] [STATS] Frame   59 | FPS:  4.1 | Process: 271.2ms | Floor: ✓ | Hands: ✗ | Area: 0 pts
18:00:45 [INFO] [STATS] Frame   68 | FPS:  2.3 | Process: 260.6ms | Floor: ✓ | Hands: ✗ | Area: 0 pts
18:00:49 [INFO] [STATS] Frame   79 | FPS:  1.9 | Process: 270.7ms | Floor: ✓ | Hands: ✗ | Area: 0 pts
18:00:52 [INFO] [STATS] Frame   92 | FPS:  2.9 | Process: 277.9ms | Floor: ✓ | Hands: ✗ | Area: 0 pts
18:00:55 [INFO] [STATS] Frame  104 | FPS:  3.6 | Process: 276.0ms | Floor: ✓ | Hands: ✗ | Area: 0 pts
18:00:59 [INFO] [STATS] Frame  112 | FPS:  3.3 | Process: 271.9ms | Floor: ✓ | Hands: ✗ | Area: 0 pts
18:01:02 [INFO] [STATS] Frame  123 | FPS:  3.1 | Process: 230.7ms | Floor: ✓ | Hands: ✗ | Area: 0 pts
18:01:05 [INFO] [STATS] Frame  136 | FPS:  3.3 | Process: 257.1ms | Floor: ✓ | Hands: ✗ | Area: 0 pts
18:01:08 [INFO] [STATS] Frame  151 | FPS:  4.3 | Process: 279.2ms | Floor: ✓ | Hands: ✗ | Area: 0 pts
18:01:12 [INFO] [STATS] Frame  161 | FPS:  4.2 | Process: 280.7ms | Floor: ✓ | Hands: ✗ | Area: 0 pts
18:01:15 [INFO] [STATS] Frame  175 | FPS:  4.0 | Process: 282.2ms | Floor: ✓ | Hands: ✗ | Area: 0 pts
18:01:18 [INFO] [STATS] Frame  184 | FPS:  3.7 | Process: 312.4ms | Floor: ✓ | Hands: ✗ | Area: 0 pts
18:01:21 [INFO] [STATS] Frame  194 | FPS:  3.5 | Process: 347.9ms | Floor: ✓ | Hands: ✗ | Area: 0 pts
18:01:24 [INFO] [STATS] Frame  204 | FPS:  3.1 | Process: 351.0ms | Floor: ✓ | Hands: ✗ | Area: 0 pts
18:01:28 [INFO] [STATS] Frame  217 | FPS:  3.3 | Process: 360.1ms | Floor: ✓ | Hands: ✗ | Area: 0 pts
18:01:32 [INFO] [STATS] Frame  228 | FPS:  3.6 | Process: 443.0ms | Floor: ✓ | Hands: ✗ | Area: 0 pts
18:01:35 [INFO] [STATS] Frame  240 | FPS:  3.5 | Process: 477.7ms | Floor: ✓ | Hands: ✗ | Area: 0 pts
18:01:38 [INFO] [STATS] Frame  252 | FPS:  3.7 | Process: 478.3ms | Floor: ✓ | Hands: ✗ | Area: 0 pts
18:01:42 [INFO] [STATS] Frame  260 | FPS:  3.4 | Process: 485.8ms | Floor: ✓ | Hands: ✗ | Area: 0 pts
18:01:45 [INFO] [STATS] Frame  272 | FPS:  3.3 | Process: 486.0ms | Floor: ✓ | Hands: ✗ | Area: 0 pts
18:01:50 [INFO] [STATS] Frame  284 | FPS:  3.3 | Process: 566.5ms | Floor: ✓ | Hands: ✗ | Area: 0 pts
18:01:54 [INFO] [STATS] Frame  292 | FPS:  2.8 | Process: 662.4ms | Floor: ✓ | Hands: ✗ | Area: 0 pts
18:02:00 [INFO] [STATS] Frame  300 | FPS:  2.3 | Process: 822.7ms | Floor: ✓ | Hands: ✗ | Area: 0 pts
18:02:03 [INFO] [STATS] Frame  308 | FPS:  2.0 | Process: 882.9ms | Floor: ✓ | Hands: ✗ | Area: 0 pts
18:02:07 [INFO] [STATS] Frame  336 | FPS:  6.0 | Process: 892.7ms | Floor: ✓ | Hands: ✗ | Area: 0 pts
18:02:10 [INFO] [STATS] Frame  360 | FPS:  7.2 | Process: 784.9ms | Floor: ✓ | Hands: ✗ | Area: 0 pts
18:02:12 [WARNING] [NETWORK] Connection lost
18:02:12 [INFO] 
[CLEANUP] Shutting down...
18:02:12 [INFO] [HANDS] Cleaned up
18:02:12 [INFO] [POSE] Cleaned up
18:02:12 [INFO] [STATS] Total frames: 364
18:02:12 [INFO] [STATS] Average FPS: 5.7
18:02:12 [INFO] [STATS] Average process: 783.1ms
18:02:12 [INFO] [STATS] Play area points: 0
18:02:12 [INFO] 
[SUCCESS] ✓ System performed well!
18:02:12 [INFO] 
======================================================================
18:02:12 [INFO] Server shutdown complete
18:02:12 [INFO] ======================================================================
