18:04:41 [INFO] ======================================================================
18:04:41 [INFO] VR GUARDIAN SERVER v4.2 - COMPLETE SYSTEM
18:04:41 [INFO] ======================================================================
18:04:41 [INFO] [DEPTH] Loading MiDaS model...
18:04:46 [INFO] [DEPTH] Device: cuda
18:04:47 [INFO] [DEPTH] ✓ MiDaS ready!
18:04:47 [INFO] [FLOOR] ✓ Floor detector ready!
18:04:47 [INFO] [HANDS] Loading MediaPipe...
18:04:48 [INFO] [HANDS] ✓ MediaPipe version: 0.10.14
18:04:48 [INFO] [HANDS] ✓ Hand tracking ready!
18:04:48 [INFO] [HANDS] ✓ Pointing gesture detection enabled
18:04:48 [INFO] [POSE] Loading MediaPipe...
18:04:48 [INFO] [POSE] ✓ MediaPipe version: 0.10.14
18:04:48 [INFO] [POSE] ✓ Pose tracking ready!
18:04:48 [INFO] 
[FEATURES] Active:
18:04:48 [INFO]   [OK] Depth Estimation (MiDaS)
18:04:48 [INFO]   [OK] Floor Detection (RANSAC)
18:04:48 [INFO]   [OK] Hand Tracking (MediaPipe)
18:04:48 [INFO]   [OK] Pose Estimation (MediaPipe)
18:04:48 [INFO] 
18:04:48 [INFO] [NETWORK] Starting server...
18:04:48 [INFO] [NETWORK] ✓ Listening on 0.0.0.0:9999
18:04:48 [INFO] 
======================================================================
18:04:48 [INFO] READY! Waiting for mobile connection...
18:04:48 [INFO] ======================================================================

18:04:48 [INFO] [NETWORK] ✓✓✓ Connected: ('192.168.100.14', 55510)
18:04:50 [INFO] [DISPLAY] ✓ Windows created
18:04:52 [INFO] [STATS] Frame   11 | FPS:  1.0 | Process: 334.6ms | Floor: ✓ | Hands: ✗ | Area: 0 pts
18:04:55 [INFO] [STATS] Frame   21 | FPS:  1.5 | Process: 312.4ms | Floor: ✓ | Hands: ✗ | Area: 0 pts
18:04:58 [INFO] [STATS] Frame   32 | FPS:  3.3 | Process: 295.8ms | Floor: ✓ | Hands: ✗ | Area: 0 pts
18:05:02 [INFO] [STATS] Frame   44 | FPS:  3.5 | Process: 290.8ms | Floor: ✓ | Hands: ✗ | Area: 0 pts
18:05:05 [INFO] [STATS] Frame   52 | FPS:  3.3 | Process: 276.1ms | Floor: ✓ | Hands: ✗ | Area: 0 pts
18:05:08 [INFO] [STATS] Frame   63 | FPS:  3.2 | Process: 257.2ms | Floor: ✓ | Hands: ✗ | Area: 0 pts
18:05:11 [INFO] [STATS] Frame   72 | FPS:  2.9 | Process: 248.4ms | Floor: ✓ | Hands: ✗ | Area: 0 pts
18:05:15 [INFO] [STATS] Frame   85 | FPS:  3.4 | Process: 229.1ms | Floor: ✓ | Hands: ✗ | Area: 0 pts
18:05:18 [INFO] [STATS] Frame   95 | FPS:  3.1 | Process: 235.0ms | Floor: ✓ | Hands: ✗ | Area: 0 pts
18:05:24 [INFO] [STATS] Frame  100 | FPS:  2.9 | Process: 420.4ms | Floor: ✓ | Hands: ✗ | Area: 0 pts
18:05:28 [INFO] [STATS] Frame  108 | FPS:  2.4 | Process: 505.5ms | Floor: ✓ | Hands: ✗ | Area: 0 pts
18:05:31 [INFO] [STATS] Frame  116 | FPS:  1.9 | Process: 590.4ms | Floor: ✓ | Hands: ✗ | Area: 0 pts
18:05:34 [INFO] [STATS] Frame  140 | FPS:  5.8 | Process: 583.5ms | Floor: ✓ | Hands: ✗ | Area: 0 pts
18:05:36 [INFO] 
[SERVER] Stopped by user
18:05:36 [INFO] 
[CLEANUP] Shutting down...
18:05:36 [INFO] [HANDS] Cleaned up
18:05:36 [INFO] [POSE] Cleaned up
18:05:36 [INFO] [STATS] Total frames: 147
18:05:36 [INFO] [STATS] Average FPS: 6.4
18:05:36 [INFO] [STATS] Average process: 585.3ms
18:05:36 [INFO] [STATS] Play area points: 0
18:05:36 [INFO] 
[SUCCESS] ✓ System performed well!
18:05:36 [INFO] 
======================================================================
18:05:36 [INFO] Server shutdown complete
18:05:36 [INFO] ======================================================================
